[0.043s] Invoking command in '/home/kraken/snappyNano/src/build/rviz_assimp_vendor': CMAKE_PREFIX_PATH=/opt/ros/humble /usr/bin/cmake /home/kraken/snappyNano/src/rviz/rviz_assimp_vendor -DCMAKE_INSTALL_PREFIX=/home/kraken/snappyNano/src/install/rviz_assimp_vendor
[0.074s] -- Found ament_cmake: 1.3.12 (/opt/ros/humble/share/ament_cmake/cmake)
[0.380s] -- Found Python3: /usr/bin/python3 (found version "3.10.12") found components: Interpreter 
[0.569s] [31mCMake Error at CMakeLists.txt:5 (find_package):
[0.569s]   By not providing "Findament_cmake_vendor_package.cmake" in
[0.570s]   CMAKE_MODULE_PATH this project has asked CMake to find a package
[0.570s]   configuration file provided by "ament_cmake_vendor_package", but CMake did
[0.570s]   not find one.
[0.570s] 
[0.570s]   Could not find a package configuration file provided by
[0.570s]   "ament_cmake_vendor_package" with any of the following names:
[0.570s] 
[0.570s]     ament_cmake_vendor_packageConfig.cmake
[0.570s]     ament_cmake_vendor_package-config.cmake
[0.570s] 
[0.571s]   Add the installation prefix of "ament_cmake_vendor_package" to
[0.571s]   CMAKE_PREFIX_PATH or set "ament_cmake_vendor_package_DIR" to a directory
[0.571s]   containing one of the above files.  If "ament_cmake_vendor_package"
[0.571s]   provides a separate development package or SDK, be sure it has been
[0.571s]   installed.
[0.571s] 
[0.571s] [0m
[0.571s] -- Configuring incomplete, errors occurred!
[0.571s] See also "/home/kraken/snappyNano/src/build/rviz_assimp_vendor/CMakeFiles/CMakeOutput.log".
