[0.033s] Invoking command in '/home/kraken/snappyNano/src/build/rviz_resource_interfaces': CMAKE_PREFIX_PATH=/opt/ros/humble /usr/bin/cmake /home/kraken/snappyNano/src/rviz/rviz_resource_interfaces -DAMENT_CMAKE_SYMLINK_INSTALL=1 -DCMAKE_INSTALL_PREFIX=/home/kraken/snappyNano/src/install/rviz_resource_interfaces
[0.051s] -- Found ament_cmake: 1.3.12 (/opt/ros/humble/share/ament_cmake/cmake)
[0.309s] -- Override CMake install command with custom implementation using symlinks instead of copying resources
[0.323s] -- Found rosidl_default_generators: 1.2.0 (/opt/ros/humble/share/rosidl_default_generators/cmake)
[0.325s] -- Using all available rosidl_typesupport_c: rosidl_typesupport_fastrtps_c;rosidl_typesupport_introspection_c
[0.330s] -- Found rosidl_adapter: 3.1.7 (/opt/ros/humble/share/rosidl_adapter/cmake)
[0.383s] -- Using all available rosidl_typesupport_cpp: rosidl_typesupport_fastrtps_cpp;rosidl_typesupport_introspection_cpp
[0.954s] -- Found ament_cmake_ros: 0.10.0 (/opt/ros/humble/share/ament_cmake_ros/cmake)
[1.296s] -- Using all available rosidl_typesupport_c: rosidl_typesupport_fastrtps_c;rosidl_typesupport_introspection_c
[1.781s] -- Using all available rosidl_typesupport_cpp: rosidl_typesupport_fastrtps_cpp;rosidl_typesupport_introspection_cpp
[1.841s] -- Found python_cmake_module: 0.10.0 (/opt/ros/humble/share/python_cmake_module/cmake)
[1.875s] -- Using PYTHON_EXECUTABLE: /usr/bin/python3
[1.876s] -- Using PYTHON_INCLUDE_DIRS: /usr/include/python3.10
[1.876s] -- Using PYTHON_LIBRARIES: /usr/lib/x86_64-linux-gnu/libpython3.10.so
[1.910s] -- Configuring done
[1.954s] -- Generating done
[1.980s] -- Build files have been written to: /home/kraken/snappyNano/src/build/rviz_resource_interfaces
[1.994s] Invoked command in '/home/kraken/snappyNano/src/build/rviz_resource_interfaces' returned '0': CMAKE_PREFIX_PATH=/opt/ros/humble /usr/bin/cmake /home/kraken/snappyNano/src/rviz/rviz_resource_interfaces -DAMENT_CMAKE_SYMLINK_INSTALL=1 -DCMAKE_INSTALL_PREFIX=/home/kraken/snappyNano/src/install/rviz_resource_interfaces
[1.997s] Invoking command in '/home/kraken/snappyNano/src/build/rviz_resource_interfaces': CMAKE_PREFIX_PATH=/opt/ros/humble /usr/bin/cmake --build /home/kraken/snappyNano/src/build/rviz_resource_interfaces -- -j14 -l14
[2.081s] [35m[1mConsolidate compiler generated dependencies of target rviz_resource_interfaces__rosidl_generator_c[0m
[2.096s] [  3%] Built target rviz_resource_interfaces__cpp
[2.098s] failed to create symbolic link '/home/kraken/snappyNano/src/build/rviz_resource_interfaces/ament_cmake_python/rviz_resource_interfaces/rviz_resource_interfaces' because existing path cannot be removed: Is a directory
[2.100s] gmake[2]: *** [CMakeFiles/ament_cmake_python_symlink_rviz_resource_interfaces.dir/build.make:70: CMakeFiles/ament_cmake_python_symlink_rviz_resource_interfaces] Error 1
[2.100s] gmake[1]: *** [CMakeFiles/Makefile2:421: CMakeFiles/ament_cmake_python_symlink_rviz_resource_interfaces.dir/all] Error 2
[2.100s] gmake[1]: *** Waiting for unfinished jobs....
[2.103s] [ 12%] Built target rviz_resource_interfaces__rosidl_generator_c
[2.115s] [35m[1mConsolidate compiler generated dependencies of target rviz_resource_interfaces__rosidl_typesupport_cpp[0m
[2.116s] [35m[1mConsolidate compiler generated dependencies of target rviz_resource_interfaces__rosidl_typesupport_introspection_cpp[0m
[2.117s] [35m[1mConsolidate compiler generated dependencies of target rviz_resource_interfaces__rosidl_typesupport_fastrtps_cpp[0m
[2.139s] [ 22%] Built target rviz_resource_interfaces__rosidl_typesupport_cpp
[2.140s] [ 41%] Built target rviz_resource_interfaces__rosidl_typesupport_fastrtps_cpp
[2.140s] [ 41%] Built target rviz_resource_interfaces__rosidl_typesupport_introspection_cpp
[2.145s] gmake: *** [Makefile:146: all] Error 2
[2.150s] Invoked command in '/home/kraken/snappyNano/src/build/rviz_resource_interfaces' returned '2': CMAKE_PREFIX_PATH=/opt/ros/humble /usr/bin/cmake --build /home/kraken/snappyNano/src/build/rviz_resource_interfaces -- -j14 -l14
