[0.015s] Invoking command in '/home/kraken/snappyNano/src/build/snappy_cpp': /usr/bin/cmake /home/kraken/snappyNano/src/snappy_cpp -DCMAKE_INSTALL_PREFIX=/home/kraken/snappyNano/src/install/snappy_cpp
[0.046s] [31mCMake Error at CMakeLists.txt:13 (find_package):
[0.047s]   By not providing "Findament_cmake.cmake" in CMAKE_MODULE_PATH this project
[0.047s]   has asked CMake to find a package configuration file provided by
[0.047s]   "ament_cmake", but CMake did not find one.
[0.047s] 
[0.047s]   Could not find a package configuration file provided by "ament_cmake" with
[0.047s]   any of the following names:
[0.047s] 
[0.048s]     ament_cmakeConfig.cmake
[0.048s]     ament_cmake-config.cmake
[0.048s] 
[0.048s]   Add the installation prefix of "ament_cmake" to CMAKE_PREFIX_PATH or set
[0.048s]   "ament_cmake_DIR" to a directory containing one of the above files.  If
[0.048s]   "ament_cmake" provides a separate development package or SDK, be sure it
[0.049s]   has been installed.
[0.049s] 
[0.049s] [0m
[0.049s] -- Configuring incomplete, errors occurred!
[0.050s] See also "/home/kraken/snappyNano/src/build/snappy_cpp/CMakeFiles/CMakeOutput.log".
[0.062s] Invoked command in '/home/kraken/snappyNano/src/build/snappy_cpp' returned '1': /usr/bin/cmake /home/kraken/snappyNano/src/snappy_cpp -DCMAKE_INSTALL_PREFIX=/home/kraken/snappyNano/src/install/snappy_cpp
