[0.019s] Invoking command in '/home/kraken/snappyNano/build/snappy_cpp': CMAKE_PREFIX_PATH=${CMAKE_PREFIX_PATH}:/opt/ros/humble /usr/bin/cmake /home/kraken/snappyNano/src/snappy_cpp -DCMAKE_INSTALL_PREFIX=/home/kraken/snappyNano/install/snappy_cpp
[0.122s] -- The C compiler identification is GNU 11.4.0
[0.247s] -- The CXX compiler identification is GNU 11.4.0
[0.256s] -- Detecting C compiler ABI info
[0.396s] -- Detecting C compiler ABI info - done
[0.413s] -- Check for working C compiler: /usr/bin/cc - skipped
[0.414s] -- Detecting C compile features
[0.415s] -- Detecting C compile features - done
[0.421s] -- Detecting CXX compiler ABI info
[0.587s] -- Detecting CXX compiler ABI info - done
[0.603s] -- Check for working CXX compiler: /usr/bin/c++ - skipped
[0.603s] -- Detecting CXX compile features
[0.604s] -- Detecting CXX compile features - done
[0.608s] -- Found ament_cmake: 1.3.12 (/opt/ros/humble/share/ament_cmake/cmake)
[0.856s] -- Found Python3: /usr/bin/python3 (found version "3.10.12") found components: Interpreter 
[0.991s] -- Found rclcpp: 16.0.14 (/opt/ros/humble/share/rclcpp/cmake)
[1.048s] -- Found rosidl_generator_c: 3.1.7 (/opt/ros/humble/share/rosidl_generator_c/cmake)
[1.053s] -- Found rosidl_adapter: 3.1.7 (/opt/ros/humble/share/rosidl_adapter/cmake)
[1.064s] -- Found rosidl_generator_cpp: 3.1.7 (/opt/ros/humble/share/rosidl_generator_cpp/cmake)
[1.081s] -- Using all available rosidl_typesupport_c: rosidl_typesupport_fastrtps_c;rosidl_typesupport_introspection_c
[1.102s] -- Using all available rosidl_typesupport_cpp: rosidl_typesupport_fastrtps_cpp;rosidl_typesupport_introspection_cpp
[1.168s] -- Found rmw_implementation_cmake: 6.1.2 (/opt/ros/humble/share/rmw_implementation_cmake/cmake)
[1.171s] -- Found rmw_fastrtps_cpp: 6.2.8 (/opt/ros/humble/share/rmw_fastrtps_cpp/cmake)
[1.308s] -- Found OpenSSL: /usr/lib/x86_64-linux-gnu/libcrypto.so (found version "3.0.2")  
[1.351s] -- Found FastRTPS: /opt/ros/humble/include  
[1.415s] -- Using RMW implementation 'rmw_fastrtps_cpp' as default
[1.425s] -- Looking for pthread.h
[1.560s] -- Looking for pthread.h - found
[1.562s] -- Performing Test CMAKE_HAVE_LIBC_PTHREAD
[1.706s] -- Performing Test CMAKE_HAVE_LIBC_PTHREAD - Success
[1.709s] -- Found Threads: TRUE  
[1.901s] [31mCMake Error at /opt/ros/humble/share/ament_cmake_core/cmake/core/ament_package_xml.cmake:53 (message):
[1.901s]   ament_package_xml() package name 'snappy_cpp' in '/package.xml' does not
[1.901s]   match current PROJECT_NAME 'cpp_pubsub'.  You must call project() with the
[1.901s]   same package name before.
[1.901s] Call Stack (most recent call first):
[1.901s]   /opt/ros/humble/share/ament_cmake_core/cmake/core/ament_package.cmake:63 (ament_package_xml)
[1.901s]   CMakeLists.txt:24 (ament_package)
[1.901s] 
[1.902s] [0m
[1.902s] [31mCMake Error at CMakeLists.txt:17 (add_executable):
[1.902s]   The target name "test" is reserved when CTest testing is enabled.
[1.902s] 
[1.902s] [0m
[1.902s] -- Configuring incomplete, errors occurred!
[1.902s] See also "/home/kraken/snappyNano/build/snappy_cpp/CMakeFiles/CMakeOutput.log".
[1.918s] Invoked command in '/home/kraken/snappyNano/build/snappy_cpp' returned '1': CMAKE_PREFIX_PATH=${CMAKE_PREFIX_PATH}:/opt/ros/humble /usr/bin/cmake /home/kraken/snappyNano/src/snappy_cpp -DCMAKE_INSTALL_PREFIX=/home/kraken/snappyNano/install/snappy_cpp
