[0.045s] Invoking command in '/home/kraken/snappyNano/src/build/snappy_cpp': CMAKE_PREFIX_PATH=/opt/ros/humble /usr/bin/cmake /home/kraken/snappyNano/src/snappy_cpp -DAMENT_CMAKE_SYMLINK_INSTALL=1 -DCMAKE_INSTALL_PREFIX=/home/kraken/snappyNano/src/install/snappy_cpp
[0.069s] -- Found ament_cmake: 1.3.12 (/opt/ros/humble/share/ament_cmake/cmake)
[0.352s] -- Override CMake install command with custom implementation using symlinks instead of copying resources
[0.365s] -- Found rclcpp: 16.0.14 (/opt/ros/humble/share/rclcpp/cmake)
[0.417s] -- Found rosidl_generator_c: 3.1.7 (/opt/ros/humble/share/rosidl_generator_c/cmake)
[0.422s] -- Found rosidl_adapter: 3.1.7 (/opt/ros/humble/share/rosidl_adapter/cmake)
[0.441s] -- Found rosidl_generator_cpp: 3.1.7 (/opt/ros/humble/share/rosidl_generator_cpp/cmake)
[0.452s] -- Using all available rosidl_typesupport_c: rosidl_typesupport_fastrtps_c;rosidl_typesupport_introspection_c
[0.474s] -- Using all available rosidl_typesupport_cpp: rosidl_typesupport_fastrtps_cpp;rosidl_typesupport_introspection_cpp
[0.539s] -- Found rmw_implementation_cmake: 6.1.2 (/opt/ros/humble/share/rmw_implementation_cmake/cmake)
[0.539s] -- Found rmw_fastrtps_cpp: 6.2.8 (/opt/ros/humble/share/rmw_fastrtps_cpp/cmake)
[0.744s] -- Using RMW implementation 'rmw_fastrtps_cpp' as default
[1.010s] -- Configuring done
[1.025s] -- Generating done
[1.032s] -- Build files have been written to: /home/kraken/snappyNano/src/build/snappy_cpp
[1.064s] Invoked command in '/home/kraken/snappyNano/src/build/snappy_cpp' returned '0': CMAKE_PREFIX_PATH=/opt/ros/humble /usr/bin/cmake /home/kraken/snappyNano/src/snappy_cpp -DAMENT_CMAKE_SYMLINK_INSTALL=1 -DCMAKE_INSTALL_PREFIX=/home/kraken/snappyNano/src/install/snappy_cpp
[1.065s] Invoking command in '/home/kraken/snappyNano/src/build/snappy_cpp': CMAKE_PREFIX_PATH=/opt/ros/humble /usr/bin/cmake --build /home/kraken/snappyNano/src/build/snappy_cpp -- -j14 -l14
[1.148s] [35m[1mConsolidate compiler generated dependencies of target helloWorld[0m
[1.177s] [ 50%] [32m[1mLinking CXX executable helloWorld[0m
[1.448s] [100%] Built target helloWorld
[1.468s] Invoked command in '/home/kraken/snappyNano/src/build/snappy_cpp' returned '0': CMAKE_PREFIX_PATH=/opt/ros/humble /usr/bin/cmake --build /home/kraken/snappyNano/src/build/snappy_cpp -- -j14 -l14
[1.472s] Invoking command in '/home/kraken/snappyNano/src/build/snappy_cpp': CMAKE_PREFIX_PATH=/opt/ros/humble /usr/bin/cmake --install /home/kraken/snappyNano/src/build/snappy_cpp
[1.486s] -- Install configuration: ""
[1.486s] -- Execute custom install script
[1.486s] -- Symlinking: /home/kraken/snappyNano/src/install/snappy_cpp/lib/snappy_cpp/helloWorld
[1.505s] -- Symlinking: /home/kraken/snappyNano/src/install/snappy_cpp/share/ament_index/resource_index/package_run_dependencies/snappy_cpp
[1.527s] -- Symlinking: /home/kraken/snappyNano/src/install/snappy_cpp/share/ament_index/resource_index/parent_prefix_path/snappy_cpp
[1.548s] -- Symlinking: /home/kraken/snappyNano/src/install/snappy_cpp/share/snappy_cpp/environment/ament_prefix_path.sh
[1.567s] -- Symlinking: /home/kraken/snappyNano/src/install/snappy_cpp/share/snappy_cpp/environment/ament_prefix_path.dsv
[1.581s] -- Symlinking: /home/kraken/snappyNano/src/install/snappy_cpp/share/snappy_cpp/environment/path.sh
[1.595s] -- Symlinking: /home/kraken/snappyNano/src/install/snappy_cpp/share/snappy_cpp/environment/path.dsv
[1.612s] -- Symlinking: /home/kraken/snappyNano/src/install/snappy_cpp/share/snappy_cpp/local_setup.bash
[1.640s] -- Symlinking: /home/kraken/snappyNano/src/install/snappy_cpp/share/snappy_cpp/local_setup.sh
[1.655s] -- Symlinking: /home/kraken/snappyNano/src/install/snappy_cpp/share/snappy_cpp/local_setup.zsh
[1.669s] -- Symlinking: /home/kraken/snappyNano/src/install/snappy_cpp/share/snappy_cpp/local_setup.dsv
[1.682s] -- Symlinking: /home/kraken/snappyNano/src/install/snappy_cpp/share/snappy_cpp/package.dsv
[1.703s] -- Symlinking: /home/kraken/snappyNano/src/install/snappy_cpp/share/ament_index/resource_index/packages/snappy_cpp
[1.726s] -- Symlinking: /home/kraken/snappyNano/src/install/snappy_cpp/share/snappy_cpp/cmake/snappy_cppConfig.cmake
[1.748s] -- Symlinking: /home/kraken/snappyNano/src/install/snappy_cpp/share/snappy_cpp/cmake/snappy_cppConfig-version.cmake
[1.767s] -- Symlinking: /home/kraken/snappyNano/src/install/snappy_cpp/share/snappy_cpp/package.xml
[1.787s] Invoked command in '/home/kraken/snappyNano/src/build/snappy_cpp' returned '0': CMAKE_PREFIX_PATH=/opt/ros/humble /usr/bin/cmake --install /home/kraken/snappyNano/src/build/snappy_cpp
