[0.027s] Invoking command in '/home/kraken/snappyNano/src/build/rviz_resource_interfaces': /usr/bin/cmake /home/kraken/snappyNano/src/rviz/rviz_resource_interfaces -DCMAKE_INSTALL_PREFIX=/home/kraken/snappyNano/src/install
[0.123s] -- The C compiler identification is GNU 11.4.0
[0.218s] -- The CXX compiler identification is GNU 11.4.0
[0.233s] -- Detecting C compiler ABI info
[0.364s] -- Detecting C compiler ABI info - done
[0.378s] -- Check for working C compiler: /usr/bin/cc - skipped
[0.378s] -- Detecting C compile features
[0.378s] -- Detecting C compile features - done
[0.384s] -- Detecting CXX compiler ABI info
[0.551s] -- Detecting CXX compiler ABI info - done
[0.564s] -- Check for working CXX compiler: /usr/bin/c++ - skipped
[0.564s] -- Detecting CXX compile features
[0.565s] -- Detecting CXX compile features - done
[0.585s] [31mCMake Error at CMakeLists.txt:9 (find_package):
[0.585s]   By not providing "Findament_cmake.cmake" in CMAKE_MODULE_PATH this project
[0.585s]   has asked CMake to find a package configuration file provided by
[0.585s]   "ament_cmake", but CMake did not find one.
[0.585s] 
[0.585s]   Could not find a package configuration file provided by "ament_cmake" with
[0.585s]   any of the following names:
[0.586s] 
[0.587s]     ament_cmakeConfig.cmake
[0.587s]     ament_cmake-config.cmake
[0.587s] 
[0.587s]   Add the installation prefix of "ament_cmake" to CMAKE_PREFIX_PATH or set
[0.587s]   "ament_cmake_DIR" to a directory containing one of the above files.  If
[0.588s]   "ament_cmake" provides a separate development package or SDK, be sure it
[0.588s]   has been installed.
[0.588s] 
[0.588s] [0m
[0.588s] -- Configuring incomplete, errors occurred!
[0.588s] See also "/home/kraken/snappyNano/src/build/rviz_resource_interfaces/CMakeFiles/CMakeOutput.log".
[0.595s] Invoked command in '/home/kraken/snappyNano/src/build/rviz_resource_interfaces' returned '1': /usr/bin/cmake /home/kraken/snappyNano/src/rviz/rviz_resource_interfaces -DCMAKE_INSTALL_PREFIX=/home/kraken/snappyNano/src/install
