[0.263s] DEBUG:colcon:Command line arguments: ['/usr/bin/colcon', 'build']
[0.264s] DEBUG:colcon:Parsed command line arguments: Namespace(log_base=None, log_level=None, verb_name='build', build_base='build', install_base='install', merge_install=False, symlink_install=False, test_result_base=None, continue_on_error=False, executor='parallel', parallel_workers=14, event_handlers=None, ignore_user_meta=False, metas=['./colcon.meta'], base_paths=['.'], packages_ignore=None, packages_ignore_regex=None, paths=None, packages_up_to=None, packages_up_to_regex=None, packages_above=None, packages_above_and_dependencies=None, packages_above_depth=None, packages_select_by_dep=None, packages_skip_by_dep=None, packages_skip_up_to=None, packages_select_build_failed=False, packages_skip_build_finished=False, packages_select_test_failures=False, packages_skip_test_passed=False, packages_select=None, packages_skip=None, packages_select_regex=None, packages_skip_regex=None, packages_start=None, packages_end=None, allow_overriding=[], cmake_args=None, cmake_target=None, cmake_target_skip_unavailable=False, cmake_clean_cache=False, cmake_clean_first=False, cmake_force_configure=False, ament_cmake_args=None, catkin_cmake_args=None, catkin_skip_building_tests=False, mixin_files=None, mixin=None, verb_parser=<colcon_mixin.mixin.mixin_argument.MixinArgumentDecorator object at 0x73d5fb169570>, verb_extension=<colcon_core.verb.build.BuildVerb object at 0x73d5fb169030>, main=<bound method BuildVerb.main of <colcon_core.verb.build.BuildVerb object at 0x73d5fb169030>>, mixin_verb=('build',))
[0.616s] Level 1:colcon.colcon_core.package_discovery:discover_packages(colcon_meta) check parameters
[0.616s] Level 1:colcon.colcon_core.package_discovery:discover_packages(recursive) check parameters
[0.616s] Level 1:colcon.colcon_core.package_discovery:discover_packages(ignore) check parameters
[0.616s] Level 1:colcon.colcon_core.package_discovery:discover_packages(path) check parameters
[0.616s] Level 1:colcon.colcon_core.package_discovery:discover_packages(colcon_meta) discover
[0.616s] Level 1:colcon.colcon_core.package_discovery:discover_packages(recursive) discover
[0.616s] INFO:colcon.colcon_core.package_discovery:Crawling recursively for packages in '/home/kraken/snappyNano/src'
[0.616s] Level 1:colcon.colcon_core.package_identification:_identify(.) by extensions ['ignore', 'ignore_ament_install']
[0.617s] Level 1:colcon.colcon_core.package_identification:_identify(.) by extension 'ignore'
[0.617s] Level 1:colcon.colcon_core.package_identification:_identify(.) by extension 'ignore_ament_install'
[0.617s] Level 1:colcon.colcon_core.package_identification:_identify(.) by extensions ['colcon_pkg']
[0.617s] Level 1:colcon.colcon_core.package_identification:_identify(.) by extension 'colcon_pkg'
[0.617s] Level 1:colcon.colcon_core.package_identification:_identify(.) by extensions ['colcon_meta']
[0.617s] Level 1:colcon.colcon_core.package_identification:_identify(.) by extension 'colcon_meta'
[0.617s] Level 1:colcon.colcon_core.package_identification:_identify(.) by extensions ['ros']
[0.617s] Level 1:colcon.colcon_core.package_identification:_identify(.) by extension 'ros'
[0.639s] Level 1:colcon.colcon_core.package_identification:_identify(.) by extensions ['cmake', 'python']
[0.640s] Level 1:colcon.colcon_core.package_identification:_identify(.) by extension 'cmake'
[0.640s] Level 1:colcon.colcon_core.package_identification:_identify(.) by extension 'python'
[0.640s] Level 1:colcon.colcon_core.package_identification:_identify(.) by extensions ['python_setup_py']
[0.640s] Level 1:colcon.colcon_core.package_identification:_identify(.) by extension 'python_setup_py'
[0.640s] Level 1:colcon.colcon_core.package_identification:_identify(build) by extensions ['ignore', 'ignore_ament_install']
[0.640s] Level 1:colcon.colcon_core.package_identification:_identify(build) by extension 'ignore'
[0.640s] Level 1:colcon.colcon_core.package_identification:_identify(build) ignored
[0.641s] Level 1:colcon.colcon_core.package_identification:_identify(install) by extensions ['ignore', 'ignore_ament_install']
[0.641s] Level 1:colcon.colcon_core.package_identification:_identify(install) by extension 'ignore'
[0.641s] Level 1:colcon.colcon_core.package_identification:_identify(install) ignored
[0.641s] Level 1:colcon.colcon_core.package_identification:_identify(log) by extensions ['ignore', 'ignore_ament_install']
[0.641s] Level 1:colcon.colcon_core.package_identification:_identify(log) by extension 'ignore'
[0.641s] Level 1:colcon.colcon_core.package_identification:_identify(log) ignored
[0.641s] Level 1:colcon.colcon_core.package_identification:_identify(snappy_cpp) by extensions ['ignore', 'ignore_ament_install']
[0.641s] Level 1:colcon.colcon_core.package_identification:_identify(snappy_cpp) by extension 'ignore'
[0.642s] Level 1:colcon.colcon_core.package_identification:_identify(snappy_cpp) by extension 'ignore_ament_install'
[0.642s] Level 1:colcon.colcon_core.package_identification:_identify(snappy_cpp) by extensions ['colcon_pkg']
[0.642s] Level 1:colcon.colcon_core.package_identification:_identify(snappy_cpp) by extension 'colcon_pkg'
[0.642s] Level 1:colcon.colcon_core.package_identification:_identify(snappy_cpp) by extensions ['colcon_meta']
[0.642s] Level 1:colcon.colcon_core.package_identification:_identify(snappy_cpp) by extension 'colcon_meta'
[0.642s] Level 1:colcon.colcon_core.package_identification:_identify(snappy_cpp) by extensions ['ros']
[0.642s] Level 1:colcon.colcon_core.package_identification:_identify(snappy_cpp) by extension 'ros'
[0.646s] DEBUG:colcon.colcon_core.package_identification:Package 'snappy_cpp' with type 'ros.ament_cmake' and name 'snappy_cpp'
[0.647s] Level 1:colcon.colcon_core.package_discovery:discover_packages(recursive) using defaults
[0.647s] Level 1:colcon.colcon_core.package_discovery:discover_packages(ignore) discover
[0.647s] Level 1:colcon.colcon_core.package_discovery:discover_packages(ignore) using defaults
[0.647s] Level 1:colcon.colcon_core.package_discovery:discover_packages(path) discover
[0.647s] Level 1:colcon.colcon_core.package_discovery:discover_packages(path) using defaults
[0.706s] Level 1:colcon.colcon_core.package_discovery:discover_packages(prefix_path) check parameters
[0.706s] Level 1:colcon.colcon_core.package_discovery:discover_packages(prefix_path) discover
[0.713s] DEBUG:colcon.colcon_installed_package_information.package_discovery:Found 287 installed packages in /opt/ros/humble
[0.715s] Level 1:colcon.colcon_core.package_discovery:discover_packages(prefix_path) using defaults
[0.768s] Level 5:colcon.colcon_core.verb:set package 'snappy_cpp' build argument 'cmake_args' from command line to 'None'
[0.768s] Level 5:colcon.colcon_core.verb:set package 'snappy_cpp' build argument 'cmake_target' from command line to 'None'
[0.768s] Level 5:colcon.colcon_core.verb:set package 'snappy_cpp' build argument 'cmake_target_skip_unavailable' from command line to 'False'
[0.768s] Level 5:colcon.colcon_core.verb:set package 'snappy_cpp' build argument 'cmake_clean_cache' from command line to 'False'
[0.768s] Level 5:colcon.colcon_core.verb:set package 'snappy_cpp' build argument 'cmake_clean_first' from command line to 'False'
[0.768s] Level 5:colcon.colcon_core.verb:set package 'snappy_cpp' build argument 'cmake_force_configure' from command line to 'False'
[0.768s] Level 5:colcon.colcon_core.verb:set package 'snappy_cpp' build argument 'ament_cmake_args' from command line to 'None'
[0.768s] Level 5:colcon.colcon_core.verb:set package 'snappy_cpp' build argument 'catkin_cmake_args' from command line to 'None'
[0.768s] Level 5:colcon.colcon_core.verb:set package 'snappy_cpp' build argument 'catkin_skip_building_tests' from command line to 'False'
[0.768s] DEBUG:colcon.colcon_core.verb:Building package 'snappy_cpp' with the following arguments: {'ament_cmake_args': None, 'build_base': '/home/kraken/snappyNano/src/build/snappy_cpp', 'catkin_cmake_args': None, 'catkin_skip_building_tests': False, 'cmake_args': None, 'cmake_clean_cache': False, 'cmake_clean_first': False, 'cmake_force_configure': False, 'cmake_target': None, 'cmake_target_skip_unavailable': False, 'install_base': '/home/kraken/snappyNano/src/install/snappy_cpp', 'merge_install': False, 'path': '/home/kraken/snappyNano/src/snappy_cpp', 'symlink_install': False, 'test_result_base': None}
[0.769s] INFO:colcon.colcon_core.executor:Executing jobs using 'parallel' executor
[0.770s] DEBUG:colcon.colcon_parallel_executor.executor.parallel:run_until_complete
[0.771s] INFO:colcon.colcon_ros.task.ament_cmake.build:Building ROS package in '/home/kraken/snappyNano/src/snappy_cpp' with build type 'ament_cmake'
[0.771s] INFO:colcon.colcon_cmake.task.cmake.build:Building CMake package in '/home/kraken/snappyNano/src/snappy_cpp'
[0.774s] INFO:colcon.colcon_core.plugin_system:Skipping extension 'colcon_core.shell.bat': Not used on non-Windows systems
[0.774s] INFO:colcon.colcon_core.shell:Skip shell extension 'powershell' for command environment: Not usable outside of PowerShell
[0.774s] DEBUG:colcon.colcon_core.shell:Skip shell extension 'dsv' for command environment
[0.790s] DEBUG:colcon.colcon_core.event_handler.log_command:Invoking command in '/home/kraken/snappyNano/src/build/snappy_cpp': CMAKE_PREFIX_PATH=/opt/ros/humble /usr/bin/cmake /home/kraken/snappyNano/src/snappy_cpp -DCMAKE_INSTALL_PREFIX=/home/kraken/snappyNano/src/install/snappy_cpp
[2.872s] DEBUG:colcon.colcon_core.event_handler.log_command:Invoked command in '/home/kraken/snappyNano/src/build/snappy_cpp' returned '0': CMAKE_PREFIX_PATH=/opt/ros/humble /usr/bin/cmake /home/kraken/snappyNano/src/snappy_cpp -DCMAKE_INSTALL_PREFIX=/home/kraken/snappyNano/src/install/snappy_cpp
[2.878s] DEBUG:colcon.colcon_core.event_handler.log_command:Invoking command in '/home/kraken/snappyNano/src/build/snappy_cpp': CMAKE_PREFIX_PATH=/opt/ros/humble /usr/bin/cmake --build /home/kraken/snappyNano/src/build/snappy_cpp -- -j14 -l14
[8.694s] DEBUG:colcon.colcon_core.event_handler.log_command:Invoked command in '/home/kraken/snappyNano/src/build/snappy_cpp' returned '0': CMAKE_PREFIX_PATH=/opt/ros/humble /usr/bin/cmake --build /home/kraken/snappyNano/src/build/snappy_cpp -- -j14 -l14
[8.722s] DEBUG:colcon.colcon_core.event_handler.log_command:Invoking command in '/home/kraken/snappyNano/src/build/snappy_cpp': CMAKE_PREFIX_PATH=/opt/ros/humble /usr/bin/cmake --install /home/kraken/snappyNano/src/build/snappy_cpp
[8.739s] Level 1:colcon.colcon_core.environment:create_environment_scripts_only(snappy_cpp)
[8.739s] DEBUG:colcon.colcon_core.event_handler.log_command:Invoked command in '/home/kraken/snappyNano/src/build/snappy_cpp' returned '0': CMAKE_PREFIX_PATH=/opt/ros/humble /usr/bin/cmake --install /home/kraken/snappyNano/src/build/snappy_cpp
[8.745s] Level 1:colcon.colcon_core.environment:checking '/home/kraken/snappyNano/src/install/snappy_cpp' for CMake module files
[8.746s] Level 1:colcon.colcon_core.environment:checking '/home/kraken/snappyNano/src/install/snappy_cpp' for CMake config files
[8.747s] Level 1:colcon.colcon_core.shell:create_environment_hook('snappy_cpp', 'cmake_prefix_path')
[8.748s] INFO:colcon.colcon_core.shell:Creating environment hook '/home/kraken/snappyNano/src/install/snappy_cpp/share/snappy_cpp/hook/cmake_prefix_path.ps1'
[8.750s] INFO:colcon.colcon_core.shell:Creating environment descriptor '/home/kraken/snappyNano/src/install/snappy_cpp/share/snappy_cpp/hook/cmake_prefix_path.dsv'
[8.751s] INFO:colcon.colcon_core.shell:Creating environment hook '/home/kraken/snappyNano/src/install/snappy_cpp/share/snappy_cpp/hook/cmake_prefix_path.sh'
[8.754s] Level 1:colcon.colcon_core.environment:checking '/home/kraken/snappyNano/src/install/snappy_cpp/lib'
[8.754s] Level 1:colcon.colcon_core.environment:checking '/home/kraken/snappyNano/src/install/snappy_cpp/bin'
[8.754s] Level 1:colcon.colcon_core.environment:checking '/home/kraken/snappyNano/src/install/snappy_cpp/lib/pkgconfig/snappy_cpp.pc'
[8.755s] Level 1:colcon.colcon_core.environment:checking '/home/kraken/snappyNano/src/install/snappy_cpp/lib/python3.10/site-packages'
[8.755s] Level 1:colcon.colcon_core.environment:checking '/home/kraken/snappyNano/src/install/snappy_cpp/bin'
[8.756s] INFO:colcon.colcon_core.shell:Creating package script '/home/kraken/snappyNano/src/install/snappy_cpp/share/snappy_cpp/package.ps1'
[8.757s] INFO:colcon.colcon_core.shell:Creating package descriptor '/home/kraken/snappyNano/src/install/snappy_cpp/share/snappy_cpp/package.dsv'
[8.758s] INFO:colcon.colcon_core.shell:Creating package script '/home/kraken/snappyNano/src/install/snappy_cpp/share/snappy_cpp/package.sh'
[8.759s] INFO:colcon.colcon_core.shell:Creating package script '/home/kraken/snappyNano/src/install/snappy_cpp/share/snappy_cpp/package.bash'
[8.760s] INFO:colcon.colcon_core.shell:Creating package script '/home/kraken/snappyNano/src/install/snappy_cpp/share/snappy_cpp/package.zsh'
[8.761s] Level 1:colcon.colcon_core.environment:create_file_with_runtime_dependencies(/home/kraken/snappyNano/src/install/snappy_cpp/share/colcon-core/packages/snappy_cpp)
[8.763s] Level 1:colcon.colcon_core.environment:create_environment_scripts_only(snappy_cpp)
[8.763s] Level 1:colcon.colcon_core.environment:checking '/home/kraken/snappyNano/src/install/snappy_cpp' for CMake module files
[8.764s] Level 1:colcon.colcon_core.environment:checking '/home/kraken/snappyNano/src/install/snappy_cpp' for CMake config files
[8.764s] Level 1:colcon.colcon_core.shell:create_environment_hook('snappy_cpp', 'cmake_prefix_path')
[8.764s] INFO:colcon.colcon_core.shell:Creating environment hook '/home/kraken/snappyNano/src/install/snappy_cpp/share/snappy_cpp/hook/cmake_prefix_path.ps1'
[8.765s] INFO:colcon.colcon_core.shell:Creating environment descriptor '/home/kraken/snappyNano/src/install/snappy_cpp/share/snappy_cpp/hook/cmake_prefix_path.dsv'
[8.766s] INFO:colcon.colcon_core.shell:Creating environment hook '/home/kraken/snappyNano/src/install/snappy_cpp/share/snappy_cpp/hook/cmake_prefix_path.sh'
[8.766s] Level 1:colcon.colcon_core.environment:checking '/home/kraken/snappyNano/src/install/snappy_cpp/lib'
[8.767s] Level 1:colcon.colcon_core.environment:checking '/home/kraken/snappyNano/src/install/snappy_cpp/bin'
[8.767s] Level 1:colcon.colcon_core.environment:checking '/home/kraken/snappyNano/src/install/snappy_cpp/lib/pkgconfig/snappy_cpp.pc'
[8.767s] Level 1:colcon.colcon_core.environment:checking '/home/kraken/snappyNano/src/install/snappy_cpp/lib/python3.10/site-packages'
[8.767s] Level 1:colcon.colcon_core.environment:checking '/home/kraken/snappyNano/src/install/snappy_cpp/bin'
[8.768s] INFO:colcon.colcon_core.shell:Creating package script '/home/kraken/snappyNano/src/install/snappy_cpp/share/snappy_cpp/package.ps1'
[8.769s] INFO:colcon.colcon_core.shell:Creating package descriptor '/home/kraken/snappyNano/src/install/snappy_cpp/share/snappy_cpp/package.dsv'
[8.769s] INFO:colcon.colcon_core.shell:Creating package script '/home/kraken/snappyNano/src/install/snappy_cpp/share/snappy_cpp/package.sh'
[8.770s] INFO:colcon.colcon_core.shell:Creating package script '/home/kraken/snappyNano/src/install/snappy_cpp/share/snappy_cpp/package.bash'
[8.770s] INFO:colcon.colcon_core.shell:Creating package script '/home/kraken/snappyNano/src/install/snappy_cpp/share/snappy_cpp/package.zsh'
[8.771s] Level 1:colcon.colcon_core.environment:create_file_with_runtime_dependencies(/home/kraken/snappyNano/src/install/snappy_cpp/share/colcon-core/packages/snappy_cpp)
[8.771s] DEBUG:colcon.colcon_parallel_executor.executor.parallel:closing loop
[8.772s] DEBUG:colcon.colcon_parallel_executor.executor.parallel:loop closed
[8.773s] DEBUG:colcon.colcon_parallel_executor.executor.parallel:run_until_complete finished with '0'
[8.773s] DEBUG:colcon.colcon_core.event_reactor:joining thread
[8.787s] INFO:colcon.colcon_core.plugin_system:Skipping extension 'colcon_notification.desktop_notification.terminal_notifier': Not used on non-Darwin systems
[8.788s] INFO:colcon.colcon_core.plugin_system:Skipping extension 'colcon_notification.desktop_notification.win32': Not used on non-Windows systems
[8.788s] INFO:colcon.colcon_notification.desktop_notification:Sending desktop notification using 'notify2'
[8.838s] DEBUG:colcon.colcon_core.event_reactor:joined thread
[8.839s] INFO:colcon.colcon_core.shell:Creating prefix script '/home/kraken/snappyNano/src/install/local_setup.ps1'
[8.841s] INFO:colcon.colcon_core.shell:Creating prefix util module '/home/kraken/snappyNano/src/install/_local_setup_util_ps1.py'
[8.845s] INFO:colcon.colcon_core.shell:Creating prefix chain script '/home/kraken/snappyNano/src/install/setup.ps1'
[8.847s] INFO:colcon.colcon_core.shell:Creating prefix script '/home/kraken/snappyNano/src/install/local_setup.sh'
[8.848s] INFO:colcon.colcon_core.shell:Creating prefix util module '/home/kraken/snappyNano/src/install/_local_setup_util_sh.py'
[8.849s] INFO:colcon.colcon_core.shell:Creating prefix chain script '/home/kraken/snappyNano/src/install/setup.sh'
[8.851s] INFO:colcon.colcon_core.shell:Creating prefix script '/home/kraken/snappyNano/src/install/local_setup.bash'
[8.852s] INFO:colcon.colcon_core.shell:Creating prefix chain script '/home/kraken/snappyNano/src/install/setup.bash'
[8.854s] INFO:colcon.colcon_core.shell:Creating prefix script '/home/kraken/snappyNano/src/install/local_setup.zsh'
[8.855s] INFO:colcon.colcon_core.shell:Creating prefix chain script '/home/kraken/snappyNano/src/install/setup.zsh'
