[0.156s] DEBUG:colcon:Command line arguments: ['/usr/bin/colcon', 'build']
[0.156s] DEBUG:colcon:Parsed command line arguments: Namespace(log_base=None, log_level=None, verb_name='build', build_base='build', install_base='install', merge_install=False, symlink_install=False, test_result_base=None, continue_on_error=False, executor='parallel', parallel_workers=14, event_handlers=None, ignore_user_meta=False, metas=['./colcon.meta'], base_paths=['.'], packages_ignore=None, packages_ignore_regex=None, paths=None, packages_up_to=None, packages_up_to_regex=None, packages_above=None, packages_above_and_dependencies=None, packages_above_depth=None, packages_select_by_dep=None, packages_skip_by_dep=None, packages_skip_up_to=None, packages_select_build_failed=False, packages_skip_build_finished=False, packages_select_test_failures=False, packages_skip_test_passed=False, packages_select=None, packages_skip=None, packages_select_regex=None, packages_skip_regex=None, packages_start=None, packages_end=None, allow_overriding=[], cmake_args=None, cmake_target=None, cmake_target_skip_unavailable=False, cmake_clean_cache=False, cmake_clean_first=False, cmake_force_configure=False, ament_cmake_args=None, catkin_cmake_args=None, catkin_skip_building_tests=False, mixin_files=None, mixin=None, verb_parser=<colcon_mixin.mixin.mixin_argument.MixinArgumentDecorator object at 0x79d3e9358f40>, verb_extension=<colcon_core.verb.build.BuildVerb object at 0x79d3e9358a00>, main=<bound method BuildVerb.main of <colcon_core.verb.build.BuildVerb object at 0x79d3e9358a00>>, mixin_verb=('build',))
[0.379s] Level 1:colcon.colcon_core.package_discovery:discover_packages(colcon_meta) check parameters
[0.379s] Level 1:colcon.colcon_core.package_discovery:discover_packages(recursive) check parameters
[0.379s] Level 1:colcon.colcon_core.package_discovery:discover_packages(ignore) check parameters
[0.379s] Level 1:colcon.colcon_core.package_discovery:discover_packages(path) check parameters
[0.379s] Level 1:colcon.colcon_core.package_discovery:discover_packages(colcon_meta) discover
[0.379s] Level 1:colcon.colcon_core.package_discovery:discover_packages(recursive) discover
[0.380s] INFO:colcon.colcon_core.package_discovery:Crawling recursively for packages in '/home/kraken/snappyNano'
[0.380s] Level 1:colcon.colcon_core.package_identification:_identify(.) by extensions ['ignore', 'ignore_ament_install']
[0.380s] Level 1:colcon.colcon_core.package_identification:_identify(.) by extension 'ignore'
[0.380s] Level 1:colcon.colcon_core.package_identification:_identify(.) by extension 'ignore_ament_install'
[0.380s] Level 1:colcon.colcon_core.package_identification:_identify(.) by extensions ['colcon_pkg']
[0.380s] Level 1:colcon.colcon_core.package_identification:_identify(.) by extension 'colcon_pkg'
[0.380s] Level 1:colcon.colcon_core.package_identification:_identify(.) by extensions ['colcon_meta']
[0.380s] Level 1:colcon.colcon_core.package_identification:_identify(.) by extension 'colcon_meta'
[0.380s] Level 1:colcon.colcon_core.package_identification:_identify(.) by extensions ['ros']
[0.380s] Level 1:colcon.colcon_core.package_identification:_identify(.) by extension 'ros'
[0.397s] Level 1:colcon.colcon_core.package_identification:_identify(.) by extensions ['cmake', 'python']
[0.397s] Level 1:colcon.colcon_core.package_identification:_identify(.) by extension 'cmake'
[0.397s] Level 1:colcon.colcon_core.package_identification:_identify(.) by extension 'python'
[0.397s] Level 1:colcon.colcon_core.package_identification:_identify(.) by extensions ['python_setup_py']
[0.397s] Level 1:colcon.colcon_core.package_identification:_identify(.) by extension 'python_setup_py'
[0.398s] Level 1:colcon.colcon_core.package_identification:_identify(build) by extensions ['ignore', 'ignore_ament_install']
[0.398s] Level 1:colcon.colcon_core.package_identification:_identify(build) by extension 'ignore'
[0.398s] Level 1:colcon.colcon_core.package_identification:_identify(build) ignored
[0.398s] Level 1:colcon.colcon_core.package_identification:_identify(install) by extensions ['ignore', 'ignore_ament_install']
[0.398s] Level 1:colcon.colcon_core.package_identification:_identify(install) by extension 'ignore'
[0.398s] Level 1:colcon.colcon_core.package_identification:_identify(install) ignored
[0.398s] Level 1:colcon.colcon_core.package_identification:_identify(log) by extensions ['ignore', 'ignore_ament_install']
[0.398s] Level 1:colcon.colcon_core.package_identification:_identify(log) by extension 'ignore'
[0.398s] Level 1:colcon.colcon_core.package_identification:_identify(log) ignored
[0.399s] Level 1:colcon.colcon_core.package_identification:_identify(src) by extensions ['ignore', 'ignore_ament_install']
[0.399s] Level 1:colcon.colcon_core.package_identification:_identify(src) by extension 'ignore'
[0.399s] Level 1:colcon.colcon_core.package_identification:_identify(src) by extension 'ignore_ament_install'
[0.399s] Level 1:colcon.colcon_core.package_identification:_identify(src) by extensions ['colcon_pkg']
[0.399s] Level 1:colcon.colcon_core.package_identification:_identify(src) by extension 'colcon_pkg'
[0.399s] Level 1:colcon.colcon_core.package_identification:_identify(src) by extensions ['colcon_meta']
[0.399s] Level 1:colcon.colcon_core.package_identification:_identify(src) by extension 'colcon_meta'
[0.399s] Level 1:colcon.colcon_core.package_identification:_identify(src) by extensions ['ros']
[0.399s] Level 1:colcon.colcon_core.package_identification:_identify(src) by extension 'ros'
[0.399s] Level 1:colcon.colcon_core.package_identification:_identify(src) by extensions ['cmake', 'python']
[0.399s] Level 1:colcon.colcon_core.package_identification:_identify(src) by extension 'cmake'
[0.399s] Level 1:colcon.colcon_core.package_identification:_identify(src) by extension 'python'
[0.399s] Level 1:colcon.colcon_core.package_identification:_identify(src) by extensions ['python_setup_py']
[0.399s] Level 1:colcon.colcon_core.package_identification:_identify(src) by extension 'python_setup_py'
[0.399s] Level 1:colcon.colcon_core.package_identification:_identify(src/snappy_cpp) by extensions ['ignore', 'ignore_ament_install']
[0.399s] Level 1:colcon.colcon_core.package_identification:_identify(src/snappy_cpp) by extension 'ignore'
[0.399s] Level 1:colcon.colcon_core.package_identification:_identify(src/snappy_cpp) by extension 'ignore_ament_install'
[0.400s] Level 1:colcon.colcon_core.package_identification:_identify(src/snappy_cpp) by extensions ['colcon_pkg']
[0.400s] Level 1:colcon.colcon_core.package_identification:_identify(src/snappy_cpp) by extension 'colcon_pkg'
[0.400s] Level 1:colcon.colcon_core.package_identification:_identify(src/snappy_cpp) by extensions ['colcon_meta']
[0.400s] Level 1:colcon.colcon_core.package_identification:_identify(src/snappy_cpp) by extension 'colcon_meta'
[0.400s] Level 1:colcon.colcon_core.package_identification:_identify(src/snappy_cpp) by extensions ['ros']
[0.400s] Level 1:colcon.colcon_core.package_identification:_identify(src/snappy_cpp) by extension 'ros'
[0.403s] DEBUG:colcon.colcon_core.package_identification:Package 'src/snappy_cpp' with type 'ros.ament_cmake' and name 'snappy_cpp'
[0.404s] Level 1:colcon.colcon_core.package_discovery:discover_packages(recursive) using defaults
[0.404s] Level 1:colcon.colcon_core.package_discovery:discover_packages(ignore) discover
[0.404s] Level 1:colcon.colcon_core.package_discovery:discover_packages(ignore) using defaults
[0.404s] Level 1:colcon.colcon_core.package_discovery:discover_packages(path) discover
[0.404s] Level 1:colcon.colcon_core.package_discovery:discover_packages(path) using defaults
[0.450s] Level 1:colcon.colcon_core.package_discovery:discover_packages(prefix_path) check parameters
[0.451s] Level 1:colcon.colcon_core.package_discovery:discover_packages(prefix_path) discover
[0.452s] WARNING:colcon.colcon_ros.prefix_path.catkin:The path '/home/kraken/snappyNano/install/snappynano' in the environment variable CMAKE_PREFIX_PATH doesn't exist
[0.452s] WARNING:colcon.colcon_ros.prefix_path.catkin:The path '/home/kraken/snappyNano/install/snappyNano' in the environment variable CMAKE_PREFIX_PATH doesn't exist
[0.453s] DEBUG:colcon.colcon_installed_package_information.package_discovery:Found 1 installed packages in /home/kraken/snappyNano/install
[0.455s] DEBUG:colcon.colcon_installed_package_information.package_discovery:Found 271 installed packages in /opt/ros/humble
[0.457s] Level 1:colcon.colcon_core.package_discovery:discover_packages(prefix_path) using defaults
[0.512s] Level 5:colcon.colcon_core.verb:set package 'snappy_cpp' build argument 'cmake_args' from command line to 'None'
[0.512s] Level 5:colcon.colcon_core.verb:set package 'snappy_cpp' build argument 'cmake_target' from command line to 'None'
[0.512s] Level 5:colcon.colcon_core.verb:set package 'snappy_cpp' build argument 'cmake_target_skip_unavailable' from command line to 'False'
[0.512s] Level 5:colcon.colcon_core.verb:set package 'snappy_cpp' build argument 'cmake_clean_cache' from command line to 'False'
[0.512s] Level 5:colcon.colcon_core.verb:set package 'snappy_cpp' build argument 'cmake_clean_first' from command line to 'False'
[0.513s] Level 5:colcon.colcon_core.verb:set package 'snappy_cpp' build argument 'cmake_force_configure' from command line to 'False'
[0.513s] Level 5:colcon.colcon_core.verb:set package 'snappy_cpp' build argument 'ament_cmake_args' from command line to 'None'
[0.513s] Level 5:colcon.colcon_core.verb:set package 'snappy_cpp' build argument 'catkin_cmake_args' from command line to 'None'
[0.513s] Level 5:colcon.colcon_core.verb:set package 'snappy_cpp' build argument 'catkin_skip_building_tests' from command line to 'False'
[0.513s] DEBUG:colcon.colcon_core.verb:Building package 'snappy_cpp' with the following arguments: {'ament_cmake_args': None, 'build_base': '/home/kraken/snappyNano/build/snappy_cpp', 'catkin_cmake_args': None, 'catkin_skip_building_tests': False, 'cmake_args': None, 'cmake_clean_cache': False, 'cmake_clean_first': False, 'cmake_force_configure': False, 'cmake_target': None, 'cmake_target_skip_unavailable': False, 'install_base': '/home/kraken/snappyNano/install/snappy_cpp', 'merge_install': False, 'path': '/home/kraken/snappyNano/src/snappy_cpp', 'symlink_install': False, 'test_result_base': None}
[0.513s] INFO:colcon.colcon_core.executor:Executing jobs using 'parallel' executor
[0.515s] DEBUG:colcon.colcon_parallel_executor.executor.parallel:run_until_complete
[0.515s] INFO:colcon.colcon_ros.task.ament_cmake.build:Building ROS package in '/home/kraken/snappyNano/src/snappy_cpp' with build type 'ament_cmake'
[0.515s] INFO:colcon.colcon_cmake.task.cmake.build:Building CMake package in '/home/kraken/snappyNano/src/snappy_cpp'
[0.519s] INFO:colcon.colcon_core.plugin_system:Skipping extension 'colcon_core.shell.bat': Not used on non-Windows systems
[0.519s] INFO:colcon.colcon_core.shell:Skip shell extension 'powershell' for command environment: Not usable outside of PowerShell
[0.519s] DEBUG:colcon.colcon_core.shell:Skip shell extension 'dsv' for command environment
[0.537s] DEBUG:colcon.colcon_core.event_handler.log_command:Invoking command in '/home/kraken/snappyNano/build/snappy_cpp': CMAKE_PREFIX_PATH=${CMAKE_PREFIX_PATH}:/opt/ros/humble /usr/bin/cmake /home/kraken/snappyNano/src/snappy_cpp -DCMAKE_INSTALL_PREFIX=/home/kraken/snappyNano/install/snappy_cpp
[1.306s] DEBUG:colcon.colcon_core.event_handler.log_command:Invoked command in '/home/kraken/snappyNano/build/snappy_cpp' returned '0': CMAKE_PREFIX_PATH=${CMAKE_PREFIX_PATH}:/opt/ros/humble /usr/bin/cmake /home/kraken/snappyNano/src/snappy_cpp -DCMAKE_INSTALL_PREFIX=/home/kraken/snappyNano/install/snappy_cpp
[1.309s] DEBUG:colcon.colcon_core.event_handler.log_command:Invoking command in '/home/kraken/snappyNano/build/snappy_cpp': CMAKE_PREFIX_PATH=${CMAKE_PREFIX_PATH}:/opt/ros/humble /usr/bin/cmake --build /home/kraken/snappyNano/build/snappy_cpp -- -j14 -l14
[6.026s] DEBUG:colcon.colcon_core.event_handler.log_command:Invoked command in '/home/kraken/snappyNano/build/snappy_cpp' returned '0': CMAKE_PREFIX_PATH=${CMAKE_PREFIX_PATH}:/opt/ros/humble /usr/bin/cmake --build /home/kraken/snappyNano/build/snappy_cpp -- -j14 -l14
[6.041s] DEBUG:colcon.colcon_core.event_handler.log_command:Invoking command in '/home/kraken/snappyNano/build/snappy_cpp': CMAKE_PREFIX_PATH=${CMAKE_PREFIX_PATH}:/opt/ros/humble /usr/bin/cmake --install /home/kraken/snappyNano/build/snappy_cpp
[6.056s] Level 1:colcon.colcon_core.environment:create_environment_scripts_only(snappy_cpp)
[6.058s] DEBUG:colcon.colcon_core.event_handler.log_command:Invoked command in '/home/kraken/snappyNano/build/snappy_cpp' returned '0': CMAKE_PREFIX_PATH=${CMAKE_PREFIX_PATH}:/opt/ros/humble /usr/bin/cmake --install /home/kraken/snappyNano/build/snappy_cpp
[6.060s] Level 1:colcon.colcon_core.environment:checking '/home/kraken/snappyNano/install/snappy_cpp' for CMake module files
[6.061s] Level 1:colcon.colcon_core.environment:checking '/home/kraken/snappyNano/install/snappy_cpp' for CMake config files
[6.062s] Level 1:colcon.colcon_core.shell:create_environment_hook('snappy_cpp', 'cmake_prefix_path')
[6.062s] INFO:colcon.colcon_core.shell:Creating environment hook '/home/kraken/snappyNano/install/snappy_cpp/share/snappy_cpp/hook/cmake_prefix_path.ps1'
[6.063s] INFO:colcon.colcon_core.shell:Creating environment descriptor '/home/kraken/snappyNano/install/snappy_cpp/share/snappy_cpp/hook/cmake_prefix_path.dsv'
[6.063s] INFO:colcon.colcon_core.shell:Creating environment hook '/home/kraken/snappyNano/install/snappy_cpp/share/snappy_cpp/hook/cmake_prefix_path.sh'
[6.064s] Level 1:colcon.colcon_core.environment:checking '/home/kraken/snappyNano/install/snappy_cpp/lib'
[6.065s] Level 1:colcon.colcon_core.environment:checking '/home/kraken/snappyNano/install/snappy_cpp/bin'
[6.065s] Level 1:colcon.colcon_core.environment:checking '/home/kraken/snappyNano/install/snappy_cpp/lib/pkgconfig/snappy_cpp.pc'
[6.065s] Level 1:colcon.colcon_core.environment:checking '/home/kraken/snappyNano/install/snappy_cpp/lib/python3.10/site-packages'
[6.065s] Level 1:colcon.colcon_core.environment:checking '/home/kraken/snappyNano/install/snappy_cpp/bin'
[6.066s] INFO:colcon.colcon_core.shell:Creating package script '/home/kraken/snappyNano/install/snappy_cpp/share/snappy_cpp/package.ps1'
[6.067s] INFO:colcon.colcon_core.shell:Creating package descriptor '/home/kraken/snappyNano/install/snappy_cpp/share/snappy_cpp/package.dsv'
[6.068s] INFO:colcon.colcon_core.shell:Creating package script '/home/kraken/snappyNano/install/snappy_cpp/share/snappy_cpp/package.sh'
[6.069s] INFO:colcon.colcon_core.shell:Creating package script '/home/kraken/snappyNano/install/snappy_cpp/share/snappy_cpp/package.bash'
[6.070s] INFO:colcon.colcon_core.shell:Creating package script '/home/kraken/snappyNano/install/snappy_cpp/share/snappy_cpp/package.zsh'
[6.071s] Level 1:colcon.colcon_core.environment:create_file_with_runtime_dependencies(/home/kraken/snappyNano/install/snappy_cpp/share/colcon-core/packages/snappy_cpp)
[6.071s] Level 1:colcon.colcon_core.environment:create_environment_scripts_only(snappy_cpp)
[6.072s] Level 1:colcon.colcon_core.environment:checking '/home/kraken/snappyNano/install/snappy_cpp' for CMake module files
[6.072s] Level 1:colcon.colcon_core.environment:checking '/home/kraken/snappyNano/install/snappy_cpp' for CMake config files
[6.072s] Level 1:colcon.colcon_core.shell:create_environment_hook('snappy_cpp', 'cmake_prefix_path')
[6.073s] INFO:colcon.colcon_core.shell:Creating environment hook '/home/kraken/snappyNano/install/snappy_cpp/share/snappy_cpp/hook/cmake_prefix_path.ps1'
[6.073s] INFO:colcon.colcon_core.shell:Creating environment descriptor '/home/kraken/snappyNano/install/snappy_cpp/share/snappy_cpp/hook/cmake_prefix_path.dsv'
[6.074s] INFO:colcon.colcon_core.shell:Creating environment hook '/home/kraken/snappyNano/install/snappy_cpp/share/snappy_cpp/hook/cmake_prefix_path.sh'
[6.074s] Level 1:colcon.colcon_core.environment:checking '/home/kraken/snappyNano/install/snappy_cpp/lib'
[6.074s] Level 1:colcon.colcon_core.environment:checking '/home/kraken/snappyNano/install/snappy_cpp/bin'
[6.074s] Level 1:colcon.colcon_core.environment:checking '/home/kraken/snappyNano/install/snappy_cpp/lib/pkgconfig/snappy_cpp.pc'
[6.075s] Level 1:colcon.colcon_core.environment:checking '/home/kraken/snappyNano/install/snappy_cpp/lib/python3.10/site-packages'
[6.075s] Level 1:colcon.colcon_core.environment:checking '/home/kraken/snappyNano/install/snappy_cpp/bin'
[6.076s] INFO:colcon.colcon_core.shell:Creating package script '/home/kraken/snappyNano/install/snappy_cpp/share/snappy_cpp/package.ps1'
[6.076s] INFO:colcon.colcon_core.shell:Creating package descriptor '/home/kraken/snappyNano/install/snappy_cpp/share/snappy_cpp/package.dsv'
[6.077s] INFO:colcon.colcon_core.shell:Creating package script '/home/kraken/snappyNano/install/snappy_cpp/share/snappy_cpp/package.sh'
[6.077s] INFO:colcon.colcon_core.shell:Creating package script '/home/kraken/snappyNano/install/snappy_cpp/share/snappy_cpp/package.bash'
[6.078s] INFO:colcon.colcon_core.shell:Creating package script '/home/kraken/snappyNano/install/snappy_cpp/share/snappy_cpp/package.zsh'
[6.078s] Level 1:colcon.colcon_core.environment:create_file_with_runtime_dependencies(/home/kraken/snappyNano/install/snappy_cpp/share/colcon-core/packages/snappy_cpp)
[6.079s] DEBUG:colcon.colcon_parallel_executor.executor.parallel:closing loop
[6.079s] DEBUG:colcon.colcon_parallel_executor.executor.parallel:loop closed
[6.079s] DEBUG:colcon.colcon_parallel_executor.executor.parallel:run_until_complete finished with '0'
[6.079s] DEBUG:colcon.colcon_core.event_reactor:joining thread
[6.093s] INFO:colcon.colcon_core.plugin_system:Skipping extension 'colcon_notification.desktop_notification.terminal_notifier': Not used on non-Darwin systems
[6.093s] INFO:colcon.colcon_core.plugin_system:Skipping extension 'colcon_notification.desktop_notification.win32': Not used on non-Windows systems
[6.093s] INFO:colcon.colcon_notification.desktop_notification:Sending desktop notification using 'notify2'
[6.132s] DEBUG:colcon.colcon_core.event_reactor:joined thread
[6.133s] INFO:colcon.colcon_core.shell:Creating prefix script '/home/kraken/snappyNano/install/local_setup.ps1'
[6.135s] INFO:colcon.colcon_core.shell:Creating prefix util module '/home/kraken/snappyNano/install/_local_setup_util_ps1.py'
[6.139s] INFO:colcon.colcon_core.shell:Creating prefix chain script '/home/kraken/snappyNano/install/setup.ps1'
[6.141s] INFO:colcon.colcon_core.shell:Creating prefix script '/home/kraken/snappyNano/install/local_setup.sh'
[6.142s] INFO:colcon.colcon_core.shell:Creating prefix util module '/home/kraken/snappyNano/install/_local_setup_util_sh.py'
[6.143s] INFO:colcon.colcon_core.shell:Creating prefix chain script '/home/kraken/snappyNano/install/setup.sh'
[6.146s] INFO:colcon.colcon_core.shell:Creating prefix script '/home/kraken/snappyNano/install/local_setup.bash'
[6.147s] INFO:colcon.colcon_core.shell:Creating prefix chain script '/home/kraken/snappyNano/install/setup.bash'
[6.148s] INFO:colcon.colcon_core.shell:Creating prefix script '/home/kraken/snappyNano/install/local_setup.zsh'
[6.149s] INFO:colcon.colcon_core.shell:Creating prefix chain script '/home/kraken/snappyNano/install/setup.zsh'
