[0.033s] Invoking command in '/home/kraken/snappyNano/src/build/snappy_cpp': CMAKE_PREFIX_PATH=/opt/ros/humble /usr/bin/cmake --build /home/kraken/snappyNano/src/build/snappy_cpp -- -j14 -l14
[0.139s] [35m[1mConsolidate compiler generated dependencies of target helloWorld[0m
[0.177s] [100%] Built target helloWorld
[0.208s] Invoked command in '/home/kraken/snappyNano/src/build/snappy_cpp' returned '0': CMAKE_PREFIX_PATH=/opt/ros/humble /usr/bin/cmake --build /home/kraken/snappyNano/src/build/snappy_cpp -- -j14 -l14
[0.237s] Invoking command in '/home/kraken/snappyNano/src/build/snappy_cpp': CMAKE_PREFIX_PATH=/opt/ros/humble /usr/bin/cmake --install /home/kraken/snappyNano/src/build/snappy_cpp
[0.250s] -- Install configuration: ""
[0.251s] -- Up-to-date: /home/kraken/snappyNano/src/install/snappy_cpp/lib/snappy_cpp/helloWorld
[0.251s] -- Up-to-date: /home/kraken/snappyNano/src/install/snappy_cpp/share/ament_index/resource_index/package_run_dependencies/snappy_cpp
[0.251s] -- Up-to-date: /home/kraken/snappyNano/src/install/snappy_cpp/share/ament_index/resource_index/parent_prefix_path/snappy_cpp
[0.251s] -- Up-to-date: /home/kraken/snappyNano/src/install/snappy_cpp/share/snappy_cpp/environment/ament_prefix_path.sh
[0.251s] -- Up-to-date: /home/kraken/snappyNano/src/install/snappy_cpp/share/snappy_cpp/environment/ament_prefix_path.dsv
[0.252s] -- Up-to-date: /home/kraken/snappyNano/src/install/snappy_cpp/share/snappy_cpp/environment/path.sh
[0.252s] -- Up-to-date: /home/kraken/snappyNano/src/install/snappy_cpp/share/snappy_cpp/environment/path.dsv
[0.252s] -- Up-to-date: /home/kraken/snappyNano/src/install/snappy_cpp/share/snappy_cpp/local_setup.bash
[0.252s] -- Up-to-date: /home/kraken/snappyNano/src/install/snappy_cpp/share/snappy_cpp/local_setup.sh
[0.252s] -- Up-to-date: /home/kraken/snappyNano/src/install/snappy_cpp/share/snappy_cpp/local_setup.zsh
[0.252s] -- Up-to-date: /home/kraken/snappyNano/src/install/snappy_cpp/share/snappy_cpp/local_setup.dsv
[0.252s] -- Installing: /home/kraken/snappyNano/src/install/snappy_cpp/share/snappy_cpp/package.dsv
[0.252s] -- Up-to-date: /home/kraken/snappyNano/src/install/snappy_cpp/share/ament_index/resource_index/packages/snappy_cpp
[0.253s] -- Up-to-date: /home/kraken/snappyNano/src/install/snappy_cpp/share/snappy_cpp/cmake/snappy_cppConfig.cmake
[0.253s] -- Up-to-date: /home/kraken/snappyNano/src/install/snappy_cpp/share/snappy_cpp/cmake/snappy_cppConfig-version.cmake
[0.253s] -- Up-to-date: /home/kraken/snappyNano/src/install/snappy_cpp/share/snappy_cpp/package.xml
[0.257s] Invoked command in '/home/kraken/snappyNano/src/build/snappy_cpp' returned '0': CMAKE_PREFIX_PATH=/opt/ros/humble /usr/bin/cmake --install /home/kraken/snappyNano/src/build/snappy_cpp
