[0.026s] Invoking command in '/home/kraken/snappyNano/src/build/rviz_ogre_vendor': CMAKE_PREFIX_PATH=/opt/ros/humble /usr/bin/cmake /home/kraken/snappyNano/src/rviz/rviz_ogre_vendor -DAMENT_CMAKE_SYMLINK_INSTALL=1 -DCMAKE_INSTALL_PREFIX=/home/kraken/snappyNano/src/install/rviz_ogre_vendor
[0.056s] -- Found ament_cmake: 1.3.12 (/opt/ros/humble/share/ament_cmake/cmake)
[0.318s] -- Override CMake install command with custom implementation using symlinks instead of copying resources
[0.330s] -- Found ament_cmake_vendor_package: 1.3.12 (/opt/ros/humble/share/ament_cmake_vendor_package/cmake)
[0.369s] -- Found ament_lint_auto: 0.12.14 (/opt/ros/humble/share/ament_lint_auto/cmake)
[0.519s] -- Added test 'xmllint' to check XML markup files
[0.522s] -- Configuring done
[0.528s] -- Generating done
[0.530s] -- Build files have been written to: /home/kraken/snappyNano/src/build/rviz_ogre_vendor
[0.536s] Invoked command in '/home/kraken/snappyNano/src/build/rviz_ogre_vendor' returned '0': CMAKE_PREFIX_PATH=/opt/ros/humble /usr/bin/cmake /home/kraken/snappyNano/src/rviz/rviz_ogre_vendor -DAMENT_CMAKE_SYMLINK_INSTALL=1 -DCMAKE_INSTALL_PREFIX=/home/kraken/snappyNano/src/install/rviz_ogre_vendor
[0.537s] Invoking command in '/home/kraken/snappyNano/src/build/rviz_ogre_vendor': CMAKE_PREFIX_PATH=/opt/ros/humble /usr/bin/cmake --build /home/kraken/snappyNano/src/build/rviz_ogre_vendor -- -j14 -l14
[0.633s] [ 14%] [34m[1mCreating directories for 'ogre_vendor'[0m
[0.762s] [ 28%] [34m[1mPerforming download step for 'ogre_vendor'[0m
[55.050s] [34m=== [1m./ogre_vendor[22m (git) ===[0m
[55.050s] hint: Using 'master' as the name for the initial branch. This default branch name
[55.050s] hint: is subject to change. To configure the initial branch name to use in all
[55.050s] hint: of your new repositories, which will suppress this warning, call:
[55.051s] hint: 
[55.051s] hint: 	git config --global init.defaultBranch <name>
[55.051s] hint: 
[55.051s] hint: Names commonly chosen instead of 'master' are 'main', 'trunk' and
[55.051s] hint: 'development'. The just-created branch can be renamed via this command:
[55.051s] hint: 
[55.051s] hint: 	git branch -m <name>
[55.051s] Initialized empty Git repository in /home/kraken/snappyNano/src/build/rviz_ogre_vendor/ogre_vendor-prefix/src/ogre_vendor/.git/
[55.052s] 
[55.052s] From https://github.com/OGRECave/ogre
[55.052s]  * [new tag]         v1.12.10   -> v1.12.10
[55.052s] Note: switching to 'v1.12.10'.
[55.052s] 
[55.052s] You are in 'detached HEAD' state. You can look around, make experimental
[55.052s] changes and commit them, and you can discard any commits you make in this
[55.052s] state without impacting any branches by switching back to a branch.
[55.052s] 
[55.053s] If you want to create a new branch to retain commits you create, you may
[55.053s] do so (now or later) by using -c with the switch command. Example:
[55.053s] 
[55.053s]   git switch -c <new-branch-name>
[55.053s] 
[55.053s] Or undo this operation with:
[55.053s] 
[55.053s]   git switch -
[55.054s] 
[55.054s] Turn off this advice by setting config variable advice.detachedHead to false
[55.054s] 
[55.054s] HEAD is now at 93d7eb5 Terrain: QuadTreeNode - use private inheritance instead of aggregation
[55.054s] 
[55.141s] [ 42%] [34m[1mPerforming patch step for 'ogre_vendor'[0m
[55.144s] Applying patch: /home/kraken/snappyNano/src/rviz/rviz_ogre_vendor/patches/0001-pragma.patch
[55.197s] Applying patch: /home/kraken/snappyNano/src/rviz/rviz_ogre_vendor/patches/0002-relocatable.patch
[55.222s] Applying patch: /home/kraken/snappyNano/src/rviz/rviz_ogre_vendor/patches/0003-c4267.patch
[55.241s] Applying patch: /home/kraken/snappyNano/src/rviz/rviz_ogre_vendor/patches/0004-featuresummary-rename.patch
[55.263s] Applying patch: /home/kraken/snappyNano/src/rviz/rviz_ogre_vendor/patches/0005-mangle-library-names-used-by-rviz.patch
[55.320s] [ 57%] [34m[1mPerforming configure step for 'ogre_vendor'[0m
[55.335s] loading initial cache file /home/kraken/snappyNano/src/build/rviz_ogre_vendor/ogre_vendor-config.cmake
[55.424s] -- The C compiler identification is GNU 11.4.0
[55.547s] -- The CXX compiler identification is GNU 11.4.0
[55.559s] -- Detecting C compiler ABI info
[55.697s] -- Detecting C compiler ABI info - done
[55.712s] -- Check for working C compiler: /usr/bin/cc - skipped
[55.713s] -- Detecting C compile features
[55.713s] -- Detecting C compile features - done
[55.718s] -- Detecting CXX compiler ABI info
[55.887s] -- Detecting CXX compiler ABI info - done
[55.910s] -- Check for working CXX compiler: /usr/bin/c++ - skipped
[55.911s] -- Detecting CXX compile features
[55.911s] -- Detecting CXX compile features - done
[55.921s] -- Configuring OGRE 1.12.10
[55.925s] -- Check size of void*
[56.084s] -- Check size of void* - done
[56.099s] -- Performing Test OGRE_GCC_HAS_SSE
[56.254s] -- Performing Test OGRE_GCC_HAS_SSE - Success
[56.268s] -- Search path: /home/kraken/snappyNano/src/build/rviz_ogre_vendor/ogre_vendor-prefix/src/ogre_vendor-build/Dependencies;/home/kraken/snappyNano/src/build/rviz_ogre_vendor/ogre_vendor-prefix/src/ogre_vendor/Dependencies;/home/kraken/snappyNano/src/build/rviz_ogre_vendor/ogre_vendor-prefix/src/ogre_vendor-build/../Dependencies;/home/kraken/snappyNano/src/build/rviz_ogre_vendor/ogre_vendor-prefix/src/ogre_vendor/../Dependencies
[56.315s] -- Found ZLIB: /usr/lib/x86_64-linux-gnu/libz.so (found version "1.2.11") 
[56.316s] -- Looking for ZZip...
[56.326s] -- Found PkgConfig: /usr/bin/pkg-config (found version "0.29.2") 
[56.327s] -- Checking for module 'zziplib'
[56.332s] --   No package 'zziplib' found
[56.357s] -- Could not locate ZZip
[56.358s] -- Looking for FreeImage...
[56.369s] -- Checking for module 'freeimage'
[56.375s] --   No package 'freeimage' found
[56.429s] -- Could not locate FreeImage
[56.459s] -- Found Freetype: /usr/lib/x86_64-linux-gnu/libfreetype.so (found version "2.11.1") 
[56.630s] -- Found X11: /usr/include   
[56.631s] -- Looking for XOpenDisplay in /usr/lib/x86_64-linux-gnu/libX11.so;/usr/lib/x86_64-linux-gnu/libXext.so
[56.777s] -- Looking for XOpenDisplay in /usr/lib/x86_64-linux-gnu/libX11.so;/usr/lib/x86_64-linux-gnu/libXext.so - found
[56.778s] -- Looking for gethostbyname
[56.918s] -- Looking for gethostbyname - found
[56.918s] -- Looking for connect
[57.061s] -- Looking for connect - found
[57.061s] -- Looking for remove
[57.196s] -- Looking for remove - found
[57.197s] -- Looking for shmat
[57.355s] -- Looking for shmat - found
[57.355s] -- Looking for IceConnectionNumber in ICE
[57.517s] -- Looking for IceConnectionNumber in ICE - found
[57.541s] -- Found OpenGL: /usr/lib/x86_64-linux-gnu/libOpenGL.so   
[57.547s] -- Looking for Cg...
[57.547s] -- Cg_PREFIX_PATH changed.
[57.556s] -- Checking for module 'Cg'
[57.559s] --   No package 'Cg' found
[57.578s] -- Could not locate Cg
[57.652s] -- Found PythonInterp: /usr/bin/python3.10 (found version "3.10.12") 
[57.668s] -- Found PythonLibs: /usr/lib/x86_64-linux-gnu/libpython3.10.so (found version "3.10.12") 
[57.845s] -- Looking for Softimage...
[57.846s] -- Softimage_PREFIX_PATH changed.
[57.854s] -- Could not locate Softimage
[57.860s] -- Looking for strtol_l
[57.983s] -- Looking for strtol_l - found
[58.016s] -- Performing Test COMPILER_HAS_HIDDEN_VISIBILITY
[58.171s] -- Performing Test COMPILER_HAS_HIDDEN_VISIBILITY - Success
[58.172s] -- Performing Test COMPILER_HAS_HIDDEN_INLINE_VISIBILITY
[58.366s] -- Performing Test COMPILER_HAS_HIDDEN_INLINE_VISIBILITY - Success
[58.366s] -- Performing Test COMPILER_HAS_DEPRECATED_ATTR
[58.547s] -- Performing Test COMPILER_HAS_DEPRECATED_ATTR - Success
[58.608s] -- Downloading imgui
[60.240s] -- 
[60.240s] -----------------------------------------------------------------------------
[60.241s] -- The following external packages were located on your system.
[60.241s] -- This installation will have the extra features provided by these packages.
[60.241s] + zlib
[60.241s] + freetype
[60.241s] + X11
[60.241s] + OpenGL
[60.241s] + OpenGL ES 2.x
[60.241s] + OpenEXR
[60.242s] + Python
[60.242s] + SDL2
[60.242s] + Qt
[60.242s] -----------------------------------------------------------------------------
[60.242s] -- The following OPTIONAL packages could NOT be located on your system.
[60.242s] -- Consider installing them to enable more features from this software.
[60.242s] + zziplib: Extract data from zip archives <http://zziplib.sourceforge.net>
[60.243s] + freeimage: Support for commonly used graphics image formats <http://freeimage.sourceforge.net>
[60.243s] + cg: C for graphics shader language <http://developer.nvidia.com/object/cg_toolkit.html>
[60.243s] + SWIG: Language bindings (Python, Java, C#) for OGRE <http://www.swig.org/>
[60.243s] + pugixml: Needed for XMLConverter and DotScene Plugin <https://pugixml.org/>
[60.243s] + Assimp: Needed for the AssimpLoader Plugin <https://www.assimp.org/>
[60.243s] + Doxygen: Tool for building API documentation <http://doxygen.org>
[60.243s] + Softimage: Softimage SDK needed for building XSIExporter <FALSE>
[60.243s] -----------------------------------------------------------------------------
[60.244s] 
[60.244s] -- 
[60.244s] ----------------------------------------------------------------------------
[60.244s]   FEATURE SUMMARY
[60.244s] ----------------------------------------------------------------------------
[60.244s] 
[60.244s] Building components:
[60.244s]   + MeshLodGenerator
[60.244s]   + Overlay
[60.245s]   + Overlay Dear Imgui
[60.245s]   + Paging
[60.245s]   + Property
[60.245s]   + RTShader System
[60.245s]   + RTShader System Shaders
[60.245s]   + Terrain
[60.245s]   + Volume
[60.245s] Building plugins:
[60.246s]   + BSP scene manager
[60.246s]   + Octree scene manager
[60.246s]   + OpenEXR image codec
[60.246s]   + STBI codec (generic)
[60.246s]   + Portal connected zone scene manager
[60.246s]   + Particle FX
[60.246s] Building rendersystems:
[60.246s]   + OpenGL
[60.246s]   + OpenGL 3+
[60.247s] Building core features:
[60.247s]   + Mesh Lod
[60.247s]   + DDS image codec (.dds)
[60.247s]   + ETC image codec (.pkm, .ktx) 
[60.247s]   + ASTC image codec (.astc)
[60.247s]   + Nodeless positioning of Lights and Cameras [DEPRECATED]
[60.247s] 
[60.247s] Build type:                      shared
[60.248s] Thread safety:                   none
[60.248s] ResourceManager behaviour:       strict
[60.248s] Use double precision:            disabled
[60.248s] Nodes inherit transform:         disabled
[60.248s] Assert mode:                     release exceptions
[60.248s] 
[60.248s] ----------------------------------------------------------------------------
[60.248s] 
[60.248s] -- Configuring done
[60.492s] -- Generating done
[60.498s] -- Build files have been written to: /home/kraken/snappyNano/src/build/rviz_ogre_vendor/ogre_vendor-prefix/src/ogre_vendor-build
[60.572s] [ 71%] [34m[1mPerforming build step for 'ogre_vendor'[0m
[60.678s] [  0%] [32mBuilding CXX object OgreMain/CMakeFiles/OgreMain.dir/cmake_pch.hxx.gch[0m
[76.259s] [  1%] [32mBuilding CXX object OgreMain/CMakeFiles/OgreMain.dir/src/OgreArchive.cpp.o[0m
[76.259s] [  1%] [32mBuilding CXX object OgreMain/CMakeFiles/OgreMain.dir/src/OgreBillboard.cpp.o[0m
[76.260s] [  1%] [32mBuilding CXX object OgreMain/CMakeFiles/OgreMain.dir/src/OgreAutoParamDataSource.cpp.o[0m
[76.260s] [  2%] [32mBuilding CXX object OgreMain/CMakeFiles/OgreMain.dir/src/OgreAnimationTrack.cpp.o[0m
[76.261s] [  3%] [32mBuilding CXX object OgreMain/CMakeFiles/OgreMain.dir/src/OgreASTCCodec.cpp.o[0m
[76.263s] [  3%] [32mBuilding CXX object OgreMain/CMakeFiles/OgreMain.dir/src/OgreAnimable.cpp.o[0m
[76.263s] [  3%] [32mBuilding CXX object OgreMain/CMakeFiles/OgreMain.dir/src/OgreAnimationState.cpp.o[0m
[76.269s] [  3%] [32mBuilding CXX object OgreMain/CMakeFiles/OgreMain.dir/src/OgreBillboardChain.cpp.o[0m
[76.277s] [  3%] [32mBuilding CXX object OgreMain/CMakeFiles/OgreMain.dir/src/OgreAlignedAllocator.cpp.o[0m
[76.277s] [  3%] [32mBuilding CXX object OgreMain/CMakeFiles/OgreMain.dir/src/OgreAxisAlignedBox.cpp.o[0m
[76.277s] [  3%] [32mBuilding CXX object OgreMain/CMakeFiles/OgreMain.dir/src/OgreAnimation.cpp.o[0m
[76.278s] [  3%] [32mBuilding CXX object OgreMain/CMakeFiles/OgreMain.dir/src/OgreArchiveManager.cpp.o[0m
[76.278s] [  3%] [32mBuilding CXX object OgreMain/CMakeFiles/OgreMain.dir/src/OgreBillboardSet.cpp.o[0m
[76.278s] [  3%] [32mBuilding CXX object OgreMain/CMakeFiles/OgreMain.dir/src/OgreBillboardParticleRenderer.cpp.o[0m
[81.186s] [  3%] [32mBuilding CXX object OgreMain/CMakeFiles/OgreMain.dir/src/OgreCodec.cpp.o[0m
[81.212s] [  3%] [32mBuilding CXX object OgreMain/CMakeFiles/OgreMain.dir/src/OgreBone.cpp.o[0m
[81.213s] [  4%] [32mBuilding CXX object OgreMain/CMakeFiles/OgreMain.dir/src/OgreCamera.cpp.o[0m
[81.531s] [  4%] [32mBuilding CXX object OgreMain/CMakeFiles/OgreMain.dir/src/OgreColourValue.cpp.o[0m
[82.601s] [  4%] [32mBuilding CXX object OgreMain/CMakeFiles/OgreMain.dir/src/OgreCommon.cpp.o[0m
[82.983s] [  4%] [32mBuilding CXX object OgreMain/CMakeFiles/OgreMain.dir/src/OgreCompositionPass.cpp.o[0m
[83.421s] [  5%] [32mBuilding CXX object OgreMain/CMakeFiles/OgreMain.dir/src/OgreCompositionTargetPass.cpp.o[0m
[83.488s] [  5%] [32mBuilding CXX object OgreMain/CMakeFiles/OgreMain.dir/src/OgreCompositionTechnique.cpp.o[0m
[83.779s] [  5%] [32mBuilding CXX object OgreMain/CMakeFiles/OgreMain.dir/src/OgreCompositor.cpp.o[0m
[83.843s] [  5%] [32mBuilding CXX object OgreMain/CMakeFiles/OgreMain.dir/src/OgreCompositorChain.cpp.o[0m
[84.055s] [  6%] [32mBuilding CXX object OgreMain/CMakeFiles/OgreMain.dir/src/OgreCompositorInstance.cpp.o[0m
[84.252s] [  6%] [32mBuilding CXX object OgreMain/CMakeFiles/OgreMain.dir/src/OgreCompositorManager.cpp.o[0m
[84.483s] [  6%] [32mBuilding CXX object OgreMain/CMakeFiles/OgreMain.dir/src/OgreConfigFile.cpp.o[0m
[85.815s] [  6%] [32mBuilding CXX object OgreMain/CMakeFiles/OgreMain.dir/src/OgreControllerManager.cpp.o[0m
[86.250s] [  6%] [32mBuilding CXX object OgreMain/CMakeFiles/OgreMain.dir/src/OgreConvexBody.cpp.o[0m
[86.474s] [  7%] [32mBuilding CXX object OgreMain/CMakeFiles/OgreMain.dir/src/OgreDataStream.cpp.o[0m
[86.575s] [  7%] [32mBuilding CXX object OgreMain/CMakeFiles/OgreMain.dir/src/OgreDefaultDebugDrawer.cpp.o[0m
[86.623s] [  7%] [32mBuilding CXX object OgreMain/CMakeFiles/OgreMain.dir/src/OgreDefaultHardwareBufferManager.cpp.o[0m
[86.744s] [  7%] [32mBuilding CXX object OgreMain/CMakeFiles/OgreMain.dir/src/OgreDefaultSceneQueries.cpp.o[0m
[86.890s] [  7%] [32mBuilding CXX object OgreMain/CMakeFiles/OgreMain.dir/src/OgreDeflate.cpp.o[0m
[87.845s] [  8%] [32mBuilding CXX object OgreMain/CMakeFiles/OgreMain.dir/src/OgreDepthBuffer.cpp.o[0m
[88.587s] [  8%] [32mBuilding CXX object OgreMain/CMakeFiles/OgreMain.dir/src/OgreDistanceLodStrategy.cpp.o[0m
[89.540s] [  8%] [32mBuilding CXX object OgreMain/CMakeFiles/OgreMain.dir/src/OgreDualQuaternion.cpp.o[0m
[89.595s] [  8%] [32mBuilding CXX object OgreMain/CMakeFiles/OgreMain.dir/src/OgreDynLib.cpp.o[0m
[89.866s] [  8%] [32mBuilding CXX object OgreMain/CMakeFiles/OgreMain.dir/src/OgreDynLibManager.cpp.o[0m
[89.883s] [  9%] [32mBuilding CXX object OgreMain/CMakeFiles/OgreMain.dir/src/OgreEdgeListBuilder.cpp.o[0m
[90.911s] [  9%] [32mBuilding CXX object OgreMain/CMakeFiles/OgreMain.dir/src/OgreEntity.cpp.o[0m
[90.932s] [  9%] [32mBuilding CXX object OgreMain/CMakeFiles/OgreMain.dir/src/OgreException.cpp.o[0m
[91.825s] [  9%] [32mBuilding CXX object OgreMain/CMakeFiles/OgreMain.dir/src/OgreExternalTextureSource.cpp.o[0m
[91.963s] [ 10%] [32mBuilding CXX object OgreMain/CMakeFiles/OgreMain.dir/src/OgreExternalTextureSourceManager.cpp.o[0m
[92.362s] [ 10%] [32mBuilding CXX object OgreMain/CMakeFiles/OgreMain.dir/src/OgreFileSystem.cpp.o[0m
[92.582s] [ 10%] [32mBuilding CXX object OgreMain/CMakeFiles/OgreMain.dir/src/OgreFrustum.cpp.o[0m
[92.615s] [ 10%] [32mBuilding CXX object OgreMain/CMakeFiles/OgreMain.dir/src/OgreGpuProgram.cpp.o[0m
[92.730s] [ 10%] [32mBuilding CXX object OgreMain/CMakeFiles/OgreMain.dir/src/OgreGpuProgramManager.cpp.o[0m
[93.423s] [ 11%] [32mBuilding CXX object OgreMain/CMakeFiles/OgreMain.dir/src/OgreGpuProgramParams.cpp.o[0m
[93.522s] [ 11%] [32mBuilding CXX object OgreMain/CMakeFiles/OgreMain.dir/src/OgreGpuProgramUsage.cpp.o[0m
[93.661s] [ 11%] [32mBuilding CXX object OgreMain/CMakeFiles/OgreMain.dir/src/OgreHardwareBufferManager.cpp.o[0m
[93.803s] [ 11%] [32mBuilding CXX object OgreMain/CMakeFiles/OgreMain.dir/src/OgreHardwareIndexBuffer.cpp.o[0m
[95.444s] [ 11%] [32mBuilding CXX object OgreMain/CMakeFiles/OgreMain.dir/src/OgreHardwareOcclusionQuery.cpp.o[0m
[96.799s] [ 12%] [32mBuilding CXX object OgreMain/CMakeFiles/OgreMain.dir/src/OgreHardwarePixelBuffer.cpp.o[0m
[98.227s] [ 12%] [32mBuilding CXX object OgreMain/CMakeFiles/OgreMain.dir/src/OgreHardwareUniformBuffer.cpp.o[0m
[98.433s] [ 12%] [32mBuilding CXX object OgreMain/CMakeFiles/OgreMain.dir/src/OgreHardwareVertexBuffer.cpp.o[0m
[98.796s] [ 12%] [32mBuilding CXX object OgreMain/CMakeFiles/OgreMain.dir/src/OgreHighLevelGpuProgram.cpp.o[0m
[99.432s] [ 12%] [32mBuilding CXX object OgreMain/CMakeFiles/OgreMain.dir/src/OgreHighLevelGpuProgramManager.cpp.o[0m
[99.958s] [ 13%] [32mBuilding CXX object OgreMain/CMakeFiles/OgreMain.dir/src/OgreImage.cpp.o[0m
[100.592s] [ 13%] [32mBuilding CXX object OgreMain/CMakeFiles/OgreMain.dir/src/OgreInstanceBatch.cpp.o[0m
[100.631s] [ 13%] [32mBuilding CXX object OgreMain/CMakeFiles/OgreMain.dir/src/OgreInstanceBatchHW.cpp.o[0m
[100.770s] [ 13%] [32mBuilding CXX object OgreMain/CMakeFiles/OgreMain.dir/src/OgreInstanceBatchHW_VTF.cpp.o[0m
[101.178s] [ 13%] [32mBuilding CXX object OgreMain/CMakeFiles/OgreMain.dir/src/OgreInstanceBatchShader.cpp.o[0m
[101.440s] [ 14%] [32mBuilding CXX object OgreMain/CMakeFiles/OgreMain.dir/src/OgreInstanceBatchVTF.cpp.o[0m
[101.950s] [ 14%] [32mBuilding CXX object OgreMain/CMakeFiles/OgreMain.dir/src/OgreInstanceManager.cpp.o[0m
[103.900s] [ 14%] [32mBuilding CXX object OgreMain/CMakeFiles/OgreMain.dir/src/OgreInstancedEntity.cpp.o[0m
[104.199s] [ 14%] [32mBuilding CXX object OgreMain/CMakeFiles/OgreMain.dir/src/OgreKeyFrame.cpp.o[0m
[104.294s] [ 15%] [32mBuilding CXX object OgreMain/CMakeFiles/OgreMain.dir/src/OgreLight.cpp.o[0m
[104.975s] [ 15%] [32mBuilding CXX object OgreMain/CMakeFiles/OgreMain.dir/src/OgreLodStrategy.cpp.o[0m
[106.270s] [ 15%] [32mBuilding CXX object OgreMain/CMakeFiles/OgreMain.dir/src/OgreLodStrategyManager.cpp.o[0m
[106.483s] [ 15%] [32mBuilding CXX object OgreMain/CMakeFiles/OgreMain.dir/src/OgreLog.cpp.o[0m
[106.637s] [ 15%] [32mBuilding CXX object OgreMain/CMakeFiles/OgreMain.dir/src/OgreLogManager.cpp.o[0m
[107.220s] [ 16%] [32mBuilding CXX object OgreMain/CMakeFiles/OgreMain.dir/src/OgreManualObject.cpp.o[0m
[108.395s] [ 16%] [32mBuilding CXX object OgreMain/CMakeFiles/OgreMain.dir/src/OgreMaterial.cpp.o[0m
[109.428s] [ 16%] [32mBuilding CXX object OgreMain/CMakeFiles/OgreMain.dir/src/OgreMaterialManager.cpp.o[0m
[109.495s] [ 16%] [32mBuilding CXX object OgreMain/CMakeFiles/OgreMain.dir/src/OgreMaterialSerializer.cpp.o[0m
[109.610s] [ 16%] [32mBuilding CXX object OgreMain/CMakeFiles/OgreMain.dir/src/OgreMath.cpp.o[0m
[109.769s] [ 17%] [32mBuilding CXX object OgreMain/CMakeFiles/OgreMain.dir/src/OgreMatrix3.cpp.o[0m
[109.823s] [ 17%] [32mBuilding CXX object OgreMain/CMakeFiles/OgreMain.dir/src/OgreMatrix4.cpp.o[0m
[110.399s] [ 17%] [32mBuilding CXX object OgreMain/CMakeFiles/OgreMain.dir/src/OgreMesh.cpp.o[0m
[110.506s] [ 17%] [32mBuilding CXX object OgreMain/CMakeFiles/OgreMain.dir/src/OgreMeshManager.cpp.o[0m
[111.311s] [ 17%] [32mBuilding CXX object OgreMain/CMakeFiles/OgreMain.dir/src/OgreMeshSerializer.cpp.o[0m
[111.899s] [ 18%] [32mBuilding CXX object OgreMain/CMakeFiles/OgreMain.dir/src/OgreMeshSerializerImpl.cpp.o[0m
[112.284s] [ 18%] [32mBuilding CXX object OgreMain/CMakeFiles/OgreMain.dir/src/OgreMovableObject.cpp.o[0m
[113.054s] [ 18%] [32mBuilding CXX object OgreMain/CMakeFiles/OgreMain.dir/src/OgreMovablePlane.cpp.o[0m
[113.224s] [ 18%] [32mBuilding CXX object OgreMain/CMakeFiles/OgreMain.dir/src/OgreMurmurHash3.cpp.o[0m
[113.755s] [ 19%] [32mBuilding CXX object OgreMain/CMakeFiles/OgreMain.dir/src/OgreNode.cpp.o[0m
[114.068s] [ 19%] [32mBuilding CXX object OgreMain/CMakeFiles/OgreMain.dir/src/OgreNumerics.cpp.o[0m
[114.164s] [ 19%] [32mBuilding CXX object OgreMain/CMakeFiles/OgreMain.dir/src/OgreOptimisedUtil.cpp.o[0m
[115.491s] [ 19%] [32mBuilding CXX object OgreMain/CMakeFiles/OgreMain.dir/src/OgreOptimisedUtilGeneral.cpp.o[0m
[115.672s] [ 19%] [32mBuilding CXX object OgreMain/CMakeFiles/OgreMain.dir/src/OgreOptimisedUtilSSE.cpp.o[0m
[115.998s] [ 20%] [32mBuilding CXX object OgreMain/CMakeFiles/OgreMain.dir/src/OgreParticle.cpp.o[0m
[116.537s] [ 20%] [32mBuilding CXX object OgreMain/CMakeFiles/OgreMain.dir/src/OgreParticleEmitter.cpp.o[0m
[116.637s] [ 20%] [32mBuilding CXX object OgreMain/CMakeFiles/OgreMain.dir/src/OgreParticleEmitterCommands.cpp.o[0m
[116.698s] [ 20%] [32mBuilding CXX object OgreMain/CMakeFiles/OgreMain.dir/src/OgreParticleIterator.cpp.o[0m
[116.779s] [ 20%] [32mBuilding CXX object OgreMain/CMakeFiles/OgreMain.dir/src/OgreParticleSystem.cpp.o[0m
[116.978s] [ 21%] [32mBuilding CXX object OgreMain/CMakeFiles/OgreMain.dir/src/OgreParticleSystemManager.cpp.o[0m
[117.061s] [ 21%] [32mBuilding CXX object OgreMain/CMakeFiles/OgreMain.dir/src/OgrePass.cpp.o[0m
[118.265s] [ 21%] [32mBuilding CXX object OgreMain/CMakeFiles/OgreMain.dir/src/OgrePatchMesh.cpp.o[0m
[118.778s] [ 21%] [32mBuilding CXX object OgreMain/CMakeFiles/OgreMain.dir/src/OgrePatchSurface.cpp.o[0m
[118.876s] [ 21%] [32mBuilding CXX object OgreMain/CMakeFiles/OgreMain.dir/src/OgrePixelCountLodStrategy.cpp.o[0m
[119.123s] [ 22%] [32mBuilding CXX object OgreMain/CMakeFiles/OgreMain.dir/src/OgrePixelFormat.cpp.o[0m
[119.885s] [ 22%] [32mBuilding CXX object OgreMain/CMakeFiles/OgreMain.dir/src/OgrePlatformInformation.cpp.o[0m
[120.061s] [ 22%] [32mBuilding CXX object OgreMain/CMakeFiles/OgreMain.dir/src/OgrePolygon.cpp.o[0m
[121.594s] [ 22%] [32mBuilding CXX object OgreMain/CMakeFiles/OgreMain.dir/src/OgrePose.cpp.o[0m
[121.597s] [ 22%] [32mBuilding CXX object OgreMain/CMakeFiles/OgreMain.dir/src/OgrePredefinedControllers.cpp.o[0m
[121.860s] [ 23%] [32mBuilding CXX object OgreMain/CMakeFiles/OgreMain.dir/src/OgrePrefabFactory.cpp.o[0m
[122.522s] [ 23%] [32mBuilding CXX object OgreMain/CMakeFiles/OgreMain.dir/src/OgreProfiler.cpp.o[0m
[123.243s] [ 23%] [32mBuilding CXX object OgreMain/CMakeFiles/OgreMain.dir/src/OgreQuaternion.cpp.o[0m
[123.945s] [ 23%] [32mBuilding CXX object OgreMain/CMakeFiles/OgreMain.dir/src/OgreRectangle2D.cpp.o[0m
[123.974s] [ 24%] [32mBuilding CXX object OgreMain/CMakeFiles/OgreMain.dir/src/OgreRenderQueue.cpp.o[0m
[124.196s] [ 24%] [32mBuilding CXX object OgreMain/CMakeFiles/OgreMain.dir/src/OgreRenderQueueInvocation.cpp.o[0m
[124.222s] [ 24%] [32mBuilding CXX object OgreMain/CMakeFiles/OgreMain.dir/src/OgreRenderQueueSortingGrouping.cpp.o[0m
[124.425s] [ 24%] [32mBuilding CXX object OgreMain/CMakeFiles/OgreMain.dir/src/OgreRenderSystem.cpp.o[0m
[126.288s] [ 24%] [32mBuilding CXX object OgreMain/CMakeFiles/OgreMain.dir/src/OgreRenderSystemCapabilities.cpp.o[0m
[126.420s] [ 25%] [32mBuilding CXX object OgreMain/CMakeFiles/OgreMain.dir/src/OgreRenderSystemCapabilitiesManager.cpp.o[0m
[126.635s] [ 25%] [32mBuilding CXX object OgreMain/CMakeFiles/OgreMain.dir/src/OgreRenderSystemCapabilitiesSerializer.cpp.o[0m
[126.791s] [ 25%] [32mBuilding CXX object OgreMain/CMakeFiles/OgreMain.dir/src/OgreRenderTarget.cpp.o[0m
[126.953s] [ 25%] [32mBuilding CXX object OgreMain/CMakeFiles/OgreMain.dir/src/OgreRenderTexture.cpp.o[0m
[127.808s] [ 25%] [32mBuilding CXX object OgreMain/CMakeFiles/OgreMain.dir/src/OgreRenderToVertexBuffer.cpp.o[0m
[127.952s] [ 26%] [32mBuilding CXX object OgreMain/CMakeFiles/OgreMain.dir/src/OgreRenderWindow.cpp.o[0m
[128.125s] [ 26%] [32mBuilding CXX object OgreMain/CMakeFiles/OgreMain.dir/src/OgreRenderable.cpp.o[0m
[128.535s] [ 26%] [32mBuilding CXX object OgreMain/CMakeFiles/OgreMain.dir/src/OgreResource.cpp.o[0m
[128.590s] [ 26%] [32mBuilding CXX object OgreMain/CMakeFiles/OgreMain.dir/src/OgreResourceBackgroundQueue.cpp.o[0m
[128.714s] [ 26%] [32mBuilding CXX object OgreMain/CMakeFiles/OgreMain.dir/src/OgreResourceGroupManager.cpp.o[0m
[129.010s] [ 27%] [32mBuilding CXX object OgreMain/CMakeFiles/OgreMain.dir/src/OgreResourceManager.cpp.o[0m
[130.663s] [ 27%] [32mBuilding CXX object OgreMain/CMakeFiles/OgreMain.dir/src/OgreRibbonTrail.cpp.o[0m
[131.139s] [ 27%] [32mBuilding CXX object OgreMain/CMakeFiles/OgreMain.dir/src/OgreRoot.cpp.o[0m
[131.557s] [ 27%] [32mBuilding CXX object OgreMain/CMakeFiles/OgreMain.dir/src/OgreRotationSpline.cpp.o[0m
[131.941s] [ 28%] [32mBuilding CXX object OgreMain/CMakeFiles/OgreMain.dir/src/OgreSceneLoaderManager.cpp.o[0m
[132.154s] [ 28%] [32mBuilding CXX object OgreMain/CMakeFiles/OgreMain.dir/src/OgreSceneManager.cpp.o[0m
[132.203s] [ 28%] [32mBuilding CXX object OgreMain/CMakeFiles/OgreMain.dir/src/OgreSceneManagerEnumerator.cpp.o[0m
[132.545s] [ 28%] [32mBuilding CXX object OgreMain/CMakeFiles/OgreMain.dir/src/OgreSceneNode.cpp.o[0m
[132.606s] [ 28%] [32mBuilding CXX object OgreMain/CMakeFiles/OgreMain.dir/src/OgreSceneQuery.cpp.o[0m
[145.745s] [ 28%] [32mBuilding CXX object OgreMain/CMakeFiles/OgreMain.dir/src/OgreShadowRenderer.cpp.o[0m
[145.748s] [ 28%] [32mBuilding CXX object OgreMain/CMakeFiles/OgreMain.dir/src/OgreShadowCameraSetupPlaneOptimal.cpp.o[0m
[145.748s] [ 29%] [32mBuilding CXX object OgreMain/CMakeFiles/OgreMain.dir/src/OgreShadowCaster.cpp.o[0m
[146.767s] [ 29%] [32mBuilding CXX object OgreMain/CMakeFiles/OgreMain.dir/src/OgreShadowTextureManager.cpp.o[0m
[146.767s] [ 29%] [32mBuilding CXX object OgreMain/CMakeFiles/OgreMain.dir/src/OgreShadowCameraSetupLiSPSM.cpp.o[0m
[146.767s] [ 29%] [32mBuilding CXX object OgreMain/CMakeFiles/OgreMain.dir/src/OgreShadowCameraSetupPSSM.cpp.o[0m
[147.811s] [ 29%] [32mBuilding CXX object OgreMain/CMakeFiles/OgreMain.dir/src/OgreSerializer.cpp.o[0m
[147.831s] [ 30%] [32mBuilding CXX object OgreMain/CMakeFiles/OgreMain.dir/src/OgreShadowCameraSetup.cpp.o[0m
[147.831s] [ 30%] [32mBuilding CXX object OgreMain/CMakeFiles/OgreMain.dir/src/OgreShadowCameraSetupFocused.cpp.o[0m
[148.559s] [ 30%] [32mBuilding CXX object OgreMain/CMakeFiles/OgreMain.dir/src/OgreScriptParser.cpp.o[0m
[148.578s] [ 30%] [32mBuilding CXX object OgreMain/CMakeFiles/OgreMain.dir/src/OgreScriptLexer.cpp.o[0m
[148.578s] [ 30%] [32mBuilding CXX object OgreMain/CMakeFiles/OgreMain.dir/src/OgreScriptTranslator.cpp.o[0m
[149.636s] [ 30%] [32mBuilding CXX object OgreMain/CMakeFiles/OgreMain.dir/src/OgreShadowVolumeExtrudeProgram.cpp.o[0m
[149.642s] [ 31%] [32mBuilding CXX object OgreMain/CMakeFiles/OgreMain.dir/src/OgreScriptCompiler.cpp.o[0m
[150.316s] [ 31%] [32mBuilding CXX object OgreMain/CMakeFiles/OgreMain.dir/src/OgreSimpleRenderable.cpp.o[0m
[150.393s] [ 32%] [32mBuilding CXX object OgreMain/CMakeFiles/OgreMain.dir/src/OgreSimpleSpline.cpp.o[0m
[150.892s] [ 32%] [32mBuilding CXX object OgreMain/CMakeFiles/OgreMain.dir/src/OgreSkeleton.cpp.o[0m
[150.929s] [ 32%] [32mBuilding CXX object OgreMain/CMakeFiles/OgreMain.dir/src/OgreSkeletonInstance.cpp.o[0m
[151.261s] [ 32%] [32mBuilding CXX object OgreMain/CMakeFiles/OgreMain.dir/src/OgreSkeletonManager.cpp.o[0m
[151.435s] [ 33%] [32mBuilding CXX object OgreMain/CMakeFiles/OgreMain.dir/src/OgreSkeletonSerializer.cpp.o[0m
[152.806s] [ 33%] [32mBuilding CXX object OgreMain/CMakeFiles/OgreMain.dir/src/OgreSkyRenderer.cpp.o[0m
[153.318s] [ 33%] [32mBuilding CXX object OgreMain/CMakeFiles/OgreMain.dir/src/OgreStaticGeometry.cpp.o[0m
[153.318s] [ 33%] [32mBuilding CXX object OgreMain/CMakeFiles/OgreMain.dir/src/OgreStreamSerialiser.cpp.o[0m
[153.929s] [ 33%] [32mBuilding CXX object OgreMain/CMakeFiles/OgreMain.dir/src/OgreString.cpp.o[0m
[154.860s] [ 34%] [32mBuilding CXX object OgreMain/CMakeFiles/OgreMain.dir/src/OgreStringConverter.cpp.o[0m
[155.262s] [ 34%] [32mBuilding CXX object OgreMain/CMakeFiles/OgreMain.dir/src/OgreStringInterface.cpp.o[0m
[156.587s] [ 34%] [32mBuilding CXX object OgreMain/CMakeFiles/OgreMain.dir/src/OgreSubEntity.cpp.o[0m
[157.178s] [ 34%] [32mBuilding CXX object OgreMain/CMakeFiles/OgreMain.dir/src/OgreSubMesh.cpp.o[0m
[158.868s] [ 34%] [32mBuilding CXX object OgreMain/CMakeFiles/OgreMain.dir/src/OgreTagPoint.cpp.o[0m
[158.900s] [ 35%] [32mBuilding CXX object OgreMain/CMakeFiles/OgreMain.dir/src/OgreTangentSpaceCalc.cpp.o[0m
[159.924s] [ 35%] [32mBuilding CXX object OgreMain/CMakeFiles/OgreMain.dir/src/OgreTechnique.cpp.o[0m
[166.158s] [ 35%] [32mBuilding CXX object OgreMain/CMakeFiles/OgreMain.dir/src/OgreVector.cpp.o[0m
[166.159s] [ 36%] [32mBuilding CXX object OgreMain/CMakeFiles/OgreMain.dir/src/OgreViewport.cpp.o[0m
[166.159s] [ 36%] [32mBuilding CXX object OgreMain/CMakeFiles/OgreMain.dir/src/OgreVertexIndexData.cpp.o[0m
[167.148s] [ 36%] [32mBuilding CXX object OgreMain/CMakeFiles/OgreMain.dir/src/OgreUserObjectBindings.cpp.o[0m
[167.150s] [ 37%] [32mBuilding CXX object OgreMain/CMakeFiles/OgreMain.dir/src/OgreTimer.cpp.o[0m
[167.151s] [ 37%] [32mBuilding CXX object OgreMain/CMakeFiles/OgreMain.dir/src/OgreUnifiedHighLevelGpuProgram.cpp.o[0m
[168.211s] [ 37%] [32mBuilding CXX object OgreMain/CMakeFiles/OgreMain.dir/src/OgreTextureUnitState.cpp.o[0m
[168.251s] [ 37%] [32mBuilding CXX object OgreMain/CMakeFiles/OgreMain.dir/src/OgreWireBoundingBox.cpp.o[0m
[168.644s] [ 37%] [32mBuilding CXX object OgreMain/CMakeFiles/OgreMain.dir/src/OgreTextureManager.cpp.o[0m
[169.745s] [ 37%] [32mBuilding CXX object OgreMain/CMakeFiles/OgreMain.dir/src/OgreWorkQueue.cpp.o[0m
[169.748s] [ 37%] [32mBuilding CXX object OgreMain/CMakeFiles/OgreMain.dir/src/OgreTexture.cpp.o[0m
[170.110s] [ 37%] [32mBuilding CXX object OgreMain/CMakeFiles/OgreMain.dir/src/OgreDDSCodec.cpp.o[0m
[170.435s] [ 38%] [32mBuilding CXX object OgreMain/CMakeFiles/OgreMain.dir/src/OgreETCCodec.cpp.o[0m
[170.469s] [ 38%] [32mBuilding CXX object OgreMain/CMakeFiles/OgreMain.dir/src/GLX/OgreFileSystemLayer.cpp.o[0m
[170.641s] [ 38%] [32mBuilding CXX object OgreMain/CMakeFiles/OgreMain.dir/src/OgreSearchOps.cpp.o[0m
[171.753s] [ 38%] [32mBuilding CXX object OgreMain/CMakeFiles/OgreMain.dir/src/Threading/OgreDefaultWorkQueueStandard.cpp.o[0m
[182.387s] [ 38%] [32m[1mLinking CXX shared library ../lib/libOgreMain.so[0m
[188.004s] [ 38%] Built target OgreMain
[188.071s] [ 38%] [32mBuilding CXX object PlugIns/EXRCodec/CMakeFiles/Codec_EXR.dir/src/O_IStream.cpp.o[0m
[188.072s] [ 38%] [32mBuilding CXX object PlugIns/EXRCodec/CMakeFiles/Codec_EXR.dir/src/OgreEXRCodec.cpp.o[0m
[188.082s] [ 38%] [32mBuilding CXX object PlugIns/STBICodec/CMakeFiles/Codec_STBI.dir/src/OgreSTBICodec.cpp.o[0m
[188.089s] [ 38%] [32mBuilding CXX object Components/Property/CMakeFiles/OgreProperty.dir/src/OgreProperty.cpp.o[0m
[188.089s] [ 38%] [32mBuilding CXX object PlugIns/BSPSceneManager/CMakeFiles/Plugin_BSPSceneManager.dir/src/OgreBspLevel.cpp.o[0m
[188.091s] [ 39%] [32mBuilding CXX object PlugIns/OctreeSceneManager/CMakeFiles/Plugin_OctreeSceneManager.dir/src/OgreOctree.cpp.o[0m
[188.091s] [ 39%] [32mBuilding CXX object Components/RTShaderSystem/CMakeFiles/OgreRTShaderSystem.dir/cmake_pch.hxx.gch[0m
[188.094s] [ 39%] [32mBuilding CXX object Components/Paging/CMakeFiles/OgrePaging.dir/src/OgreGrid2DPageStrategy.cpp.o[0m
[188.094s] [ 39%] [32mBuilding CXX object PlugIns/ParticleFX/CMakeFiles/Plugin_ParticleFX.dir/src/OgreAreaEmitter.cpp.o[0m
[188.095s] [ 39%] [32mBuilding CXX object Components/Volume/CMakeFiles/OgreVolume.dir/src/OgreVolumeCSGSource.cpp.o[0m
[188.095s] [ 39%] [32mBuilding CXX object PlugIns/PCZSceneManager/CMakeFiles/Plugin_PCZSceneManager.dir/src/OgreAntiPortal.cpp.o[0m
[188.096s] [ 39%] [32mBuilding CXX object RenderSystems/GLSupport/CMakeFiles/OgreGLSupport.dir/src/GLX/OgreGLXContext.cpp.o[0m
[188.099s] [ 40%] [32mBuilding CXX object Components/MeshLodGenerator/CMakeFiles/OgreMeshLodGenerator.dir/cmake_pch.hxx.gch[0m
[189.869s] [ 40%] [32mBuilding CXX object Components/Paging/CMakeFiles/OgrePaging.dir/src/OgreGrid3DPageStrategy.cpp.o[0m
[190.757s] [ 40%] [32mBuilding CXX object PlugIns/ParticleFX/CMakeFiles/Plugin_ParticleFX.dir/src/OgreBoxEmitter.cpp.o[0m
[190.855s] [ 40%] [32mBuilding CXX object Components/Volume/CMakeFiles/OgreVolume.dir/src/OgreVolumeCacheSource.cpp.o[0m
[191.445s] [ 40%] [32mBuilding CXX object PlugIns/OctreeSceneManager/CMakeFiles/Plugin_OctreeSceneManager.dir/src/OgreOctreeCamera.cpp.o[0m
[192.060s] [ 41%] [32mBuilding CXX object PlugIns/PCZSceneManager/CMakeFiles/Plugin_PCZSceneManager.dir/src/OgreCapsule.cpp.o[0m
[193.751s] [ 42%] [32mBuilding CXX object PlugIns/ParticleFX/CMakeFiles/Plugin_ParticleFX.dir/src/OgreColourFaderAffector.cpp.o[0m
[193.792s] [ 42%] [32mBuilding CXX object Components/Volume/CMakeFiles/OgreVolume.dir/src/OgreVolumeChunk.cpp.o[0m
[193.899s] [ 42%] [32mBuilding CXX object PlugIns/PCZSceneManager/CMakeFiles/Plugin_PCZSceneManager.dir/src/OgreDefaultZone.cpp.o[0m
[193.965s] [ 43%] [32m[1mLinking CXX shared library ../../lib/libOgreProperty.so[0m
[194.299s] [ 43%] Built target OgreProperty
[194.319s] [ 44%] [32mBuilding CXX object PlugIns/BSPSceneManager/CMakeFiles/Plugin_BSPSceneManager.dir/src/OgreBspNode.cpp.o[0m
[194.433s] [ 45%] [32mBuilding CXX object Components/Overlay/CMakeFiles/OgreOverlay.dir/src/OgreBorderPanelOverlayElement.cpp.o[0m
[195.471s] [ 45%] [32mBuilding CXX object PlugIns/OctreeSceneManager/CMakeFiles/Plugin_OctreeSceneManager.dir/src/OgreOctreeNode.cpp.o[0m
[197.409s] [ 45%] [32mBuilding CXX object PlugIns/ParticleFX/CMakeFiles/Plugin_ParticleFX.dir/src/OgreColourFaderAffector2.cpp.o[0m
[197.411s] [ 45%] [32mBuilding CXX object RenderSystems/GLSupport/CMakeFiles/OgreGLSupport.dir/src/GLX/OgreGLXGLSupport.cpp.o[0m
[197.553s] [ 45%] [32mBuilding CXX object PlugIns/ParticleFX/CMakeFiles/Plugin_ParticleFX.dir/src/OgreColourImageAffector.cpp.o[0m
[197.668s] [ 45%] [32m[1mLinking CXX shared library ../../lib/Codec_EXR.so[0m
[198.351s] [ 45%] Built target Codec_EXR
[198.407s] [ 45%] [32mBuilding CXX object Components/Overlay/CMakeFiles/OgreOverlay.dir/src/OgreFont.cpp.o[0m
[198.996s] [ 46%] [32mBuilding CXX object Components/Paging/CMakeFiles/OgrePaging.dir/src/OgrePage.cpp.o[0m
[200.763s] [ 46%] [32mBuilding CXX object PlugIns/OctreeSceneManager/CMakeFiles/Plugin_OctreeSceneManager.dir/src/OgreOctreePlugin.cpp.o[0m
[201.612s] [ 46%] [32mBuilding CXX object Components/Overlay/CMakeFiles/OgreOverlay.dir/src/OgreFontManager.cpp.o[0m
[201.816s] [ 46%] [32mBuilding CXX object PlugIns/ParticleFX/CMakeFiles/Plugin_ParticleFX.dir/src/OgreColourInterpolatorAffector.cpp.o[0m
[204.276s] [ 46%] [32mBuilding CXX object PlugIns/PCZSceneManager/CMakeFiles/Plugin_PCZSceneManager.dir/src/OgrePCPlane.cpp.o[0m
[205.668s] [ 47%] [32mBuilding CXX object Components/Volume/CMakeFiles/OgreVolume.dir/src/OgreVolumeChunkHandler.cpp.o[0m
[205.767s] [ 47%] [32mBuilding CXX object PlugIns/ParticleFX/CMakeFiles/Plugin_ParticleFX.dir/src/OgreCylinderEmitter.cpp.o[0m
[206.048s] [ 47%] [32mBuilding CXX object RenderSystems/GLSupport/CMakeFiles/OgreGLSupport.dir/src/GLX/OgreGLXRenderTexture.cpp.o[0m
[206.648s] [ 47%] [32mBuilding CXX object PlugIns/BSPSceneManager/CMakeFiles/Plugin_BSPSceneManager.dir/src/OgreBspSceneLoader.cpp.o[0m
[206.726s] [ 47%] [32mBuilding CXX object PlugIns/PCZSceneManager/CMakeFiles/Plugin_PCZSceneManager.dir/src/OgrePCZCamera.cpp.o[0m
[206.792s] [ 47%] [32mBuilding CXX object Components/Paging/CMakeFiles/OgrePaging.dir/src/OgrePageContent.cpp.o[0m
[207.316s] [ 47%] [32mBuilding CXX object Components/Volume/CMakeFiles/OgreVolume.dir/src/OgreVolumeDualGridGenerator.cpp.o[0m
[207.897s] [ 48%] [32mBuilding CXX object PlugIns/ParticleFX/CMakeFiles/Plugin_ParticleFX.dir/src/OgreDeflectorPlaneAffector.cpp.o[0m
[208.700s] [ 48%] [32mBuilding CXX object PlugIns/BSPSceneManager/CMakeFiles/Plugin_BSPSceneManager.dir/src/OgreBspSceneManager.cpp.o[0m
[208.736s] [ 48%] [32mBuilding CXX object Components/Paging/CMakeFiles/OgrePaging.dir/src/OgrePageContentCollection.cpp.o[0m
[208.749s] [ 49%] [32mBuilding CXX object PlugIns/OctreeSceneManager/CMakeFiles/Plugin_OctreeSceneManager.dir/src/OgreOctreeSceneManager.cpp.o[0m
[209.062s] [ 50%] [32m[1mLinking CXX shared library ../../lib/Codec_STBI.so[0m
[209.789s] [ 50%] Built target Codec_STBI
[209.877s] [ 50%] [32mBuilding CXX object PlugIns/PCZSceneManager/CMakeFiles/Plugin_PCZSceneManager.dir/src/OgrePCZFrustum.cpp.o[0m
[210.597s] [ 51%] [32mBuilding CXX object PlugIns/PCZSceneManager/CMakeFiles/Plugin_PCZSceneManager.dir/src/OgrePCZLight.cpp.o[0m
[211.275s] [ 51%] [32mBuilding CXX object Components/Paging/CMakeFiles/OgrePaging.dir/src/OgrePageManager.cpp.o[0m
[211.613s] [ 51%] [32mBuilding CXX object PlugIns/ParticleFX/CMakeFiles/Plugin_ParticleFX.dir/src/OgreDirectionRandomiserAffector.cpp.o[0m
[212.001s] [ 51%] [32mBuilding CXX object Components/Paging/CMakeFiles/OgrePaging.dir/src/OgrePagedWorld.cpp.o[0m
[213.557s] [ 51%] [32mBuilding CXX object Components/Overlay/CMakeFiles/OgreOverlay.dir/src/OgreImGuiOverlay.cpp.o[0m
[213.700s] [ 51%] [32mBuilding CXX object PlugIns/OctreeSceneManager/CMakeFiles/Plugin_OctreeSceneManager.dir/src/OgreOctreeSceneManagerDll.cpp.o[0m
[214.241s] [ 51%] [32mBuilding CXX object PlugIns/OctreeSceneManager/CMakeFiles/Plugin_OctreeSceneManager.dir/src/OgreOctreeSceneQuery.cpp.o[0m
[214.293s] [ 51%] [32mBuilding CXX object PlugIns/PCZSceneManager/CMakeFiles/Plugin_PCZSceneManager.dir/src/OgrePCZPlugin.cpp.o[0m
