-- Found ament_cmake: 1.3.12 (/opt/ros/humble/share/ament_cmake/cmake)
-- Found rclcpp: 16.0.14 (/opt/ros/humble/share/rclcpp/cmake)
-- Found rosidl_generator_c: 3.1.7 (/opt/ros/humble/share/rosidl_generator_c/cmake)
-- Found rosidl_adapter: 3.1.7 (/opt/ros/humble/share/rosidl_adapter/cmake)
-- Found rosidl_generator_cpp: 3.1.7 (/opt/ros/humble/share/rosidl_generator_cpp/cmake)
-- Using all available rosidl_typesupport_c: rosidl_typesupport_fastrtps_c;rosidl_typesupport_introspection_c
-- Using all available rosidl_typesupport_cpp: rosidl_typesupport_fastrtps_cpp;rosidl_typesupport_introspection_cpp
-- Found rmw_implementation_cmake: 6.1.2 (/opt/ros/humble/share/rmw_implementation_cmake/cmake)
-- Found rmw_fastrtps_cpp: 6.2.8 (/opt/ros/humble/share/rmw_fastrtps_cpp/cmake)
-- Using RMW implementation 'rmw_fastrtps_cpp' as default
-- Configuring done
-- Generating done
-- Build files have been written to: /home/kraken/snappyNano/build/snappy_cpp
[ 50%] [32mBuilding CXX object CMakeFiles/helloWorld.dir/src/test.cpp.o[0m
[100%] [32m[1mLinking CXX executable helloWorld[0m
[100%] Built target helloWorld
-- Install configuration: ""
-- Installing: /home/kraken/snappyNano/install/snappy_cpp/lib/snappy_cpp/helloWorld
-- Set runtime path of "/home/kraken/snappyNano/install/snappy_cpp/lib/snappy_cpp/helloWorld" to ""
-- Installing: /home/kraken/snappyNano/install/snappy_cpp/share/ament_index/resource_index/package_run_dependencies/snappy_cpp
-- Installing: /home/kraken/snappyNano/install/snappy_cpp/share/ament_index/resource_index/parent_prefix_path/snappy_cpp
-- Installing: /home/kraken/snappyNano/install/snappy_cpp/share/snappy_cpp/environment/ament_prefix_path.sh
-- Installing: /home/kraken/snappyNano/install/snappy_cpp/share/snappy_cpp/environment/ament_prefix_path.dsv
-- Installing: /home/kraken/snappyNano/install/snappy_cpp/share/snappy_cpp/environment/path.sh
-- Installing: /home/kraken/snappyNano/install/snappy_cpp/share/snappy_cpp/environment/path.dsv
-- Installing: /home/kraken/snappyNano/install/snappy_cpp/share/snappy_cpp/local_setup.bash
-- Installing: /home/kraken/snappyNano/install/snappy_cpp/share/snappy_cpp/local_setup.sh
-- Installing: /home/kraken/snappyNano/install/snappy_cpp/share/snappy_cpp/local_setup.zsh
-- Installing: /home/kraken/snappyNano/install/snappy_cpp/share/snappy_cpp/local_setup.dsv
-- Installing: /home/kraken/snappyNano/install/snappy_cpp/share/snappy_cpp/package.dsv
-- Installing: /home/kraken/snappyNano/install/snappy_cpp/share/ament_index/resource_index/packages/snappy_cpp
-- Installing: /home/kraken/snappyNano/install/snappy_cpp/share/snappy_cpp/cmake/snappy_cppConfig.cmake
-- Installing: /home/kraken/snappyNano/install/snappy_cpp/share/snappy_cpp/cmake/snappy_cppConfig-version.cmake
-- Installing: /home/kraken/snappyNano/install/snappy_cpp/share/snappy_cpp/package.xml
