[0.020s] Invoking command in '/home/kraken/snappyNano/build/snappy_cpp': CMAKE_PREFIX_PATH=${CMAKE_PREFIX_PATH}:/opt/ros/humble /usr/bin/cmake /home/kraken/snappyNano/src/snappy_cpp -DCMAKE_INSTALL_PREFIX=/home/kraken/snappyNano/install/snappy_cpp
[0.042s] -- Found ament_cmake: 1.3.12 (/opt/ros/humble/share/ament_cmake/cmake)
[0.290s] -- Found rclcpp: 16.0.14 (/opt/ros/humble/share/rclcpp/cmake)
[0.332s] -- Found rosidl_generator_c: 3.1.7 (/opt/ros/humble/share/rosidl_generator_c/cmake)
[0.336s] -- Found rosidl_adapter: 3.1.7 (/opt/ros/humble/share/rosidl_adapter/cmake)
[0.347s] -- Found rosidl_generator_cpp: 3.1.7 (/opt/ros/humble/share/rosidl_generator_cpp/cmake)
[0.361s] -- Using all available rosidl_typesupport_c: rosidl_typesupport_fastrtps_c;rosidl_typesupport_introspection_c
[0.379s] -- Using all available rosidl_typesupport_cpp: rosidl_typesupport_fastrtps_cpp;rosidl_typesupport_introspection_cpp
[0.425s] -- Found rmw_implementation_cmake: 6.1.2 (/opt/ros/humble/share/rmw_implementation_cmake/cmake)
[0.427s] -- Found rmw_fastrtps_cpp: 6.2.8 (/opt/ros/humble/share/rmw_fastrtps_cpp/cmake)
[0.577s] -- Using RMW implementation 'rmw_fastrtps_cpp' as default
[0.762s] -- Configuring done
[0.773s] -- Generating done
[0.778s] -- Build files have been written to: /home/kraken/snappyNano/build/snappy_cpp
[0.789s] Invoked command in '/home/kraken/snappyNano/build/snappy_cpp' returned '0': CMAKE_PREFIX_PATH=${CMAKE_PREFIX_PATH}:/opt/ros/humble /usr/bin/cmake /home/kraken/snappyNano/src/snappy_cpp -DCMAKE_INSTALL_PREFIX=/home/kraken/snappyNano/install/snappy_cpp
[0.792s] Invoking command in '/home/kraken/snappyNano/build/snappy_cpp': CMAKE_PREFIX_PATH=${CMAKE_PREFIX_PATH}:/opt/ros/humble /usr/bin/cmake --build /home/kraken/snappyNano/build/snappy_cpp -- -j14 -l14
[0.889s] [ 50%] [32mBuilding CXX object CMakeFiles/helloWorld.dir/src/test.cpp.o[0m
[5.292s] [100%] [32m[1mLinking CXX executable helloWorld[0m
[5.487s] [100%] Built target helloWorld
[5.509s] Invoked command in '/home/kraken/snappyNano/build/snappy_cpp' returned '0': CMAKE_PREFIX_PATH=${CMAKE_PREFIX_PATH}:/opt/ros/humble /usr/bin/cmake --build /home/kraken/snappyNano/build/snappy_cpp -- -j14 -l14
[5.524s] Invoking command in '/home/kraken/snappyNano/build/snappy_cpp': CMAKE_PREFIX_PATH=${CMAKE_PREFIX_PATH}:/opt/ros/humble /usr/bin/cmake --install /home/kraken/snappyNano/build/snappy_cpp
[5.535s] -- Install configuration: ""
[5.535s] -- Installing: /home/kraken/snappyNano/install/snappy_cpp/lib/snappy_cpp/helloWorld
[5.535s] -- Set runtime path of "/home/kraken/snappyNano/install/snappy_cpp/lib/snappy_cpp/helloWorld" to ""
[5.535s] -- Installing: /home/kraken/snappyNano/install/snappy_cpp/share/ament_index/resource_index/package_run_dependencies/snappy_cpp
[5.536s] -- Installing: /home/kraken/snappyNano/install/snappy_cpp/share/ament_index/resource_index/parent_prefix_path/snappy_cpp
[5.536s] -- Installing: /home/kraken/snappyNano/install/snappy_cpp/share/snappy_cpp/environment/ament_prefix_path.sh
[5.536s] -- Installing: /home/kraken/snappyNano/install/snappy_cpp/share/snappy_cpp/environment/ament_prefix_path.dsv
[5.536s] -- Installing: /home/kraken/snappyNano/install/snappy_cpp/share/snappy_cpp/environment/path.sh
[5.536s] -- Installing: /home/kraken/snappyNano/install/snappy_cpp/share/snappy_cpp/environment/path.dsv
[5.537s] -- Installing: /home/kraken/snappyNano/install/snappy_cpp/share/snappy_cpp/local_setup.bash
[5.537s] -- Installing: /home/kraken/snappyNano/install/snappy_cpp/share/snappy_cpp/local_setup.sh
[5.537s] -- Installing: /home/kraken/snappyNano/install/snappy_cpp/share/snappy_cpp/local_setup.zsh
[5.537s] -- Installing: /home/kraken/snappyNano/install/snappy_cpp/share/snappy_cpp/local_setup.dsv
[5.537s] -- Installing: /home/kraken/snappyNano/install/snappy_cpp/share/snappy_cpp/package.dsv
[5.537s] -- Installing: /home/kraken/snappyNano/install/snappy_cpp/share/ament_index/resource_index/packages/snappy_cpp
[5.537s] -- Installing: /home/kraken/snappyNano/install/snappy_cpp/share/snappy_cpp/cmake/snappy_cppConfig.cmake
[5.538s] -- Installing: /home/kraken/snappyNano/install/snappy_cpp/share/snappy_cpp/cmake/snappy_cppConfig-version.cmake
[5.538s] -- Installing: /home/kraken/snappyNano/install/snappy_cpp/share/snappy_cpp/package.xml
[5.541s] Invoked command in '/home/kraken/snappyNano/build/snappy_cpp' returned '0': CMAKE_PREFIX_PATH=${CMAKE_PREFIX_PATH}:/opt/ros/humble /usr/bin/cmake --install /home/kraken/snappyNano/build/snappy_cpp
