gmake[5]: *** [PlugIns/ParticleFX/CMakeFiles/Plugin_ParticleFX.dir/build.make:286: PlugIns/ParticleFX/CMakeFiles/Plugin_ParticleFX.dir/src/OgreRingEmitter.cpp.o] Interrupt
gmake[5]: *** [PlugIns/ParticleFX/CMakeFiles/Plugin_ParticleFX.dir/build.make:272: PlugIns/ParticleFX/CMakeFiles/Plugin_ParticleFX.dir/src/OgrePointEmitter.cpp.o] Interrupt
gmake[5]: *** [Components/Volume/CMakeFiles/OgreVolume.dir/build.make:216: Components/Volume/CMakeFiles/OgreVolume.dir/src/OgreVolumeOctreeNode.cpp.o] Interrupt
gmake[5]: *** [PlugIns/ParticleFX/CMakeFiles/Plugin_ParticleFX.dir/build.make:258: PlugIns/ParticleFX/CMakeFiles/Plugin_ParticleFX.dir/src/OgreParticleFXPlugin.cpp.o] Interrupt
gmake[5]: *** [PlugIns/BSPSceneManager/CMakeFiles/Plugin_BSPSceneManager.dir/build.make:146: PlugIns/BSPSceneManager/CMakeFiles/Plugin_BSPSceneManager.dir/src/OgreBspSceneManagerPlugin.cpp.o] Interrupt
gmake[5]: *** [PlugIns/BSPSceneManager/CMakeFiles/Plugin_BSPSceneManager.dir/build.make:160: PlugIns/BSPSceneManager/CMakeFiles/Plugin_BSPSceneManager.dir/src/OgreBspSceneNode.cpp.o] Interrupt
gmake[5]: *** [PlugIns/BSPSceneManager/CMakeFiles/Plugin_BSPSceneManager.dir/build.make:188: PlugIns/BSPSceneManager/CMakeFiles/Plugin_BSPSceneManager.dir/src/OgreQuake3Shader.cpp.o] Interrupt
gmake[5]: *** [Components/RTShaderSystem/CMakeFiles/OgreRTShaderSystem.dir/build.make:77: Components/RTShaderSystem/CMakeFiles/OgreRTShaderSystem.dir/cmake_pch.hxx.gch] Interrupt
gmake[5]: *** Deleting file 'Components/MeshLodGenerator/CMakeFiles/OgreMeshLodGenerator.dir/cmake_pch.hxx.gch'
gmake[5]: *** [Components/MeshLodGenerator/CMakeFiles/OgreMeshLodGenerator.dir/build.make:77: Components/MeshLodGenerator/CMakeFiles/OgreMeshLodGenerator.dir/cmake_pch.hxx.gch] Interrupt
gmake[5]: *** [RenderSystems/GLSupport/CMakeFiles/OgreGLSupport.dir/build.make:160: RenderSystems/GLSupport/CMakeFiles/OgreGLSupport.dir/src/GLSL/OgreGLSLProgramManagerCommon.cpp.o] Interrupt
gmake[5]: *** [RenderSystems/GLSupport/CMakeFiles/OgreGLSupport.dir/build.make:174: RenderSystems/GLSupport/CMakeFiles/OgreGLSupport.dir/src/GLSL/OgreGLSLShaderCommon.cpp.o] Interrupt
gmake[5]: *** [Components/Volume/CMakeFiles/OgreVolume.dir/build.make:202: Components/Volume/CMakeFiles/OgreVolume.dir/src/OgreVolumeMeshBuilder.cpp.o] Interrupt
gmake[5]: *** [Components/Overlay/CMakeFiles/OgreOverlay.dir/build.make:160: Components/Overlay/CMakeFiles/OgreOverlay.dir/src/OgreOverlayElement.cpp.o] Interrupt
gmake[4]: *** [CMakeFiles/Makefile2:635: PlugIns/BSPSceneManager/CMakeFiles/Plugin_BSPSceneManager.dir/all] Interrupt
gmake[4]: *** [CMakeFiles/Makefile2:923: Components/Volume/CMakeFiles/OgreVolume.dir/all] Interrupt
gmake[4]: *** [CMakeFiles/Makefile2:713: PlugIns/ParticleFX/CMakeFiles/Plugin_ParticleFX.dir/all] Interrupt
gmake[5]: *** [PlugIns/PCZSceneManager/CMakeFiles/Plugin_PCZSceneManager.dir/build.make:188: PlugIns/PCZSceneManager/CMakeFiles/Plugin_PCZSceneManager.dir/src/OgrePCZSceneManager.cpp.o] Interrupt
gmake[4]: *** [CMakeFiles/Makefile2:529: RenderSystems/GLSupport/CMakeFiles/OgreGLSupport.dir/all] Interrupt
gmake[4]: *** [CMakeFiles/Makefile2:897: Components/RTShaderSystem/CMakeFiles/OgreRTShaderSystem.dir/all] Interrupt
gmake[4]: *** [CMakeFiles/Makefile2:818: Components/MeshLodGenerator/CMakeFiles/OgreMeshLodGenerator.dir/all] Interrupt
gmake[4]: *** [CMakeFiles/Makefile2:949: Components/Overlay/CMakeFiles/OgreOverlay.dir/all] Interrupt
gmake[4]: *** [CMakeFiles/Makefile2:739: PlugIns/PCZSceneManager/CMakeFiles/Plugin_PCZSceneManager.dir/all] Interrupt
gmake[3]: *** [Makefile:156: all] Interrupt
gmake[2]: *** [CMakeFiles/ogre_vendor.dir/build.make:85: ogre_vendor-prefix/src/ogre_vendor-stamp/ogre_vendor-build] Interrupt
gmake[1]: *** [CMakeFiles/Makefile2:137: CMakeFiles/ogre_vendor.dir/all] Interrupt
gmake: *** [Makefile:146: all] Interrupt
