[ 14%] [34m[1mPerforming build step for 'ogre_vendor'[0m
[35m[1mConsolidate compiler generated dependencies of target OgreMain[0m
[ 38%] Built target OgreMain
[35m[1mConsolidate compiler generated dependencies of target Codec_STBI[0m
[35m[1mConsolidate compiler generated dependencies of target Plugin_BSPSceneManager[0m
[35m[1mConsolidate compiler generated dependencies of target OgreProperty[0m
[35m[1mConsolidate compiler generated dependencies of target OgreGLSupport[0m
[35m[1mConsolidate compiler generated dependencies of target Codec_EXR[0m
[35m[1mConsolidate compiler generated dependencies of target Plugin_OctreeSceneManager[0m
[35m[1mConsolidate compiler generated dependencies of target OgrePaging[0m
[35m[1mConsolidate compiler generated dependencies of target Plugin_PCZSceneManager[0m
[35m[1mConsolidate compiler generated dependencies of target Plugin_ParticleFX[0m
[35m[1mConsolidate compiler generated dependencies of target OgreVolume[0m
[ 39%] [32mBuilding CXX object Components/MeshLodGenerator/CMakeFiles/OgreMeshLodGenerator.dir/cmake_pch.hxx.gch[0m
[ 40%] Built target Codec_STBI
[35m[1mConsolidate compiler generated dependencies of target OgreOverlay[0m
[ 41%] Built target OgreProperty
[ 41%] [32mBuilding CXX object PlugIns/BSPSceneManager/CMakeFiles/Plugin_BSPSceneManager.dir/src/OgreBspSceneManagerPlugin.cpp.o[0m
[ 41%] [32mBuilding CXX object Components/RTShaderSystem/CMakeFiles/OgreRTShaderSystem.dir/cmake_pch.hxx.gch[0m
[ 41%] [32mBuilding CXX object RenderSystems/GLSupport/CMakeFiles/OgreGLSupport.dir/src/GLSL/OgreGLSLProgramManagerCommon.cpp.o[0m
[ 41%] [32mBuilding CXX object PlugIns/BSPSceneManager/CMakeFiles/Plugin_BSPSceneManager.dir/src/OgreQuake3Level.cpp.o[0m
[ 42%] [32mBuilding CXX object PlugIns/BSPSceneManager/CMakeFiles/Plugin_BSPSceneManager.dir/src/OgreBspSceneNode.cpp.o[0m
[ 42%] [32mBuilding CXX object Components/Paging/CMakeFiles/OgrePaging.dir/src/OgreSimplePageContentCollection.cpp.o[0m
[ 42%] Built target Codec_EXR
[ 42%] [32mBuilding CXX object PlugIns/PCZSceneManager/CMakeFiles/Plugin_PCZSceneManager.dir/src/OgrePCZSceneManager.cpp.o[0m
[ 42%] [32mBuilding CXX object PlugIns/BSPSceneManager/CMakeFiles/Plugin_BSPSceneManager.dir/src/OgreQuake3Shader.cpp.o[0m
[ 44%] Built target Plugin_OctreeSceneManager
[ 44%] [32mBuilding CXX object Components/Volume/CMakeFiles/OgreVolume.dir/src/OgreVolumeMeshBuilder.cpp.o[0m
[ 44%] [32mBuilding CXX object RenderSystems/GLSupport/CMakeFiles/OgreGLSupport.dir/src/GLSL/OgreGLSLShaderCommon.cpp.o[0m
[ 44%] [32mBuilding CXX object Components/Overlay/CMakeFiles/OgreOverlay.dir/src/OgreOverlayElement.cpp.o[0m
[ 44%] [32mBuilding CXX object PlugIns/ParticleFX/CMakeFiles/Plugin_ParticleFX.dir/src/OgreParticleFXPlugin.cpp.o[0m
[ 44%] [32mBuilding CXX object PlugIns/BSPSceneManager/CMakeFiles/Plugin_BSPSceneManager.dir/src/OgreQuake3ShaderManager.cpp.o[0m
[ 44%] [32m[1mLinking CXX shared library ../../lib/libOgrePaging.so[0m
[ 44%] [32mBuilding CXX object PlugIns/ParticleFX/CMakeFiles/Plugin_ParticleFX.dir/src/OgrePointEmitter.cpp.o[0m
[ 46%] Built target OgrePaging
[ 46%] [32mBuilding CXX object PlugIns/ParticleFX/CMakeFiles/Plugin_ParticleFX.dir/src/OgreRingEmitter.cpp.o[0m
[ 46%] [32mBuilding CXX object Components/Volume/CMakeFiles/OgreVolume.dir/src/OgreVolumeOctreeNode.cpp.o[0m
