[0.064s] Invoking command in '/home/kraken/snappyNano/src/build/rviz_ogre_vendor': /usr/bin/cmake --build /home/kraken/snappyNano/src/build/rviz_ogre_vendor -- -j14 -l14
[0.169s] [ 14%] [34m[1mPerforming build step for 'ogre_vendor'[0m
[0.308s] [35m[1mConsolidate compiler generated dependencies of target OgreMain[0m
[0.372s] [ 38%] Built target OgreMain
[0.401s] [35m[1mConsolidate compiler generated dependencies of target Codec_STBI[0m
[0.406s] [35m[1mConsolidate compiler generated dependencies of target Plugin_BSPSceneManager[0m
[0.407s] [35m[1mConsolidate compiler generated dependencies of target OgreProperty[0m
[0.407s] [35m[1mConsolidate compiler generated dependencies of target OgreGLSupport[0m
[0.410s] [35m[1mConsolidate compiler generated dependencies of target Codec_EXR[0m
[0.411s] [35m[1mConsolidate compiler generated dependencies of target Plugin_OctreeSceneManager[0m
[0.417s] [35m[1mConsolidate compiler generated dependencies of target OgrePaging[0m
[0.421s] [35m[1mConsolidate compiler generated dependencies of target Plugin_PCZSceneManager[0m
[0.422s] [35m[1mConsolidate compiler generated dependencies of target Plugin_ParticleFX[0m
[0.427s] [35m[1mConsolidate compiler generated dependencies of target OgreVolume[0m
[0.431s] [ 39%] [32mBuilding CXX object Components/MeshLodGenerator/CMakeFiles/OgreMeshLodGenerator.dir/cmake_pch.hxx.gch[0m
[0.432s] [ 40%] Built target Codec_STBI
[0.432s] [35m[1mConsolidate compiler generated dependencies of target OgreOverlay[0m
[0.442s] [ 41%] Built target OgreProperty
[0.442s] [ 41%] [32mBuilding CXX object PlugIns/BSPSceneManager/CMakeFiles/Plugin_BSPSceneManager.dir/src/OgreBspSceneManagerPlugin.cpp.o[0m
[0.446s] [ 41%] [32mBuilding CXX object Components/RTShaderSystem/CMakeFiles/OgreRTShaderSystem.dir/cmake_pch.hxx.gch[0m
[0.454s] [ 41%] [32mBuilding CXX object RenderSystems/GLSupport/CMakeFiles/OgreGLSupport.dir/src/GLSL/OgreGLSLProgramManagerCommon.cpp.o[0m
[0.454s] [ 41%] [32mBuilding CXX object PlugIns/BSPSceneManager/CMakeFiles/Plugin_BSPSceneManager.dir/src/OgreQuake3Level.cpp.o[0m
[0.455s] [ 42%] [32mBuilding CXX object PlugIns/BSPSceneManager/CMakeFiles/Plugin_BSPSceneManager.dir/src/OgreBspSceneNode.cpp.o[0m
[0.468s] [ 42%] [32mBuilding CXX object Components/Paging/CMakeFiles/OgrePaging.dir/src/OgreSimplePageContentCollection.cpp.o[0m
[0.469s] [ 42%] Built target Codec_EXR
[0.470s] [ 42%] [32mBuilding CXX object PlugIns/PCZSceneManager/CMakeFiles/Plugin_PCZSceneManager.dir/src/OgrePCZSceneManager.cpp.o[0m
[0.477s] [ 42%] [32mBuilding CXX object PlugIns/BSPSceneManager/CMakeFiles/Plugin_BSPSceneManager.dir/src/OgreQuake3Shader.cpp.o[0m
[0.484s] [ 44%] Built target Plugin_OctreeSceneManager
[0.484s] [ 44%] [32mBuilding CXX object Components/Volume/CMakeFiles/OgreVolume.dir/src/OgreVolumeMeshBuilder.cpp.o[0m
[0.492s] [ 44%] [32mBuilding CXX object RenderSystems/GLSupport/CMakeFiles/OgreGLSupport.dir/src/GLSL/OgreGLSLShaderCommon.cpp.o[0m
[0.493s] [ 44%] [32mBuilding CXX object Components/Overlay/CMakeFiles/OgreOverlay.dir/src/OgreOverlayElement.cpp.o[0m
[0.493s] [ 44%] [32mBuilding CXX object PlugIns/ParticleFX/CMakeFiles/Plugin_ParticleFX.dir/src/OgreParticleFXPlugin.cpp.o[0m
[0.501s] [ 44%] [32mBuilding CXX object PlugIns/BSPSceneManager/CMakeFiles/Plugin_BSPSceneManager.dir/src/OgreQuake3ShaderManager.cpp.o[0m
[4.079s] [ 44%] [32m[1mLinking CXX shared library ../../lib/libOgrePaging.so[0m
[4.428s] [ 44%] [32mBuilding CXX object PlugIns/ParticleFX/CMakeFiles/Plugin_ParticleFX.dir/src/OgrePointEmitter.cpp.o[0m
[5.100s] [ 46%] Built target OgrePaging
[5.142s] [ 46%] [32mBuilding CXX object PlugIns/ParticleFX/CMakeFiles/Plugin_ParticleFX.dir/src/OgreRingEmitter.cpp.o[0m
[5.288s] [ 46%] [32mBuilding CXX object Components/Volume/CMakeFiles/OgreVolume.dir/src/OgreVolumeOctreeNode.cpp.o[0m
[6.032s] gmake[5]: *** [PlugIns/ParticleFX/CMakeFiles/Plugin_ParticleFX.dir/build.make:286: PlugIns/ParticleFX/CMakeFiles/Plugin_ParticleFX.dir/src/OgreRingEmitter.cpp.o] Interrupt
[6.035s] gmake[5]: *** [PlugIns/ParticleFX/CMakeFiles/Plugin_ParticleFX.dir/build.make:272: PlugIns/ParticleFX/CMakeFiles/Plugin_ParticleFX.dir/src/OgrePointEmitter.cpp.o] Interrupt
[6.055s] gmake[5]: *** [Components/Volume/CMakeFiles/OgreVolume.dir/build.make:216: Components/Volume/CMakeFiles/OgreVolume.dir/src/OgreVolumeOctreeNode.cpp.o] Interrupt
[6.070s] gmake[5]: *** [PlugIns/ParticleFX/CMakeFiles/Plugin_ParticleFX.dir/build.make:258: PlugIns/ParticleFX/CMakeFiles/Plugin_ParticleFX.dir/src/OgreParticleFXPlugin.cpp.o] Interrupt
[6.075s] gmake[5]: *** [PlugIns/BSPSceneManager/CMakeFiles/Plugin_BSPSceneManager.dir/build.make:146: PlugIns/BSPSceneManager/CMakeFiles/Plugin_BSPSceneManager.dir/src/OgreBspSceneManagerPlugin.cpp.o] Interrupt
[6.078s] gmake[5]: *** [PlugIns/BSPSceneManager/CMakeFiles/Plugin_BSPSceneManager.dir/build.make:160: PlugIns/BSPSceneManager/CMakeFiles/Plugin_BSPSceneManager.dir/src/OgreBspSceneNode.cpp.o] Interrupt
[6.078s] gmake[5]: *** [PlugIns/BSPSceneManager/CMakeFiles/Plugin_BSPSceneManager.dir/build.make:188: PlugIns/BSPSceneManager/CMakeFiles/Plugin_BSPSceneManager.dir/src/OgreQuake3Shader.cpp.o] Interrupt
[6.078s] gmake[5]: *** [Components/RTShaderSystem/CMakeFiles/OgreRTShaderSystem.dir/build.make:77: Components/RTShaderSystem/CMakeFiles/OgreRTShaderSystem.dir/cmake_pch.hxx.gch] Interrupt
[6.091s] gmake[5]: *** Deleting file 'Components/MeshLodGenerator/CMakeFiles/OgreMeshLodGenerator.dir/cmake_pch.hxx.gch'
[6.091s] gmake[5]: *** [Components/MeshLodGenerator/CMakeFiles/OgreMeshLodGenerator.dir/build.make:77: Components/MeshLodGenerator/CMakeFiles/OgreMeshLodGenerator.dir/cmake_pch.hxx.gch] Interrupt
[6.091s] gmake[5]: *** [RenderSystems/GLSupport/CMakeFiles/OgreGLSupport.dir/build.make:160: RenderSystems/GLSupport/CMakeFiles/OgreGLSupport.dir/src/GLSL/OgreGLSLProgramManagerCommon.cpp.o] Interrupt
[6.092s] gmake[5]: *** [RenderSystems/GLSupport/CMakeFiles/OgreGLSupport.dir/build.make:174: RenderSystems/GLSupport/CMakeFiles/OgreGLSupport.dir/src/GLSL/OgreGLSLShaderCommon.cpp.o] Interrupt
[6.092s] gmake[5]: *** [Components/Volume/CMakeFiles/OgreVolume.dir/build.make:202: Components/Volume/CMakeFiles/OgreVolume.dir/src/OgreVolumeMeshBuilder.cpp.o] Interrupt
[6.092s] gmake[5]: *** [Components/Overlay/CMakeFiles/OgreOverlay.dir/build.make:160: Components/Overlay/CMakeFiles/OgreOverlay.dir/src/OgreOverlayElement.cpp.o] Interrupt
[6.092s] gmake[4]: *** [CMakeFiles/Makefile2:635: PlugIns/BSPSceneManager/CMakeFiles/Plugin_BSPSceneManager.dir/all] Interrupt
[6.092s] gmake[4]: *** [CMakeFiles/Makefile2:923: Components/Volume/CMakeFiles/OgreVolume.dir/all] Interrupt
[6.092s] gmake[4]: *** [CMakeFiles/Makefile2:713: PlugIns/ParticleFX/CMakeFiles/Plugin_ParticleFX.dir/all] Interrupt
[6.092s] gmake[5]: *** [PlugIns/PCZSceneManager/CMakeFiles/Plugin_PCZSceneManager.dir/build.make:188: PlugIns/PCZSceneManager/CMakeFiles/Plugin_PCZSceneManager.dir/src/OgrePCZSceneManager.cpp.o] Interrupt
[6.092s] gmake[4]: *** [CMakeFiles/Makefile2:529: RenderSystems/GLSupport/CMakeFiles/OgreGLSupport.dir/all] Interrupt
[6.092s] gmake[4]: *** [CMakeFiles/Makefile2:897: Components/RTShaderSystem/CMakeFiles/OgreRTShaderSystem.dir/all] Interrupt
[6.092s] gmake[4]: *** [CMakeFiles/Makefile2:818: Components/MeshLodGenerator/CMakeFiles/OgreMeshLodGenerator.dir/all] Interrupt
[6.092s] gmake[4]: *** [CMakeFiles/Makefile2:949: Components/Overlay/CMakeFiles/OgreOverlay.dir/all] Interrupt
[6.092s] gmake[4]: *** [CMakeFiles/Makefile2:739: PlugIns/PCZSceneManager/CMakeFiles/Plugin_PCZSceneManager.dir/all] Interrupt
[6.093s] gmake[3]: *** [Makefile:156: all] Interrupt
[6.125s] gmake[2]: *** [CMakeFiles/ogre_vendor.dir/build.make:85: ogre_vendor-prefix/src/ogre_vendor-stamp/ogre_vendor-build] Interrupt
[6.126s] gmake[1]: *** [CMakeFiles/Makefile2:137: CMakeFiles/ogre_vendor.dir/all] Interrupt
[6.126s] gmake: *** [Makefile:146: all] Interrupt
