-- Found ament_cmake: 1.3.12 (/opt/ros/humble/share/ament_cmake/cmake)
-- Override CMake install command with custom implementation using symlinks instead of copying resources
-- Found rclcpp: 16.0.14 (/opt/ros/humble/share/rclcpp/cmake)
-- Found rosidl_generator_c: 3.1.7 (/opt/ros/humble/share/rosidl_generator_c/cmake)
-- Found rosidl_adapter: 3.1.7 (/opt/ros/humble/share/rosidl_adapter/cmake)
-- Found rosidl_generator_cpp: 3.1.7 (/opt/ros/humble/share/rosidl_generator_cpp/cmake)
-- Using all available rosidl_typesupport_c: rosidl_typesupport_fastrtps_c;rosidl_typesupport_introspection_c
-- Using all available rosidl_typesupport_cpp: rosidl_typesupport_fastrtps_cpp;rosidl_typesupport_introspection_cpp
-- Found rmw_implementation_cmake: 6.1.2 (/opt/ros/humble/share/rmw_implementation_cmake/cmake)
-- Found rmw_fastrtps_cpp: 6.2.8 (/opt/ros/humble/share/rmw_fastrtps_cpp/cmake)
-- Using RMW implementation 'rmw_fastrtps_cpp' as default
-- Configuring done
-- Generating done
-- Build files have been written to: /home/kraken/snappyNano/src/build/snappy_cpp
[35m[1mConsolidate compiler generated dependencies of target helloWorld[0m
[100%] Built target helloWorld
-- Install configuration: ""
-- Execute custom install script
-- Symlinking: /home/kraken/snappyNano/src/install/snappy_cpp/lib/snappy_cpp/helloWorld
-- Symlinking: /home/kraken/snappyNano/src/install/snappy_cpp/share/ament_index/resource_index/package_run_dependencies/snappy_cpp
-- Symlinking: /home/kraken/snappyNano/src/install/snappy_cpp/share/ament_index/resource_index/parent_prefix_path/snappy_cpp
-- Symlinking: /home/kraken/snappyNano/src/install/snappy_cpp/share/snappy_cpp/environment/ament_prefix_path.sh
-- Symlinking: /home/kraken/snappyNano/src/install/snappy_cpp/share/snappy_cpp/environment/ament_prefix_path.dsv
-- Symlinking: /home/kraken/snappyNano/src/install/snappy_cpp/share/snappy_cpp/environment/path.sh
-- Symlinking: /home/kraken/snappyNano/src/install/snappy_cpp/share/snappy_cpp/environment/path.dsv
-- Symlinking: /home/kraken/snappyNano/src/install/snappy_cpp/share/snappy_cpp/local_setup.bash
-- Symlinking: /home/kraken/snappyNano/src/install/snappy_cpp/share/snappy_cpp/local_setup.sh
-- Symlinking: /home/kraken/snappyNano/src/install/snappy_cpp/share/snappy_cpp/local_setup.zsh
-- Symlinking: /home/kraken/snappyNano/src/install/snappy_cpp/share/snappy_cpp/local_setup.dsv
-- Symlinking: /home/kraken/snappyNano/src/install/snappy_cpp/share/snappy_cpp/package.dsv
-- Symlinking: /home/kraken/snappyNano/src/install/snappy_cpp/share/ament_index/resource_index/packages/snappy_cpp
-- Symlinking: /home/kraken/snappyNano/src/install/snappy_cpp/share/snappy_cpp/cmake/snappy_cppConfig.cmake
-- Symlinking: /home/kraken/snappyNano/src/install/snappy_cpp/share/snappy_cpp/cmake/snappy_cppConfig-version.cmake
-- Symlinking: /home/kraken/snappyNano/src/install/snappy_cpp/share/snappy_cpp/package.xml
