[0.021s] Invoking command in '/home/kraken/snappyNano/src/build/snappy_cpp': CMAKE_PREFIX_PATH=/opt/ros/humble /usr/bin/cmake /home/kraken/snappyNano/src/snappy_cpp -DCMAKE_INSTALL_PREFIX=/home/kraken/snappyNano/src/install/snappy_cpp
[0.077s] -- Found ament_cmake: 1.3.12 (/opt/ros/humble/share/ament_cmake/cmake)
[0.346s] -- Override CMake install command with custom implementation using symlinks instead of copying resources
[0.373s] -- Found rclcpp: 16.0.14 (/opt/ros/humble/share/rclcpp/cmake)
[0.461s] -- Found rosidl_generator_c: 3.1.7 (/opt/ros/humble/share/rosidl_generator_c/cmake)
[0.468s] -- Found rosidl_adapter: 3.1.7 (/opt/ros/humble/share/rosidl_adapter/cmake)
[0.486s] -- Found rosidl_generator_cpp: 3.1.7 (/opt/ros/humble/share/rosidl_generator_cpp/cmake)
[0.509s] -- Using all available rosidl_typesupport_c: rosidl_typesupport_fastrtps_c;rosidl_typesupport_introspection_c
[0.546s] -- Using all available rosidl_typesupport_cpp: rosidl_typesupport_fastrtps_cpp;rosidl_typesupport_introspection_cpp
[0.655s] -- Found rmw_implementation_cmake: 6.1.2 (/opt/ros/humble/share/rmw_implementation_cmake/cmake)
[0.660s] -- Found rmw_fastrtps_cpp: 6.2.8 (/opt/ros/humble/share/rmw_fastrtps_cpp/cmake)
[0.870s] -- Using RMW implementation 'rmw_fastrtps_cpp' as default
[1.153s] -- Configuring done
[1.173s] -- Generating done
[1.178s] -- Build files have been written to: /home/kraken/snappyNano/src/build/snappy_cpp
[1.191s] Invoked command in '/home/kraken/snappyNano/src/build/snappy_cpp' returned '0': CMAKE_PREFIX_PATH=/opt/ros/humble /usr/bin/cmake /home/kraken/snappyNano/src/snappy_cpp -DCMAKE_INSTALL_PREFIX=/home/kraken/snappyNano/src/install/snappy_cpp
[1.196s] Invoking command in '/home/kraken/snappyNano/src/build/snappy_cpp': CMAKE_PREFIX_PATH=/opt/ros/humble /usr/bin/cmake --build /home/kraken/snappyNano/src/build/snappy_cpp -- -j14 -l14
[1.276s] [35m[1mConsolidate compiler generated dependencies of target helloWorld[0m
[1.317s] [100%] Built target helloWorld
[1.338s] Invoked command in '/home/kraken/snappyNano/src/build/snappy_cpp' returned '0': CMAKE_PREFIX_PATH=/opt/ros/humble /usr/bin/cmake --build /home/kraken/snappyNano/src/build/snappy_cpp -- -j14 -l14
[1.361s] Invoking command in '/home/kraken/snappyNano/src/build/snappy_cpp': CMAKE_PREFIX_PATH=/opt/ros/humble /usr/bin/cmake --install /home/kraken/snappyNano/src/build/snappy_cpp
[1.373s] -- Install configuration: ""
[1.374s] -- Execute custom install script
[1.374s] -- Symlinking: /home/kraken/snappyNano/src/install/snappy_cpp/lib/snappy_cpp/helloWorld
[1.389s] -- Symlinking: /home/kraken/snappyNano/src/install/snappy_cpp/share/ament_index/resource_index/package_run_dependencies/snappy_cpp
[1.411s] -- Symlinking: /home/kraken/snappyNano/src/install/snappy_cpp/share/ament_index/resource_index/parent_prefix_path/snappy_cpp
[1.430s] -- Symlinking: /home/kraken/snappyNano/src/install/snappy_cpp/share/snappy_cpp/environment/ament_prefix_path.sh
[1.451s] -- Symlinking: /home/kraken/snappyNano/src/install/snappy_cpp/share/snappy_cpp/environment/ament_prefix_path.dsv
[1.466s] -- Symlinking: /home/kraken/snappyNano/src/install/snappy_cpp/share/snappy_cpp/environment/path.sh
[1.482s] -- Symlinking: /home/kraken/snappyNano/src/install/snappy_cpp/share/snappy_cpp/environment/path.dsv
[1.498s] -- Symlinking: /home/kraken/snappyNano/src/install/snappy_cpp/share/snappy_cpp/local_setup.bash
[1.513s] -- Symlinking: /home/kraken/snappyNano/src/install/snappy_cpp/share/snappy_cpp/local_setup.sh
[1.532s] -- Symlinking: /home/kraken/snappyNano/src/install/snappy_cpp/share/snappy_cpp/local_setup.zsh
[1.555s] -- Symlinking: /home/kraken/snappyNano/src/install/snappy_cpp/share/snappy_cpp/local_setup.dsv
[1.574s] -- Symlinking: /home/kraken/snappyNano/src/install/snappy_cpp/share/snappy_cpp/package.dsv
[1.592s] -- Symlinking: /home/kraken/snappyNano/src/install/snappy_cpp/share/ament_index/resource_index/packages/snappy_cpp
[1.605s] -- Symlinking: /home/kraken/snappyNano/src/install/snappy_cpp/share/snappy_cpp/cmake/snappy_cppConfig.cmake
[1.624s] -- Symlinking: /home/kraken/snappyNano/src/install/snappy_cpp/share/snappy_cpp/cmake/snappy_cppConfig-version.cmake
[1.639s] -- Symlinking: /home/kraken/snappyNano/src/install/snappy_cpp/share/snappy_cpp/package.xml
[1.659s] Invoked command in '/home/kraken/snappyNano/src/build/snappy_cpp' returned '0': CMAKE_PREFIX_PATH=/opt/ros/humble /usr/bin/cmake --install /home/kraken/snappyNano/src/build/snappy_cpp
