[0.037s] Invoking command in '/home/kraken/snappyNano/src/build/rviz_assimp_vendor': CMAKE_PREFIX_PATH=/opt/ros/humble /usr/bin/cmake /home/kraken/snappyNano/src/rviz/rviz_assimp_vendor -DAMENT_CMAKE_SYMLINK_INSTALL=1 -DCMAKE_INSTALL_PREFIX=/home/kraken/snappyNano/src/install/rviz_assimp_vendor
[0.070s] -- Found ament_cmake: 1.3.12 (/opt/ros/humble/share/ament_cmake/cmake)
[0.316s] -- Override CMake install command with custom implementation using symlinks instead of copying resources
[0.331s] -- Found ament_cmake_vendor_package: 1.3.12 (/opt/ros/humble/share/ament_cmake_vendor_package/cmake)
[0.352s] -- Skipping vendor package build for 'assimp_vendor', which is already satisfied
[0.365s] -- Found ament_lint_auto: 0.12.14 (/opt/ros/humble/share/ament_lint_auto/cmake)
[0.484s] -- Added test 'lint_cmake' to check CMake code style
[0.485s] -- Added test 'xmllint' to check XML markup files
[0.488s] -- Configuring done
[0.493s] -- Generating done
[0.496s] -- Build files have been written to: /home/kraken/snappyNano/src/build/rviz_assimp_vendor
[0.503s] Invoked command in '/home/kraken/snappyNano/src/build/rviz_assimp_vendor' returned '0': CMAKE_PREFIX_PATH=/opt/ros/humble /usr/bin/cmake /home/kraken/snappyNano/src/rviz/rviz_assimp_vendor -DAMENT_CMAKE_SYMLINK_INSTALL=1 -DCMAKE_INSTALL_PREFIX=/home/kraken/snappyNano/src/install/rviz_assimp_vendor
[0.507s] Invoking command in '/home/kraken/snappyNano/src/build/rviz_assimp_vendor': CMAKE_PREFIX_PATH=/opt/ros/humble /usr/bin/cmake --build /home/kraken/snappyNano/src/build/rviz_assimp_vendor -- -j14 -l14
[0.587s] Invoked command in '/home/kraken/snappyNano/src/build/rviz_assimp_vendor' returned '0': CMAKE_PREFIX_PATH=/opt/ros/humble /usr/bin/cmake --build /home/kraken/snappyNano/src/build/rviz_assimp_vendor -- -j14 -l14
[0.607s] Invoking command in '/home/kraken/snappyNano/src/build/rviz_assimp_vendor': CMAKE_PREFIX_PATH=/opt/ros/humble /usr/bin/cmake --install /home/kraken/snappyNano/src/build/rviz_assimp_vendor
[0.622s] -- Install configuration: ""
[0.623s] -- Execute custom install script
[0.623s] -- Symlinking: /home/kraken/snappyNano/src/install/rviz_assimp_vendor/share/ament_index/resource_index/package_run_dependencies/rviz_assimp_vendor
[0.639s] -- Symlinking: /home/kraken/snappyNano/src/install/rviz_assimp_vendor/share/ament_index/resource_index/parent_prefix_path/rviz_assimp_vendor
[0.656s] -- Symlinking: /home/kraken/snappyNano/src/install/rviz_assimp_vendor/share/rviz_assimp_vendor/environment/ament_prefix_path.sh
[0.680s] -- Symlinking: /home/kraken/snappyNano/src/install/rviz_assimp_vendor/share/rviz_assimp_vendor/environment/ament_prefix_path.dsv
[0.693s] -- Symlinking: /home/kraken/snappyNano/src/install/rviz_assimp_vendor/share/rviz_assimp_vendor/environment/path.sh
[0.710s] -- Symlinking: /home/kraken/snappyNano/src/install/rviz_assimp_vendor/share/rviz_assimp_vendor/environment/path.dsv
[0.728s] -- Symlinking: /home/kraken/snappyNano/src/install/rviz_assimp_vendor/share/rviz_assimp_vendor/local_setup.bash
[0.746s] -- Symlinking: /home/kraken/snappyNano/src/install/rviz_assimp_vendor/share/rviz_assimp_vendor/local_setup.sh
[0.765s] -- Symlinking: /home/kraken/snappyNano/src/install/rviz_assimp_vendor/share/rviz_assimp_vendor/local_setup.zsh
[0.781s] -- Symlinking: /home/kraken/snappyNano/src/install/rviz_assimp_vendor/share/rviz_assimp_vendor/local_setup.dsv
[0.793s] -- Symlinking: /home/kraken/snappyNano/src/install/rviz_assimp_vendor/share/rviz_assimp_vendor/package.dsv
[0.807s] -- Symlinking: /home/kraken/snappyNano/src/install/rviz_assimp_vendor/share/ament_index/resource_index/packages/rviz_assimp_vendor
[0.821s] -- Symlinking: /home/kraken/snappyNano/src/install/rviz_assimp_vendor/share/rviz_assimp_vendor/cmake/rviz_assimp_vendor-extras.cmake
[0.839s] -- Symlinking: /home/kraken/snappyNano/src/install/rviz_assimp_vendor/share/rviz_assimp_vendor/cmake/rviz_assimp_vendorConfig.cmake
[0.870s] -- Symlinking: /home/kraken/snappyNano/src/install/rviz_assimp_vendor/share/rviz_assimp_vendor/cmake/rviz_assimp_vendorConfig-version.cmake
[0.892s] -- Symlinking: /home/kraken/snappyNano/src/install/rviz_assimp_vendor/share/rviz_assimp_vendor/package.xml
[0.917s] Invoked command in '/home/kraken/snappyNano/src/build/rviz_assimp_vendor' returned '0': CMAKE_PREFIX_PATH=/opt/ros/humble /usr/bin/cmake --install /home/kraken/snappyNano/src/build/rviz_assimp_vendor
