[0.046s] Invoking command in '/home/kraken/snappyNano/src/build/rviz_resource_interfaces': CMAKE_PREFIX_PATH=/opt/ros/humble /usr/bin/cmake --build /home/kraken/snappyNano/src/build/rviz_resource_interfaces -- -j14 -l14
[0.137s] [  3%] [34m[1mGenerating C code for ROS interfaces[0m
[0.156s] [  6%] [34m[1mGenerating C++ code for ROS interfaces[0m
[0.179s] [  6%] Built target ament_cmake_python_copy_rviz_resource_interfaces
[0.679s] running egg_info
[0.680s] creating rviz_resource_interfaces.egg-info
[0.681s] writing rviz_resource_interfaces.egg-info/PKG-INFO
[0.682s] writing dependency_links to rviz_resource_interfaces.egg-info/dependency_links.txt
[0.682s] writing top-level names to rviz_resource_interfaces.egg-info/top_level.txt
[0.682s] writing manifest file 'rviz_resource_interfaces.egg-info/SOURCES.txt'
[0.692s] reading manifest file 'rviz_resource_interfaces.egg-info/SOURCES.txt'
[0.694s] writing manifest file 'rviz_resource_interfaces.egg-info/SOURCES.txt'
[0.769s] [  6%] Built target ament_cmake_python_build_rviz_resource_interfaces_egg
[0.926s] [  6%] Built target rviz_resource_interfaces__cpp
[0.943s] [ 12%] [34m[1mGenerating C++ introspection for ROS interfaces[0m
[0.943s] [ 12%] [34m[1mGenerating C++ type support for eProsima Fast-RTPS[0m
[0.944s] [ 16%] [34m[1mGenerating C++ type support dispatch for ROS interfaces[0m
[0.988s] [ 19%] [32mBuilding C object CMakeFiles/rviz_resource_interfaces__rosidl_generator_c.dir/rosidl_generator_c/rviz_resource_interfaces/srv/detail/get_resource__functions.c.o[0m
[1.112s] [ 22%] [32m[1mLinking C shared library librviz_resource_interfaces__rosidl_generator_c.so[0m
[1.221s] [ 22%] Built target rviz_resource_interfaces__rosidl_generator_c
[1.247s] [ 25%] [34m[1mGenerating C type support dispatch for ROS interfaces[0m
[1.252s] [ 29%] [34m[1mGenerating C introspection for ROS interfaces[0m
[1.269s] [ 32%] [34m[1mGenerating C type support for eProsima Fast-RTPS[0m
[1.660s] [ 35%] [32mBuilding CXX object CMakeFiles/rviz_resource_interfaces__rosidl_typesupport_cpp.dir/rosidl_typesupport_cpp/rviz_resource_interfaces/srv/get_resource__type_support.cpp.o[0m
[1.730s] [ 38%] [32mBuilding CXX object CMakeFiles/rviz_resource_interfaces__rosidl_typesupport_fastrtps_cpp.dir/rosidl_typesupport_fastrtps_cpp/rviz_resource_interfaces/srv/detail/dds_fastrtps/get_resource__type_support.cpp.o[0m
[1.762s] [ 41%] [32mBuilding CXX object CMakeFiles/rviz_resource_interfaces__rosidl_typesupport_introspection_cpp.dir/rosidl_typesupport_introspection_cpp/rviz_resource_interfaces/srv/detail/get_resource__type_support.cpp.o[0m
[2.062s] [ 45%] [32mBuilding CXX object CMakeFiles/rviz_resource_interfaces__rosidl_typesupport_c.dir/rosidl_typesupport_c/rviz_resource_interfaces/srv/get_resource__type_support.cpp.o[0m
[2.102s] [ 48%] [32mBuilding CXX object CMakeFiles/rviz_resource_interfaces__rosidl_typesupport_fastrtps_c.dir/rosidl_typesupport_fastrtps_c/rviz_resource_interfaces/srv/detail/get_resource__type_support_c.cpp.o[0m
[2.117s] [ 51%] [32mBuilding C object CMakeFiles/rviz_resource_interfaces__rosidl_typesupport_introspection_c.dir/rosidl_typesupport_introspection_c/rviz_resource_interfaces/srv/detail/get_resource__type_support.c.o[0m
[2.129s] [ 54%] [32m[1mLinking CXX shared library librviz_resource_interfaces__rosidl_typesupport_c.so[0m
[2.203s] [ 58%] [32m[1mLinking C shared library librviz_resource_interfaces__rosidl_typesupport_introspection_c.so[0m
[2.206s] [ 58%] Built target rviz_resource_interfaces__rosidl_typesupport_c
[2.271s] [ 58%] Built target rviz_resource_interfaces__rosidl_typesupport_introspection_c
[2.276s] [ 61%] [32m[1mLinking CXX shared library librviz_resource_interfaces__rosidl_typesupport_cpp.so[0m
[2.354s] [ 61%] Built target rviz_resource_interfaces__rosidl_typesupport_cpp
[2.641s] [ 64%] [32m[1mLinking CXX shared library librviz_resource_interfaces__rosidl_typesupport_introspection_cpp.so[0m
[2.655s] [ 67%] [32m[1mLinking CXX shared library librviz_resource_interfaces__rosidl_typesupport_fastrtps_cpp.so[0m
[2.800s] [ 67%] Built target rviz_resource_interfaces__rosidl_typesupport_fastrtps_cpp
[2.833s] [ 67%] Built target rviz_resource_interfaces__rosidl_typesupport_introspection_cpp
[2.866s] [ 70%] [32m[1mLinking CXX shared library librviz_resource_interfaces__rosidl_typesupport_fastrtps_c.so[0m
[3.004s] [ 70%] Built target rviz_resource_interfaces__rosidl_typesupport_fastrtps_c
[3.056s] [ 70%] Built target rviz_resource_interfaces
[3.107s] [ 74%] [34m[1mGenerating Python code for ROS interfaces[0m
[4.290s] [ 74%] Built target rviz_resource_interfaces__py
[4.333s] [ 77%] [32mBuilding C object CMakeFiles/rviz_resource_interfaces__rosidl_generator_py.dir/rosidl_generator_py/rviz_resource_interfaces/srv/_get_resource_s.c.o[0m
[4.616s] [ 80%] [32m[1mLinking C shared library rosidl_generator_py/rviz_resource_interfaces/librviz_resource_interfaces__rosidl_generator_py.so[0m
[4.701s] [ 80%] Built target rviz_resource_interfaces__rosidl_generator_py
[4.738s] [ 83%] [32mBuilding C object CMakeFiles/rviz_resource_interfaces__rosidl_typesupport_introspection_c__pyext.dir/rosidl_generator_py/rviz_resource_interfaces/_rviz_resource_interfaces_s.ep.rosidl_typesupport_introspection_c.c.o[0m
[4.740s] [ 87%] [32mBuilding C object CMakeFiles/rviz_resource_interfaces__rosidl_typesupport_c__pyext.dir/rosidl_generator_py/rviz_resource_interfaces/_rviz_resource_interfaces_s.ep.rosidl_typesupport_c.c.o[0m
[4.744s] [ 90%] [32mBuilding C object CMakeFiles/rviz_resource_interfaces__rosidl_typesupport_fastrtps_c__pyext.dir/rosidl_generator_py/rviz_resource_interfaces/_rviz_resource_interfaces_s.ep.rosidl_typesupport_fastrtps_c.c.o[0m
[4.901s] [ 93%] [32m[1mLinking C shared library rosidl_generator_py/rviz_resource_interfaces/rviz_resource_interfaces_s__rosidl_typesupport_introspection_c.cpython-310-x86_64-linux-gnu.so[0m
[4.908s] [ 96%] [32m[1mLinking C shared library rosidl_generator_py/rviz_resource_interfaces/rviz_resource_interfaces_s__rosidl_typesupport_fastrtps_c.cpython-310-x86_64-linux-gnu.so[0m
[4.928s] [100%] [32m[1mLinking C shared library rosidl_generator_py/rviz_resource_interfaces/rviz_resource_interfaces_s__rosidl_typesupport_c.cpython-310-x86_64-linux-gnu.so[0m
[4.969s] [100%] Built target rviz_resource_interfaces__rosidl_typesupport_introspection_c__pyext
[4.986s] [100%] Built target rviz_resource_interfaces__rosidl_typesupport_c__pyext
[4.987s] [100%] Built target rviz_resource_interfaces__rosidl_typesupport_fastrtps_c__pyext
