[0.065s] Invoking command in '/home/kraken/snappyNano/src/build/rviz_assimp_vendor': /usr/bin/cmake --build /home/kraken/snappyNano/src/build/rviz_assimp_vendor -- -j14 -l14
[0.171s] Invoked command in '/home/kraken/snappyNano/src/build/rviz_assimp_vendor' returned '0': /usr/bin/cmake --build /home/kraken/snappyNano/src/build/rviz_assimp_vendor -- -j14 -l14
[0.195s] Invoking command in '/home/kraken/snappyNano/src/build/rviz_assimp_vendor': /usr/bin/cmake --install /home/kraken/snappyNano/src/build/rviz_assimp_vendor
[0.209s] -- Install configuration: ""
[0.210s] -- Execute custom install script
[0.211s] -- Up-to-date symlink: /home/kraken/snappyNano/src/install/rviz_assimp_vendor/share/ament_index/resource_index/package_run_dependencies/rviz_assimp_vendor
[0.211s] -- Up-to-date symlink: /home/kraken/snappyNano/src/install/rviz_assimp_vendor/share/ament_index/resource_index/parent_prefix_path/rviz_assimp_vendor
[0.212s] -- Up-to-date symlink: /home/kraken/snappyNano/src/install/rviz_assimp_vendor/share/rviz_assimp_vendor/environment/ament_prefix_path.sh
[0.213s] -- Up-to-date symlink: /home/kraken/snappyNano/src/install/rviz_assimp_vendor/share/rviz_assimp_vendor/environment/ament_prefix_path.dsv
[0.213s] -- Up-to-date symlink: /home/kraken/snappyNano/src/install/rviz_assimp_vendor/share/rviz_assimp_vendor/environment/path.sh
[0.213s] -- Up-to-date symlink: /home/kraken/snappyNano/src/install/rviz_assimp_vendor/share/rviz_assimp_vendor/environment/path.dsv
[0.213s] -- Up-to-date symlink: /home/kraken/snappyNano/src/install/rviz_assimp_vendor/share/rviz_assimp_vendor/local_setup.bash
[0.213s] -- Up-to-date symlink: /home/kraken/snappyNano/src/install/rviz_assimp_vendor/share/rviz_assimp_vendor/local_setup.sh
[0.214s] -- Up-to-date symlink: /home/kraken/snappyNano/src/install/rviz_assimp_vendor/share/rviz_assimp_vendor/local_setup.zsh
[0.214s] -- Up-to-date symlink: /home/kraken/snappyNano/src/install/rviz_assimp_vendor/share/rviz_assimp_vendor/local_setup.dsv
[0.214s] -- Symlinking: /home/kraken/snappyNano/src/install/rviz_assimp_vendor/share/rviz_assimp_vendor/package.dsv
[0.232s] -- Up-to-date symlink: /home/kraken/snappyNano/src/install/rviz_assimp_vendor/share/ament_index/resource_index/packages/rviz_assimp_vendor
[0.232s] -- Up-to-date symlink: /home/kraken/snappyNano/src/install/rviz_assimp_vendor/share/rviz_assimp_vendor/cmake/rviz_assimp_vendor-extras.cmake
[0.233s] -- Up-to-date symlink: /home/kraken/snappyNano/src/install/rviz_assimp_vendor/share/rviz_assimp_vendor/cmake/rviz_assimp_vendorConfig.cmake
[0.233s] -- Up-to-date symlink: /home/kraken/snappyNano/src/install/rviz_assimp_vendor/share/rviz_assimp_vendor/cmake/rviz_assimp_vendorConfig-version.cmake
[0.234s] -- Up-to-date symlink: /home/kraken/snappyNano/src/install/rviz_assimp_vendor/share/rviz_assimp_vendor/package.xml
