[0.298s] DEBUG:colcon:Command line arguments: ['/usr/bin/colcon', 'build', '--symlink-install']
[0.298s] DEBUG:colcon:Parsed command line arguments: Namespace(log_base=None, log_level=None, verb_name='build', build_base='build', install_base='install', merge_install=False, symlink_install=True, test_result_base=None, continue_on_error=False, executor='parallel', parallel_workers=14, event_handlers=None, ignore_user_meta=False, metas=['./colcon.meta'], base_paths=['.'], packages_ignore=None, packages_ignore_regex=None, paths=None, packages_up_to=None, packages_up_to_regex=None, packages_above=None, packages_above_and_dependencies=None, packages_above_depth=None, packages_select_by_dep=None, packages_skip_by_dep=None, packages_skip_up_to=None, packages_select_build_failed=False, packages_skip_build_finished=False, packages_select_test_failures=False, packages_skip_test_passed=False, packages_select=None, packages_skip=None, packages_select_regex=None, packages_skip_regex=None, packages_start=None, packages_end=None, allow_overriding=[], cmake_args=None, cmake_target=None, cmake_target_skip_unavailable=False, cmake_clean_cache=False, cmake_clean_first=False, cmake_force_configure=False, ament_cmake_args=None, catkin_cmake_args=None, catkin_skip_building_tests=False, mixin_files=None, mixin=None, verb_parser=<colcon_mixin.mixin.mixin_argument.MixinArgumentDecorator object at 0x7353cae30c70>, verb_extension=<colcon_core.verb.build.BuildVerb object at 0x7353cae30730>, main=<bound method BuildVerb.main of <colcon_core.verb.build.BuildVerb object at 0x7353cae30730>>, mixin_verb=('build',))
[0.568s] Level 1:colcon.colcon_core.package_discovery:discover_packages(colcon_meta) check parameters
[0.568s] Level 1:colcon.colcon_core.package_discovery:discover_packages(recursive) check parameters
[0.568s] Level 1:colcon.colcon_core.package_discovery:discover_packages(ignore) check parameters
[0.568s] Level 1:colcon.colcon_core.package_discovery:discover_packages(path) check parameters
[0.568s] Level 1:colcon.colcon_core.package_discovery:discover_packages(colcon_meta) discover
[0.568s] Level 1:colcon.colcon_core.package_discovery:discover_packages(recursive) discover
[0.568s] INFO:colcon.colcon_core.package_discovery:Crawling recursively for packages in '/home/kraken/snappyNano/src'
[0.568s] Level 1:colcon.colcon_core.package_identification:_identify(.) by extensions ['ignore', 'ignore_ament_install']
[0.568s] Level 1:colcon.colcon_core.package_identification:_identify(.) by extension 'ignore'
[0.569s] Level 1:colcon.colcon_core.package_identification:_identify(.) by extension 'ignore_ament_install'
[0.569s] Level 1:colcon.colcon_core.package_identification:_identify(.) by extensions ['colcon_pkg']
[0.569s] Level 1:colcon.colcon_core.package_identification:_identify(.) by extension 'colcon_pkg'
[0.569s] Level 1:colcon.colcon_core.package_identification:_identify(.) by extensions ['colcon_meta']
[0.569s] Level 1:colcon.colcon_core.package_identification:_identify(.) by extension 'colcon_meta'
[0.569s] Level 1:colcon.colcon_core.package_identification:_identify(.) by extensions ['ros']
[0.569s] Level 1:colcon.colcon_core.package_identification:_identify(.) by extension 'ros'
[0.586s] Level 1:colcon.colcon_core.package_identification:_identify(.) by extensions ['cmake', 'python']
[0.586s] Level 1:colcon.colcon_core.package_identification:_identify(.) by extension 'cmake'
[0.586s] Level 1:colcon.colcon_core.package_identification:_identify(.) by extension 'python'
[0.587s] Level 1:colcon.colcon_core.package_identification:_identify(.) by extensions ['python_setup_py']
[0.587s] Level 1:colcon.colcon_core.package_identification:_identify(.) by extension 'python_setup_py'
[0.587s] Level 1:colcon.colcon_core.package_identification:_identify(build) by extensions ['ignore', 'ignore_ament_install']
[0.587s] Level 1:colcon.colcon_core.package_identification:_identify(build) by extension 'ignore'
[0.587s] Level 1:colcon.colcon_core.package_identification:_identify(build) ignored
[0.587s] Level 1:colcon.colcon_core.package_identification:_identify(install) by extensions ['ignore', 'ignore_ament_install']
[0.587s] Level 1:colcon.colcon_core.package_identification:_identify(install) by extension 'ignore'
[0.587s] Level 1:colcon.colcon_core.package_identification:_identify(install) ignored
[0.587s] Level 1:colcon.colcon_core.package_identification:_identify(log) by extensions ['ignore', 'ignore_ament_install']
[0.588s] Level 1:colcon.colcon_core.package_identification:_identify(log) by extension 'ignore'
[0.588s] Level 1:colcon.colcon_core.package_identification:_identify(log) ignored
[0.588s] Level 1:colcon.colcon_core.package_identification:_identify(rviz) by extensions ['ignore', 'ignore_ament_install']
[0.588s] Level 1:colcon.colcon_core.package_identification:_identify(rviz) by extension 'ignore'
[0.588s] Level 1:colcon.colcon_core.package_identification:_identify(rviz) by extension 'ignore_ament_install'
[0.589s] Level 1:colcon.colcon_core.package_identification:_identify(rviz) by extensions ['colcon_pkg']
[0.589s] Level 1:colcon.colcon_core.package_identification:_identify(rviz) by extension 'colcon_pkg'
[0.589s] Level 1:colcon.colcon_core.package_identification:_identify(rviz) by extensions ['colcon_meta']
[0.589s] Level 1:colcon.colcon_core.package_identification:_identify(rviz) by extension 'colcon_meta'
[0.589s] Level 1:colcon.colcon_core.package_identification:_identify(rviz) by extensions ['ros']
[0.589s] Level 1:colcon.colcon_core.package_identification:_identify(rviz) by extension 'ros'
[0.589s] Level 1:colcon.colcon_core.package_identification:_identify(rviz) by extensions ['cmake', 'python']
[0.589s] Level 1:colcon.colcon_core.package_identification:_identify(rviz) by extension 'cmake'
[0.589s] Level 1:colcon.colcon_core.package_identification:_identify(rviz) by extension 'python'
[0.589s] Level 1:colcon.colcon_core.package_identification:_identify(rviz) by extensions ['python_setup_py']
[0.589s] Level 1:colcon.colcon_core.package_identification:_identify(rviz) by extension 'python_setup_py'
[0.590s] Level 1:colcon.colcon_core.package_identification:_identify(rviz/docs) by extensions ['ignore', 'ignore_ament_install']
[0.590s] Level 1:colcon.colcon_core.package_identification:_identify(rviz/docs) by extension 'ignore'
[0.590s] Level 1:colcon.colcon_core.package_identification:_identify(rviz/docs) by extension 'ignore_ament_install'
[0.590s] Level 1:colcon.colcon_core.package_identification:_identify(rviz/docs) by extensions ['colcon_pkg']
[0.590s] Level 1:colcon.colcon_core.package_identification:_identify(rviz/docs) by extension 'colcon_pkg'
[0.590s] Level 1:colcon.colcon_core.package_identification:_identify(rviz/docs) by extensions ['colcon_meta']
[0.590s] Level 1:colcon.colcon_core.package_identification:_identify(rviz/docs) by extension 'colcon_meta'
[0.590s] Level 1:colcon.colcon_core.package_identification:_identify(rviz/docs) by extensions ['ros']
[0.590s] Level 1:colcon.colcon_core.package_identification:_identify(rviz/docs) by extension 'ros'
[0.590s] Level 1:colcon.colcon_core.package_identification:_identify(rviz/docs) by extensions ['cmake', 'python']
[0.590s] Level 1:colcon.colcon_core.package_identification:_identify(rviz/docs) by extension 'cmake'
[0.590s] Level 1:colcon.colcon_core.package_identification:_identify(rviz/docs) by extension 'python'
[0.590s] Level 1:colcon.colcon_core.package_identification:_identify(rviz/docs) by extensions ['python_setup_py']
[0.590s] Level 1:colcon.colcon_core.package_identification:_identify(rviz/docs) by extension 'python_setup_py'
[0.591s] Level 1:colcon.colcon_core.package_identification:_identify(rviz/rviz2) by extensions ['ignore', 'ignore_ament_install']
[0.591s] Level 1:colcon.colcon_core.package_identification:_identify(rviz/rviz2) by extension 'ignore'
[0.591s] Level 1:colcon.colcon_core.package_identification:_identify(rviz/rviz2) by extension 'ignore_ament_install'
[0.591s] Level 1:colcon.colcon_core.package_identification:_identify(rviz/rviz2) by extensions ['colcon_pkg']
[0.591s] Level 1:colcon.colcon_core.package_identification:_identify(rviz/rviz2) by extension 'colcon_pkg'
[0.591s] Level 1:colcon.colcon_core.package_identification:_identify(rviz/rviz2) by extensions ['colcon_meta']
[0.591s] Level 1:colcon.colcon_core.package_identification:_identify(rviz/rviz2) by extension 'colcon_meta'
[0.591s] Level 1:colcon.colcon_core.package_identification:_identify(rviz/rviz2) by extensions ['ros']
[0.591s] Level 1:colcon.colcon_core.package_identification:_identify(rviz/rviz2) by extension 'ros'
[0.601s] DEBUG:colcon.colcon_core.package_identification:Package 'rviz/rviz2' with type 'ros.ament_cmake' and name 'rviz2'
[0.601s] Level 1:colcon.colcon_core.package_identification:_identify(rviz/rviz_assimp_vendor) by extensions ['ignore', 'ignore_ament_install']
[0.601s] Level 1:colcon.colcon_core.package_identification:_identify(rviz/rviz_assimp_vendor) by extension 'ignore'
[0.602s] Level 1:colcon.colcon_core.package_identification:_identify(rviz/rviz_assimp_vendor) by extension 'ignore_ament_install'
[0.602s] Level 1:colcon.colcon_core.package_identification:_identify(rviz/rviz_assimp_vendor) by extensions ['colcon_pkg']
[0.602s] Level 1:colcon.colcon_core.package_identification:_identify(rviz/rviz_assimp_vendor) by extension 'colcon_pkg'
[0.602s] Level 1:colcon.colcon_core.package_identification:_identify(rviz/rviz_assimp_vendor) by extensions ['colcon_meta']
[0.602s] Level 1:colcon.colcon_core.package_identification:_identify(rviz/rviz_assimp_vendor) by extension 'colcon_meta'
[0.602s] Level 1:colcon.colcon_core.package_identification:_identify(rviz/rviz_assimp_vendor) by extensions ['ros']
[0.602s] Level 1:colcon.colcon_core.package_identification:_identify(rviz/rviz_assimp_vendor) by extension 'ros'
[0.604s] DEBUG:colcon.colcon_core.package_identification:Package 'rviz/rviz_assimp_vendor' with type 'ros.ament_cmake' and name 'rviz_assimp_vendor'
[0.605s] Level 1:colcon.colcon_core.package_identification:_identify(rviz/rviz_common) by extensions ['ignore', 'ignore_ament_install']
[0.605s] Level 1:colcon.colcon_core.package_identification:_identify(rviz/rviz_common) by extension 'ignore'
[0.605s] Level 1:colcon.colcon_core.package_identification:_identify(rviz/rviz_common) by extension 'ignore_ament_install'
[0.605s] Level 1:colcon.colcon_core.package_identification:_identify(rviz/rviz_common) by extensions ['colcon_pkg']
[0.605s] Level 1:colcon.colcon_core.package_identification:_identify(rviz/rviz_common) by extension 'colcon_pkg'
[0.605s] Level 1:colcon.colcon_core.package_identification:_identify(rviz/rviz_common) by extensions ['colcon_meta']
[0.605s] Level 1:colcon.colcon_core.package_identification:_identify(rviz/rviz_common) by extension 'colcon_meta'
[0.605s] Level 1:colcon.colcon_core.package_identification:_identify(rviz/rviz_common) by extensions ['ros']
[0.605s] Level 1:colcon.colcon_core.package_identification:_identify(rviz/rviz_common) by extension 'ros'
[0.609s] DEBUG:colcon.colcon_core.package_identification:Package 'rviz/rviz_common' with type 'ros.ament_cmake' and name 'rviz_common'
[0.610s] Level 1:colcon.colcon_core.package_identification:_identify(rviz/rviz_default_plugins) by extensions ['ignore', 'ignore_ament_install']
[0.611s] Level 1:colcon.colcon_core.package_identification:_identify(rviz/rviz_default_plugins) by extension 'ignore'
[0.611s] Level 1:colcon.colcon_core.package_identification:_identify(rviz/rviz_default_plugins) by extension 'ignore_ament_install'
[0.611s] Level 1:colcon.colcon_core.package_identification:_identify(rviz/rviz_default_plugins) by extensions ['colcon_pkg']
[0.611s] Level 1:colcon.colcon_core.package_identification:_identify(rviz/rviz_default_plugins) by extension 'colcon_pkg'
[0.611s] Level 1:colcon.colcon_core.package_identification:_identify(rviz/rviz_default_plugins) by extensions ['colcon_meta']
[0.611s] Level 1:colcon.colcon_core.package_identification:_identify(rviz/rviz_default_plugins) by extension 'colcon_meta'
[0.611s] Level 1:colcon.colcon_core.package_identification:_identify(rviz/rviz_default_plugins) by extensions ['ros']
[0.611s] Level 1:colcon.colcon_core.package_identification:_identify(rviz/rviz_default_plugins) by extension 'ros'
[0.616s] DEBUG:colcon.colcon_core.package_identification:Package 'rviz/rviz_default_plugins' with type 'ros.ament_cmake' and name 'rviz_default_plugins'
[0.616s] Level 1:colcon.colcon_core.package_identification:_identify(rviz/rviz_ogre_vendor) by extensions ['ignore', 'ignore_ament_install']
[0.616s] Level 1:colcon.colcon_core.package_identification:_identify(rviz/rviz_ogre_vendor) by extension 'ignore'
[0.616s] Level 1:colcon.colcon_core.package_identification:_identify(rviz/rviz_ogre_vendor) by extension 'ignore_ament_install'
[0.617s] Level 1:colcon.colcon_core.package_identification:_identify(rviz/rviz_ogre_vendor) by extensions ['colcon_pkg']
[0.617s] Level 1:colcon.colcon_core.package_identification:_identify(rviz/rviz_ogre_vendor) by extension 'colcon_pkg'
[0.617s] Level 1:colcon.colcon_core.package_identification:_identify(rviz/rviz_ogre_vendor) by extensions ['colcon_meta']
[0.617s] Level 1:colcon.colcon_core.package_identification:_identify(rviz/rviz_ogre_vendor) by extension 'colcon_meta'
[0.617s] Level 1:colcon.colcon_core.package_identification:_identify(rviz/rviz_ogre_vendor) by extensions ['ros']
[0.617s] Level 1:colcon.colcon_core.package_identification:_identify(rviz/rviz_ogre_vendor) by extension 'ros'
[0.619s] DEBUG:colcon.colcon_core.package_identification:Package 'rviz/rviz_ogre_vendor' with type 'ros.ament_cmake' and name 'rviz_ogre_vendor'
[0.619s] Level 1:colcon.colcon_core.package_identification:_identify(rviz/rviz_rendering) by extensions ['ignore', 'ignore_ament_install']
[0.620s] Level 1:colcon.colcon_core.package_identification:_identify(rviz/rviz_rendering) by extension 'ignore'
[0.620s] Level 1:colcon.colcon_core.package_identification:_identify(rviz/rviz_rendering) by extension 'ignore_ament_install'
[0.620s] Level 1:colcon.colcon_core.package_identification:_identify(rviz/rviz_rendering) by extensions ['colcon_pkg']
[0.620s] Level 1:colcon.colcon_core.package_identification:_identify(rviz/rviz_rendering) by extension 'colcon_pkg'
[0.620s] Level 1:colcon.colcon_core.package_identification:_identify(rviz/rviz_rendering) by extensions ['colcon_meta']
[0.620s] Level 1:colcon.colcon_core.package_identification:_identify(rviz/rviz_rendering) by extension 'colcon_meta'
[0.620s] Level 1:colcon.colcon_core.package_identification:_identify(rviz/rviz_rendering) by extensions ['ros']
[0.620s] Level 1:colcon.colcon_core.package_identification:_identify(rviz/rviz_rendering) by extension 'ros'
[0.622s] DEBUG:colcon.colcon_core.package_identification:Package 'rviz/rviz_rendering' with type 'ros.ament_cmake' and name 'rviz_rendering'
[0.623s] Level 1:colcon.colcon_core.package_identification:_identify(rviz/rviz_rendering_tests) by extensions ['ignore', 'ignore_ament_install']
[0.623s] Level 1:colcon.colcon_core.package_identification:_identify(rviz/rviz_rendering_tests) by extension 'ignore'
[0.624s] Level 1:colcon.colcon_core.package_identification:_identify(rviz/rviz_rendering_tests) by extension 'ignore_ament_install'
[0.624s] Level 1:colcon.colcon_core.package_identification:_identify(rviz/rviz_rendering_tests) by extensions ['colcon_pkg']
[0.624s] Level 1:colcon.colcon_core.package_identification:_identify(rviz/rviz_rendering_tests) by extension 'colcon_pkg'
[0.624s] Level 1:colcon.colcon_core.package_identification:_identify(rviz/rviz_rendering_tests) by extensions ['colcon_meta']
[0.624s] Level 1:colcon.colcon_core.package_identification:_identify(rviz/rviz_rendering_tests) by extension 'colcon_meta'
[0.624s] Level 1:colcon.colcon_core.package_identification:_identify(rviz/rviz_rendering_tests) by extensions ['ros']
[0.624s] Level 1:colcon.colcon_core.package_identification:_identify(rviz/rviz_rendering_tests) by extension 'ros'
[0.626s] DEBUG:colcon.colcon_core.package_identification:Package 'rviz/rviz_rendering_tests' with type 'ros.ament_cmake' and name 'rviz_rendering_tests'
[0.627s] Level 1:colcon.colcon_core.package_identification:_identify(rviz/rviz_resource_interfaces) by extensions ['ignore', 'ignore_ament_install']
[0.627s] Level 1:colcon.colcon_core.package_identification:_identify(rviz/rviz_resource_interfaces) by extension 'ignore'
[0.627s] Level 1:colcon.colcon_core.package_identification:_identify(rviz/rviz_resource_interfaces) by extension 'ignore_ament_install'
[0.627s] Level 1:colcon.colcon_core.package_identification:_identify(rviz/rviz_resource_interfaces) by extensions ['colcon_pkg']
[0.627s] Level 1:colcon.colcon_core.package_identification:_identify(rviz/rviz_resource_interfaces) by extension 'colcon_pkg'
[0.627s] Level 1:colcon.colcon_core.package_identification:_identify(rviz/rviz_resource_interfaces) by extensions ['colcon_meta']
[0.627s] Level 1:colcon.colcon_core.package_identification:_identify(rviz/rviz_resource_interfaces) by extension 'colcon_meta'
[0.628s] Level 1:colcon.colcon_core.package_identification:_identify(rviz/rviz_resource_interfaces) by extensions ['ros']
[0.628s] Level 1:colcon.colcon_core.package_identification:_identify(rviz/rviz_resource_interfaces) by extension 'ros'
[0.629s] DEBUG:colcon.colcon_core.package_identification:Package 'rviz/rviz_resource_interfaces' with type 'ros.ament_cmake' and name 'rviz_resource_interfaces'
[0.629s] Level 1:colcon.colcon_core.package_identification:_identify(rviz/rviz_visual_testing_framework) by extensions ['ignore', 'ignore_ament_install']
[0.629s] Level 1:colcon.colcon_core.package_identification:_identify(rviz/rviz_visual_testing_framework) by extension 'ignore'
[0.630s] Level 1:colcon.colcon_core.package_identification:_identify(rviz/rviz_visual_testing_framework) by extension 'ignore_ament_install'
[0.630s] Level 1:colcon.colcon_core.package_identification:_identify(rviz/rviz_visual_testing_framework) by extensions ['colcon_pkg']
[0.630s] Level 1:colcon.colcon_core.package_identification:_identify(rviz/rviz_visual_testing_framework) by extension 'colcon_pkg'
[0.630s] Level 1:colcon.colcon_core.package_identification:_identify(rviz/rviz_visual_testing_framework) by extensions ['colcon_meta']
[0.630s] Level 1:colcon.colcon_core.package_identification:_identify(rviz/rviz_visual_testing_framework) by extension 'colcon_meta'
[0.630s] Level 1:colcon.colcon_core.package_identification:_identify(rviz/rviz_visual_testing_framework) by extensions ['ros']
[0.630s] Level 1:colcon.colcon_core.package_identification:_identify(rviz/rviz_visual_testing_framework) by extension 'ros'
[0.632s] DEBUG:colcon.colcon_core.package_identification:Package 'rviz/rviz_visual_testing_framework' with type 'ros.ament_cmake' and name 'rviz_visual_testing_framework'
[0.633s] Level 1:colcon.colcon_core.package_identification:_identify(snappy_cpp) by extensions ['ignore', 'ignore_ament_install']
[0.633s] Level 1:colcon.colcon_core.package_identification:_identify(snappy_cpp) by extension 'ignore'
[0.633s] Level 1:colcon.colcon_core.package_identification:_identify(snappy_cpp) by extension 'ignore_ament_install'
[0.633s] Level 1:colcon.colcon_core.package_identification:_identify(snappy_cpp) by extensions ['colcon_pkg']
[0.633s] Level 1:colcon.colcon_core.package_identification:_identify(snappy_cpp) by extension 'colcon_pkg'
[0.633s] Level 1:colcon.colcon_core.package_identification:_identify(snappy_cpp) by extensions ['colcon_meta']
[0.633s] Level 1:colcon.colcon_core.package_identification:_identify(snappy_cpp) by extension 'colcon_meta'
[0.633s] Level 1:colcon.colcon_core.package_identification:_identify(snappy_cpp) by extensions ['ros']
[0.634s] Level 1:colcon.colcon_core.package_identification:_identify(snappy_cpp) by extension 'ros'
[0.635s] DEBUG:colcon.colcon_core.package_identification:Package 'snappy_cpp' with type 'ros.ament_cmake' and name 'snappy_cpp'
[0.635s] Level 1:colcon.colcon_core.package_discovery:discover_packages(recursive) using defaults
[0.635s] Level 1:colcon.colcon_core.package_discovery:discover_packages(ignore) discover
[0.635s] Level 1:colcon.colcon_core.package_discovery:discover_packages(ignore) using defaults
[0.635s] Level 1:colcon.colcon_core.package_discovery:discover_packages(path) discover
[0.635s] Level 1:colcon.colcon_core.package_discovery:discover_packages(path) using defaults
[0.692s] Level 1:colcon.colcon_core.package_discovery:discover_packages(prefix_path) check parameters
[0.692s] Level 1:colcon.colcon_core.package_discovery:discover_packages(prefix_path) discover
[0.696s] Level 1:colcon.colcon_core.package_discovery:discover_packages(prefix_path) using defaults
[0.698s] Level 5:colcon.colcon_core.verb:set package 'rviz_assimp_vendor' build argument 'cmake_args' from command line to 'None'
[0.698s] Level 5:colcon.colcon_core.verb:set package 'rviz_assimp_vendor' build argument 'cmake_target' from command line to 'None'
[0.698s] Level 5:colcon.colcon_core.verb:set package 'rviz_assimp_vendor' build argument 'cmake_target_skip_unavailable' from command line to 'False'
[0.698s] Level 5:colcon.colcon_core.verb:set package 'rviz_assimp_vendor' build argument 'cmake_clean_cache' from command line to 'False'
[0.698s] Level 5:colcon.colcon_core.verb:set package 'rviz_assimp_vendor' build argument 'cmake_clean_first' from command line to 'False'
[0.698s] Level 5:colcon.colcon_core.verb:set package 'rviz_assimp_vendor' build argument 'cmake_force_configure' from command line to 'False'
[0.698s] Level 5:colcon.colcon_core.verb:set package 'rviz_assimp_vendor' build argument 'ament_cmake_args' from command line to 'None'
[0.698s] Level 5:colcon.colcon_core.verb:set package 'rviz_assimp_vendor' build argument 'catkin_cmake_args' from command line to 'None'
[0.698s] Level 5:colcon.colcon_core.verb:set package 'rviz_assimp_vendor' build argument 'catkin_skip_building_tests' from command line to 'False'
[0.698s] DEBUG:colcon.colcon_core.verb:Building package 'rviz_assimp_vendor' with the following arguments: {'ament_cmake_args': None, 'build_base': '/home/kraken/snappyNano/src/build/rviz_assimp_vendor', 'catkin_cmake_args': None, 'catkin_skip_building_tests': False, 'cmake_args': None, 'cmake_clean_cache': False, 'cmake_clean_first': False, 'cmake_force_configure': False, 'cmake_target': None, 'cmake_target_skip_unavailable': False, 'install_base': '/home/kraken/snappyNano/src/install/rviz_assimp_vendor', 'merge_install': False, 'path': '/home/kraken/snappyNano/src/rviz/rviz_assimp_vendor', 'symlink_install': True, 'test_result_base': None}
[0.699s] Level 5:colcon.colcon_core.verb:set package 'rviz_ogre_vendor' build argument 'cmake_args' from command line to 'None'
[0.699s] Level 5:colcon.colcon_core.verb:set package 'rviz_ogre_vendor' build argument 'cmake_target' from command line to 'None'
[0.699s] Level 5:colcon.colcon_core.verb:set package 'rviz_ogre_vendor' build argument 'cmake_target_skip_unavailable' from command line to 'False'
[0.699s] Level 5:colcon.colcon_core.verb:set package 'rviz_ogre_vendor' build argument 'cmake_clean_cache' from command line to 'False'
[0.699s] Level 5:colcon.colcon_core.verb:set package 'rviz_ogre_vendor' build argument 'cmake_clean_first' from command line to 'False'
[0.699s] Level 5:colcon.colcon_core.verb:set package 'rviz_ogre_vendor' build argument 'cmake_force_configure' from command line to 'False'
[0.699s] Level 5:colcon.colcon_core.verb:set package 'rviz_ogre_vendor' build argument 'ament_cmake_args' from command line to 'None'
[0.699s] Level 5:colcon.colcon_core.verb:set package 'rviz_ogre_vendor' build argument 'catkin_cmake_args' from command line to 'None'
[0.699s] Level 5:colcon.colcon_core.verb:set package 'rviz_ogre_vendor' build argument 'catkin_skip_building_tests' from command line to 'False'
[0.699s] DEBUG:colcon.colcon_core.verb:Building package 'rviz_ogre_vendor' with the following arguments: {'ament_cmake_args': None, 'build_base': '/home/kraken/snappyNano/src/build/rviz_ogre_vendor', 'catkin_cmake_args': None, 'catkin_skip_building_tests': False, 'cmake_args': None, 'cmake_clean_cache': False, 'cmake_clean_first': False, 'cmake_force_configure': False, 'cmake_target': None, 'cmake_target_skip_unavailable': False, 'install_base': '/home/kraken/snappyNano/src/install/rviz_ogre_vendor', 'merge_install': False, 'path': '/home/kraken/snappyNano/src/rviz/rviz_ogre_vendor', 'symlink_install': True, 'test_result_base': None}
[0.700s] Level 5:colcon.colcon_core.verb:set package 'rviz_resource_interfaces' build argument 'cmake_args' from command line to 'None'
[0.700s] Level 5:colcon.colcon_core.verb:set package 'rviz_resource_interfaces' build argument 'cmake_target' from command line to 'None'
[0.700s] Level 5:colcon.colcon_core.verb:set package 'rviz_resource_interfaces' build argument 'cmake_target_skip_unavailable' from command line to 'False'
[0.700s] Level 5:colcon.colcon_core.verb:set package 'rviz_resource_interfaces' build argument 'cmake_clean_cache' from command line to 'False'
[0.700s] Level 5:colcon.colcon_core.verb:set package 'rviz_resource_interfaces' build argument 'cmake_clean_first' from command line to 'False'
[0.700s] Level 5:colcon.colcon_core.verb:set package 'rviz_resource_interfaces' build argument 'cmake_force_configure' from command line to 'False'
[0.700s] Level 5:colcon.colcon_core.verb:set package 'rviz_resource_interfaces' build argument 'ament_cmake_args' from command line to 'None'
[0.700s] Level 5:colcon.colcon_core.verb:set package 'rviz_resource_interfaces' build argument 'catkin_cmake_args' from command line to 'None'
[0.700s] Level 5:colcon.colcon_core.verb:set package 'rviz_resource_interfaces' build argument 'catkin_skip_building_tests' from command line to 'False'
[0.700s] DEBUG:colcon.colcon_core.verb:Building package 'rviz_resource_interfaces' with the following arguments: {'ament_cmake_args': None, 'build_base': '/home/kraken/snappyNano/src/build/rviz_resource_interfaces', 'catkin_cmake_args': None, 'catkin_skip_building_tests': False, 'cmake_args': None, 'cmake_clean_cache': False, 'cmake_clean_first': False, 'cmake_force_configure': False, 'cmake_target': None, 'cmake_target_skip_unavailable': False, 'install_base': '/home/kraken/snappyNano/src/install/rviz_resource_interfaces', 'merge_install': False, 'path': '/home/kraken/snappyNano/src/rviz/rviz_resource_interfaces', 'symlink_install': True, 'test_result_base': None}
[0.700s] Level 5:colcon.colcon_core.verb:set package 'snappy_cpp' build argument 'cmake_args' from command line to 'None'
[0.700s] Level 5:colcon.colcon_core.verb:set package 'snappy_cpp' build argument 'cmake_target' from command line to 'None'
[0.700s] Level 5:colcon.colcon_core.verb:set package 'snappy_cpp' build argument 'cmake_target_skip_unavailable' from command line to 'False'
[0.700s] Level 5:colcon.colcon_core.verb:set package 'snappy_cpp' build argument 'cmake_clean_cache' from command line to 'False'
[0.700s] Level 5:colcon.colcon_core.verb:set package 'snappy_cpp' build argument 'cmake_clean_first' from command line to 'False'
[0.700s] Level 5:colcon.colcon_core.verb:set package 'snappy_cpp' build argument 'cmake_force_configure' from command line to 'False'
[0.700s] Level 5:colcon.colcon_core.verb:set package 'snappy_cpp' build argument 'ament_cmake_args' from command line to 'None'
[0.700s] Level 5:colcon.colcon_core.verb:set package 'snappy_cpp' build argument 'catkin_cmake_args' from command line to 'None'
[0.701s] Level 5:colcon.colcon_core.verb:set package 'snappy_cpp' build argument 'catkin_skip_building_tests' from command line to 'False'
[0.701s] DEBUG:colcon.colcon_core.verb:Building package 'snappy_cpp' with the following arguments: {'ament_cmake_args': None, 'build_base': '/home/kraken/snappyNano/src/build/snappy_cpp', 'catkin_cmake_args': None, 'catkin_skip_building_tests': False, 'cmake_args': None, 'cmake_clean_cache': False, 'cmake_clean_first': False, 'cmake_force_configure': False, 'cmake_target': None, 'cmake_target_skip_unavailable': False, 'install_base': '/home/kraken/snappyNano/src/install/snappy_cpp', 'merge_install': False, 'path': '/home/kraken/snappyNano/src/snappy_cpp', 'symlink_install': True, 'test_result_base': None}
[0.701s] Level 5:colcon.colcon_core.verb:set package 'rviz_rendering' build argument 'cmake_args' from command line to 'None'
[0.701s] Level 5:colcon.colcon_core.verb:set package 'rviz_rendering' build argument 'cmake_target' from command line to 'None'
[0.701s] Level 5:colcon.colcon_core.verb:set package 'rviz_rendering' build argument 'cmake_target_skip_unavailable' from command line to 'False'
[0.701s] Level 5:colcon.colcon_core.verb:set package 'rviz_rendering' build argument 'cmake_clean_cache' from command line to 'False'
[0.701s] Level 5:colcon.colcon_core.verb:set package 'rviz_rendering' build argument 'cmake_clean_first' from command line to 'False'
[0.701s] Level 5:colcon.colcon_core.verb:set package 'rviz_rendering' build argument 'cmake_force_configure' from command line to 'False'
[0.701s] Level 5:colcon.colcon_core.verb:set package 'rviz_rendering' build argument 'ament_cmake_args' from command line to 'None'
[0.701s] Level 5:colcon.colcon_core.verb:set package 'rviz_rendering' build argument 'catkin_cmake_args' from command line to 'None'
[0.701s] Level 5:colcon.colcon_core.verb:set package 'rviz_rendering' build argument 'catkin_skip_building_tests' from command line to 'False'
[0.701s] DEBUG:colcon.colcon_core.verb:Building package 'rviz_rendering' with the following arguments: {'ament_cmake_args': None, 'build_base': '/home/kraken/snappyNano/src/build/rviz_rendering', 'catkin_cmake_args': None, 'catkin_skip_building_tests': False, 'cmake_args': None, 'cmake_clean_cache': False, 'cmake_clean_first': False, 'cmake_force_configure': False, 'cmake_target': None, 'cmake_target_skip_unavailable': False, 'install_base': '/home/kraken/snappyNano/src/install/rviz_rendering', 'merge_install': False, 'path': '/home/kraken/snappyNano/src/rviz/rviz_rendering', 'symlink_install': True, 'test_result_base': None}
[0.702s] Level 5:colcon.colcon_core.verb:set package 'rviz_common' build argument 'cmake_args' from command line to 'None'
[0.702s] Level 5:colcon.colcon_core.verb:set package 'rviz_common' build argument 'cmake_target' from command line to 'None'
[0.702s] Level 5:colcon.colcon_core.verb:set package 'rviz_common' build argument 'cmake_target_skip_unavailable' from command line to 'False'
[0.702s] Level 5:colcon.colcon_core.verb:set package 'rviz_common' build argument 'cmake_clean_cache' from command line to 'False'
[0.702s] Level 5:colcon.colcon_core.verb:set package 'rviz_common' build argument 'cmake_clean_first' from command line to 'False'
[0.702s] Level 5:colcon.colcon_core.verb:set package 'rviz_common' build argument 'cmake_force_configure' from command line to 'False'
[0.702s] Level 5:colcon.colcon_core.verb:set package 'rviz_common' build argument 'ament_cmake_args' from command line to 'None'
[0.702s] Level 5:colcon.colcon_core.verb:set package 'rviz_common' build argument 'catkin_cmake_args' from command line to 'None'
[0.702s] Level 5:colcon.colcon_core.verb:set package 'rviz_common' build argument 'catkin_skip_building_tests' from command line to 'False'
[0.702s] DEBUG:colcon.colcon_core.verb:Building package 'rviz_common' with the following arguments: {'ament_cmake_args': None, 'build_base': '/home/kraken/snappyNano/src/build/rviz_common', 'catkin_cmake_args': None, 'catkin_skip_building_tests': False, 'cmake_args': None, 'cmake_clean_cache': False, 'cmake_clean_first': False, 'cmake_force_configure': False, 'cmake_target': None, 'cmake_target_skip_unavailable': False, 'install_base': '/home/kraken/snappyNano/src/install/rviz_common', 'merge_install': False, 'path': '/home/kraken/snappyNano/src/rviz/rviz_common', 'symlink_install': True, 'test_result_base': None}
[0.702s] Level 5:colcon.colcon_core.verb:set package 'rviz_rendering_tests' build argument 'cmake_args' from command line to 'None'
[0.702s] Level 5:colcon.colcon_core.verb:set package 'rviz_rendering_tests' build argument 'cmake_target' from command line to 'None'
[0.703s] Level 5:colcon.colcon_core.verb:set package 'rviz_rendering_tests' build argument 'cmake_target_skip_unavailable' from command line to 'False'
[0.703s] Level 5:colcon.colcon_core.verb:set package 'rviz_rendering_tests' build argument 'cmake_clean_cache' from command line to 'False'
[0.703s] Level 5:colcon.colcon_core.verb:set package 'rviz_rendering_tests' build argument 'cmake_clean_first' from command line to 'False'
[0.703s] Level 5:colcon.colcon_core.verb:set package 'rviz_rendering_tests' build argument 'cmake_force_configure' from command line to 'False'
[0.703s] Level 5:colcon.colcon_core.verb:set package 'rviz_rendering_tests' build argument 'ament_cmake_args' from command line to 'None'
[0.703s] Level 5:colcon.colcon_core.verb:set package 'rviz_rendering_tests' build argument 'catkin_cmake_args' from command line to 'None'
[0.703s] Level 5:colcon.colcon_core.verb:set package 'rviz_rendering_tests' build argument 'catkin_skip_building_tests' from command line to 'False'
[0.703s] DEBUG:colcon.colcon_core.verb:Building package 'rviz_rendering_tests' with the following arguments: {'ament_cmake_args': None, 'build_base': '/home/kraken/snappyNano/src/build/rviz_rendering_tests', 'catkin_cmake_args': None, 'catkin_skip_building_tests': False, 'cmake_args': None, 'cmake_clean_cache': False, 'cmake_clean_first': False, 'cmake_force_configure': False, 'cmake_target': None, 'cmake_target_skip_unavailable': False, 'install_base': '/home/kraken/snappyNano/src/install/rviz_rendering_tests', 'merge_install': False, 'path': '/home/kraken/snappyNano/src/rviz/rviz_rendering_tests', 'symlink_install': True, 'test_result_base': None}
[0.703s] Level 5:colcon.colcon_core.verb:set package 'rviz_visual_testing_framework' build argument 'cmake_args' from command line to 'None'
[0.703s] Level 5:colcon.colcon_core.verb:set package 'rviz_visual_testing_framework' build argument 'cmake_target' from command line to 'None'
[0.703s] Level 5:colcon.colcon_core.verb:set package 'rviz_visual_testing_framework' build argument 'cmake_target_skip_unavailable' from command line to 'False'
[0.703s] Level 5:colcon.colcon_core.verb:set package 'rviz_visual_testing_framework' build argument 'cmake_clean_cache' from command line to 'False'
[0.703s] Level 5:colcon.colcon_core.verb:set package 'rviz_visual_testing_framework' build argument 'cmake_clean_first' from command line to 'False'
[0.703s] Level 5:colcon.colcon_core.verb:set package 'rviz_visual_testing_framework' build argument 'cmake_force_configure' from command line to 'False'
[0.703s] Level 5:colcon.colcon_core.verb:set package 'rviz_visual_testing_framework' build argument 'ament_cmake_args' from command line to 'None'
[0.703s] Level 5:colcon.colcon_core.verb:set package 'rviz_visual_testing_framework' build argument 'catkin_cmake_args' from command line to 'None'
[0.703s] Level 5:colcon.colcon_core.verb:set package 'rviz_visual_testing_framework' build argument 'catkin_skip_building_tests' from command line to 'False'
[0.703s] DEBUG:colcon.colcon_core.verb:Building package 'rviz_visual_testing_framework' with the following arguments: {'ament_cmake_args': None, 'build_base': '/home/kraken/snappyNano/src/build/rviz_visual_testing_framework', 'catkin_cmake_args': None, 'catkin_skip_building_tests': False, 'cmake_args': None, 'cmake_clean_cache': False, 'cmake_clean_first': False, 'cmake_force_configure': False, 'cmake_target': None, 'cmake_target_skip_unavailable': False, 'install_base': '/home/kraken/snappyNano/src/install/rviz_visual_testing_framework', 'merge_install': False, 'path': '/home/kraken/snappyNano/src/rviz/rviz_visual_testing_framework', 'symlink_install': True, 'test_result_base': None}
[0.704s] Level 5:colcon.colcon_core.verb:set package 'rviz_default_plugins' build argument 'cmake_args' from command line to 'None'
[0.704s] Level 5:colcon.colcon_core.verb:set package 'rviz_default_plugins' build argument 'cmake_target' from command line to 'None'
[0.704s] Level 5:colcon.colcon_core.verb:set package 'rviz_default_plugins' build argument 'cmake_target_skip_unavailable' from command line to 'False'
[0.704s] Level 5:colcon.colcon_core.verb:set package 'rviz_default_plugins' build argument 'cmake_clean_cache' from command line to 'False'
[0.704s] Level 5:colcon.colcon_core.verb:set package 'rviz_default_plugins' build argument 'cmake_clean_first' from command line to 'False'
[0.704s] Level 5:colcon.colcon_core.verb:set package 'rviz_default_plugins' build argument 'cmake_force_configure' from command line to 'False'
[0.704s] Level 5:colcon.colcon_core.verb:set package 'rviz_default_plugins' build argument 'ament_cmake_args' from command line to 'None'
[0.704s] Level 5:colcon.colcon_core.verb:set package 'rviz_default_plugins' build argument 'catkin_cmake_args' from command line to 'None'
[0.704s] Level 5:colcon.colcon_core.verb:set package 'rviz_default_plugins' build argument 'catkin_skip_building_tests' from command line to 'False'
[0.704s] DEBUG:colcon.colcon_core.verb:Building package 'rviz_default_plugins' with the following arguments: {'ament_cmake_args': None, 'build_base': '/home/kraken/snappyNano/src/build/rviz_default_plugins', 'catkin_cmake_args': None, 'catkin_skip_building_tests': False, 'cmake_args': None, 'cmake_clean_cache': False, 'cmake_clean_first': False, 'cmake_force_configure': False, 'cmake_target': None, 'cmake_target_skip_unavailable': False, 'install_base': '/home/kraken/snappyNano/src/install/rviz_default_plugins', 'merge_install': False, 'path': '/home/kraken/snappyNano/src/rviz/rviz_default_plugins', 'symlink_install': True, 'test_result_base': None}
[0.705s] Level 5:colcon.colcon_core.verb:set package 'rviz2' build argument 'cmake_args' from command line to 'None'
[0.705s] Level 5:colcon.colcon_core.verb:set package 'rviz2' build argument 'cmake_target' from command line to 'None'
[0.705s] Level 5:colcon.colcon_core.verb:set package 'rviz2' build argument 'cmake_target_skip_unavailable' from command line to 'False'
[0.705s] Level 5:colcon.colcon_core.verb:set package 'rviz2' build argument 'cmake_clean_cache' from command line to 'False'
[0.705s] Level 5:colcon.colcon_core.verb:set package 'rviz2' build argument 'cmake_clean_first' from command line to 'False'
[0.705s] Level 5:colcon.colcon_core.verb:set package 'rviz2' build argument 'cmake_force_configure' from command line to 'False'
[0.705s] Level 5:colcon.colcon_core.verb:set package 'rviz2' build argument 'ament_cmake_args' from command line to 'None'
[0.705s] Level 5:colcon.colcon_core.verb:set package 'rviz2' build argument 'catkin_cmake_args' from command line to 'None'
[0.705s] Level 5:colcon.colcon_core.verb:set package 'rviz2' build argument 'catkin_skip_building_tests' from command line to 'False'
[0.705s] DEBUG:colcon.colcon_core.verb:Building package 'rviz2' with the following arguments: {'ament_cmake_args': None, 'build_base': '/home/kraken/snappyNano/src/build/rviz2', 'catkin_cmake_args': None, 'catkin_skip_building_tests': False, 'cmake_args': None, 'cmake_clean_cache': False, 'cmake_clean_first': False, 'cmake_force_configure': False, 'cmake_target': None, 'cmake_target_skip_unavailable': False, 'install_base': '/home/kraken/snappyNano/src/install/rviz2', 'merge_install': False, 'path': '/home/kraken/snappyNano/src/rviz/rviz2', 'symlink_install': True, 'test_result_base': None}
[0.705s] INFO:colcon.colcon_core.executor:Executing jobs using 'parallel' executor
[0.708s] DEBUG:colcon.colcon_parallel_executor.executor.parallel:run_until_complete
[0.709s] INFO:colcon.colcon_ros.task.ament_cmake.build:Building ROS package in '/home/kraken/snappyNano/src/rviz/rviz_assimp_vendor' with build type 'ament_cmake'
[0.709s] INFO:colcon.colcon_cmake.task.cmake.build:Building CMake package in '/home/kraken/snappyNano/src/rviz/rviz_assimp_vendor'
[0.716s] INFO:colcon.colcon_core.plugin_system:Skipping extension 'colcon_core.shell.bat': Not used on non-Windows systems
[0.716s] INFO:colcon.colcon_core.shell:Skip shell extension 'powershell' for command environment: Not usable outside of PowerShell
[0.716s] DEBUG:colcon.colcon_core.shell:Skip shell extension 'dsv' for command environment
[0.719s] INFO:colcon.colcon_ros.task.ament_cmake.build:Building ROS package in '/home/kraken/snappyNano/src/rviz/rviz_ogre_vendor' with build type 'ament_cmake'
[0.720s] INFO:colcon.colcon_cmake.task.cmake.build:Building CMake package in '/home/kraken/snappyNano/src/rviz/rviz_ogre_vendor'
[0.720s] INFO:colcon.colcon_core.shell:Skip shell extension 'powershell' for command environment: Not usable outside of PowerShell
[0.720s] DEBUG:colcon.colcon_core.shell:Skip shell extension 'dsv' for command environment
[0.723s] INFO:colcon.colcon_ros.task.ament_cmake.build:Building ROS package in '/home/kraken/snappyNano/src/rviz/rviz_resource_interfaces' with build type 'ament_cmake'
[0.724s] INFO:colcon.colcon_cmake.task.cmake.build:Building CMake package in '/home/kraken/snappyNano/src/rviz/rviz_resource_interfaces'
[0.724s] INFO:colcon.colcon_core.shell:Skip shell extension 'powershell' for command environment: Not usable outside of PowerShell
[0.724s] DEBUG:colcon.colcon_core.shell:Skip shell extension 'dsv' for command environment
[0.760s] INFO:colcon.colcon_ros.task.ament_cmake.build:Building ROS package in '/home/kraken/snappyNano/src/snappy_cpp' with build type 'ament_cmake'
[0.761s] INFO:colcon.colcon_cmake.task.cmake.build:Building CMake package in '/home/kraken/snappyNano/src/snappy_cpp'
[0.761s] INFO:colcon.colcon_core.shell:Skip shell extension 'powershell' for command environment: Not usable outside of PowerShell
[0.761s] DEBUG:colcon.colcon_core.shell:Skip shell extension 'dsv' for command environment
[0.776s] DEBUG:colcon.colcon_core.event_handler.log_command:Invoking command in '/home/kraken/snappyNano/src/build/rviz_assimp_vendor': /usr/bin/cmake --build /home/kraken/snappyNano/src/build/rviz_assimp_vendor -- -j14 -l14
[0.785s] DEBUG:colcon.colcon_core.event_handler.log_command:Invoking command in '/home/kraken/snappyNano/src/build/rviz_ogre_vendor': /usr/bin/cmake --build /home/kraken/snappyNano/src/build/rviz_ogre_vendor -- -j14 -l14
[0.796s] DEBUG:colcon.colcon_core.event_handler.log_command:Invoking command in '/home/kraken/snappyNano/src/build/rviz_resource_interfaces': /usr/bin/cmake --build /home/kraken/snappyNano/src/build/rviz_resource_interfaces -- -j14 -l14
[0.814s] DEBUG:colcon.colcon_core.event_handler.log_command:Invoking command in '/home/kraken/snappyNano/src/build/snappy_cpp': /usr/bin/cmake --build /home/kraken/snappyNano/src/build/snappy_cpp -- -j14 -l14
[0.881s] DEBUG:colcon.colcon_core.event_handler.log_command:Invoked command in '/home/kraken/snappyNano/src/build/rviz_assimp_vendor' returned '0': /usr/bin/cmake --build /home/kraken/snappyNano/src/build/rviz_assimp_vendor -- -j14 -l14
[0.905s] DEBUG:colcon.colcon_core.event_handler.log_command:Invoking command in '/home/kraken/snappyNano/src/build/rviz_assimp_vendor': /usr/bin/cmake --install /home/kraken/snappyNano/src/build/rviz_assimp_vendor
[0.913s] DEBUG:colcon.colcon_core.event_handler.log_command:Invoked command in '/home/kraken/snappyNano/src/build/rviz_resource_interfaces' returned '2': /usr/bin/cmake --build /home/kraken/snappyNano/src/build/rviz_resource_interfaces -- -j14 -l14
[0.914s] Level 1:colcon.colcon_core.environment:create_environment_scripts_only(rviz_resource_interfaces)
[0.922s] Level 1:colcon.colcon_core.environment:checking '/home/kraken/snappyNano/src/install/rviz_resource_interfaces' for CMake module files
[0.925s] Level 1:colcon.colcon_core.environment:checking '/home/kraken/snappyNano/src/install/rviz_resource_interfaces' for CMake config files
[0.926s] Level 1:colcon.colcon_core.environment:checking '/home/kraken/snappyNano/src/install/rviz_resource_interfaces/bin'
[0.926s] Level 1:colcon.colcon_core.environment:checking '/home/kraken/snappyNano/src/install/rviz_resource_interfaces/lib/pkgconfig/rviz_resource_interfaces.pc'
[0.929s] Level 1:colcon.colcon_core.environment:checking '/home/kraken/snappyNano/src/install/rviz_resource_interfaces/lib/python3.10/site-packages'
[0.929s] Level 1:colcon.colcon_core.environment:checking '/home/kraken/snappyNano/src/install/rviz_resource_interfaces/bin'
[0.930s] INFO:colcon.colcon_core.shell:Creating package script '/home/kraken/snappyNano/src/install/rviz_resource_interfaces/share/rviz_resource_interfaces/package.ps1'
[0.932s] INFO:colcon.colcon_core.shell:Creating package descriptor '/home/kraken/snappyNano/src/install/rviz_resource_interfaces/share/rviz_resource_interfaces/package.dsv'
[0.933s] INFO:colcon.colcon_core.shell:Creating package script '/home/kraken/snappyNano/src/install/rviz_resource_interfaces/share/rviz_resource_interfaces/package.sh'
[0.934s] INFO:colcon.colcon_core.shell:Creating package script '/home/kraken/snappyNano/src/install/rviz_resource_interfaces/share/rviz_resource_interfaces/package.bash'
[0.935s] INFO:colcon.colcon_core.shell:Creating package script '/home/kraken/snappyNano/src/install/rviz_resource_interfaces/share/rviz_resource_interfaces/package.zsh'
[0.937s] Level 1:colcon.colcon_core.environment:create_file_with_runtime_dependencies(/home/kraken/snappyNano/src/install/rviz_resource_interfaces/share/colcon-core/packages/rviz_resource_interfaces)
[6.805s] DEBUG:colcon.colcon_parallel_executor.executor.parallel:run_until_complete was interrupted
[6.849s] DEBUG:colcon.colcon_parallel_executor.executor.parallel:run_until_complete again
[6.923s] DEBUG:colcon.colcon_parallel_executor.executor.parallel:run_until_complete finished
[6.923s] DEBUG:colcon.colcon_parallel_executor.executor.parallel:closing loop
[6.930s] DEBUG:colcon.colcon_parallel_executor.executor.parallel:loop closed
[6.932s] DEBUG:colcon.colcon_core.event_reactor:joining thread
[7.022s] INFO:colcon.colcon_core.plugin_system:Skipping extension 'colcon_notification.desktop_notification.terminal_notifier': Not used on non-Darwin systems
[7.022s] INFO:colcon.colcon_core.plugin_system:Skipping extension 'colcon_notification.desktop_notification.win32': Not used on non-Windows systems
[7.022s] INFO:colcon.colcon_notification.desktop_notification:Sending desktop notification using 'notify2'
[7.662s] DEBUG:colcon.colcon_core.event_reactor:joined thread
[7.668s] INFO:colcon.colcon_core.shell:Creating prefix script '/home/kraken/snappyNano/src/install/local_setup.ps1'
[7.680s] INFO:colcon.colcon_core.shell:Creating prefix util module '/home/kraken/snappyNano/src/install/_local_setup_util_ps1.py'
[7.684s] INFO:colcon.colcon_core.shell:Creating prefix chain script '/home/kraken/snappyNano/src/install/setup.ps1'
[7.687s] INFO:colcon.colcon_core.shell:Creating prefix script '/home/kraken/snappyNano/src/install/local_setup.sh'
[7.689s] INFO:colcon.colcon_core.shell:Creating prefix util module '/home/kraken/snappyNano/src/install/_local_setup_util_sh.py'
[7.691s] INFO:colcon.colcon_core.shell:Creating prefix chain script '/home/kraken/snappyNano/src/install/setup.sh'
[7.692s] INFO:colcon.colcon_core.shell:Creating prefix script '/home/kraken/snappyNano/src/install/local_setup.bash'
[7.694s] INFO:colcon.colcon_core.shell:Creating prefix chain script '/home/kraken/snappyNano/src/install/setup.bash'
[7.696s] INFO:colcon.colcon_core.shell:Creating prefix script '/home/kraken/snappyNano/src/install/local_setup.zsh'
[7.697s] INFO:colcon.colcon_core.shell:Creating prefix chain script '/home/kraken/snappyNano/src/install/setup.zsh'
