[0.018s] Invoking command in '/home/kraken/snappyNano/src/build/snappy_cpp': CMAKE_PREFIX_PATH=/opt/ros/humble /usr/bin/cmake /home/kraken/snappyNano/src/snappy_cpp -DCMAKE_INSTALL_PREFIX=/home/kraken/snappyNano/src/install/snappy_cpp
[0.067s] -- Found ament_cmake: 1.3.12 (/opt/ros/humble/share/ament_cmake/cmake)
[0.405s] -- Found Python3: /usr/bin/python3 (found version "3.10.12") found components: Interpreter 
[0.639s] -- Found rclcpp: 16.0.14 (/opt/ros/humble/share/rclcpp/cmake)
[0.787s] -- Found rosidl_generator_c: 3.1.7 (/opt/ros/humble/share/rosidl_generator_c/cmake)
[0.801s] -- Found rosidl_adapter: 3.1.7 (/opt/ros/humble/share/rosidl_adapter/cmake)
[0.830s] -- Found rosidl_generator_cpp: 3.1.7 (/opt/ros/humble/share/rosidl_generator_cpp/cmake)
[0.878s] -- Using all available rosidl_typesupport_c: rosidl_typesupport_fastrtps_c;rosidl_typesupport_introspection_c
[0.925s] -- Using all available rosidl_typesupport_cpp: rosidl_typesupport_fastrtps_cpp;rosidl_typesupport_introspection_cpp
[1.079s] -- Found rmw_implementation_cmake: 6.1.2 (/opt/ros/humble/share/rmw_implementation_cmake/cmake)
[1.087s] -- Found rmw_fastrtps_cpp: 6.2.8 (/opt/ros/humble/share/rmw_fastrtps_cpp/cmake)
[1.315s] -- Found OpenSSL: /usr/lib/x86_64-linux-gnu/libcrypto.so (found version "3.0.2")  
[1.378s] -- Found FastRTPS: /opt/ros/humble/include  
[1.444s] -- Using RMW implementation 'rmw_fastrtps_cpp' as default
[1.473s] -- Looking for pthread.h
[1.628s] -- Looking for pthread.h - found
[1.628s] -- Performing Test CMAKE_HAVE_LIBC_PTHREAD
[1.783s] -- Performing Test CMAKE_HAVE_LIBC_PTHREAD - Success
[1.786s] -- Found Threads: TRUE  
[2.052s] -- Configuring done
[2.080s] -- Generating done
[2.086s] -- Build files have been written to: /home/kraken/snappyNano/src/build/snappy_cpp
[2.100s] Invoked command in '/home/kraken/snappyNano/src/build/snappy_cpp' returned '0': CMAKE_PREFIX_PATH=/opt/ros/humble /usr/bin/cmake /home/kraken/snappyNano/src/snappy_cpp -DCMAKE_INSTALL_PREFIX=/home/kraken/snappyNano/src/install/snappy_cpp
[2.106s] Invoking command in '/home/kraken/snappyNano/src/build/snappy_cpp': CMAKE_PREFIX_PATH=/opt/ros/humble /usr/bin/cmake --build /home/kraken/snappyNano/src/build/snappy_cpp -- -j14 -l14
[2.202s] [ 50%] [32mBuilding CXX object CMakeFiles/helloWorld.dir/src/test.cpp.o[0m
[7.543s] [100%] [32m[1mLinking CXX executable helloWorld[0m
[7.890s] [100%] Built target helloWorld
[7.921s] Invoked command in '/home/kraken/snappyNano/src/build/snappy_cpp' returned '0': CMAKE_PREFIX_PATH=/opt/ros/humble /usr/bin/cmake --build /home/kraken/snappyNano/src/build/snappy_cpp -- -j14 -l14
[7.949s] Invoking command in '/home/kraken/snappyNano/src/build/snappy_cpp': CMAKE_PREFIX_PATH=/opt/ros/humble /usr/bin/cmake --install /home/kraken/snappyNano/src/build/snappy_cpp
[7.961s] -- Install configuration: ""
[7.961s] -- Installing: /home/kraken/snappyNano/src/install/snappy_cpp/lib/snappy_cpp/helloWorld
[7.962s] -- Set runtime path of "/home/kraken/snappyNano/src/install/snappy_cpp/lib/snappy_cpp/helloWorld" to ""
[7.962s] -- Installing: /home/kraken/snappyNano/src/install/snappy_cpp/share/ament_index/resource_index/package_run_dependencies/snappy_cpp
[7.962s] -- Installing: /home/kraken/snappyNano/src/install/snappy_cpp/share/ament_index/resource_index/parent_prefix_path/snappy_cpp
[7.962s] -- Installing: /home/kraken/snappyNano/src/install/snappy_cpp/share/snappy_cpp/environment/ament_prefix_path.sh
[7.963s] -- Installing: /home/kraken/snappyNano/src/install/snappy_cpp/share/snappy_cpp/environment/ament_prefix_path.dsv
[7.963s] -- Installing: /home/kraken/snappyNano/src/install/snappy_cpp/share/snappy_cpp/environment/path.sh
[7.963s] -- Installing: /home/kraken/snappyNano/src/install/snappy_cpp/share/snappy_cpp/environment/path.dsv
[7.963s] -- Installing: /home/kraken/snappyNano/src/install/snappy_cpp/share/snappy_cpp/local_setup.bash
[7.963s] -- Installing: /home/kraken/snappyNano/src/install/snappy_cpp/share/snappy_cpp/local_setup.sh
[7.964s] -- Installing: /home/kraken/snappyNano/src/install/snappy_cpp/share/snappy_cpp/local_setup.zsh
[7.964s] -- Installing: /home/kraken/snappyNano/src/install/snappy_cpp/share/snappy_cpp/local_setup.dsv
[7.964s] -- Installing: /home/kraken/snappyNano/src/install/snappy_cpp/share/snappy_cpp/package.dsv
[7.965s] -- Installing: /home/kraken/snappyNano/src/install/snappy_cpp/share/ament_index/resource_index/packages/snappy_cpp
[7.965s] -- Installing: /home/kraken/snappyNano/src/install/snappy_cpp/share/snappy_cpp/cmake/snappy_cppConfig.cmake
[7.965s] -- Installing: /home/kraken/snappyNano/src/install/snappy_cpp/share/snappy_cpp/cmake/snappy_cppConfig-version.cmake
[7.965s] -- Installing: /home/kraken/snappyNano/src/install/snappy_cpp/share/snappy_cpp/package.xml
[7.967s] Invoked command in '/home/kraken/snappyNano/src/build/snappy_cpp' returned '0': CMAKE_PREFIX_PATH=/opt/ros/humble /usr/bin/cmake --install /home/kraken/snappyNano/src/build/snappy_cpp
