[0.048s] Invoking command in '/home/kraken/snappyNano/src/build/rviz_assimp_vendor': /usr/bin/cmake /home/kraken/snappyNano/src/rviz/rviz_assimp_vendor -DCMAKE_INSTALL_PREFIX=/home/kraken/snappyNano/src/install
[0.162s] -- The C compiler identification is GNU 11.4.0
[0.281s] -- The CXX compiler identification is GNU 11.4.0
[0.292s] -- Detecting C compiler ABI info
[0.412s] -- Detecting C compiler ABI info - done
[0.426s] -- Check for working C compiler: /usr/bin/cc - skipped
[0.426s] -- Detecting C compile features
[0.427s] -- Detecting C compile features - done
[0.433s] -- Detecting CXX compiler ABI info
[0.586s] -- Detecting CXX compiler ABI info - done
[0.595s] -- Check for working CXX compiler: /usr/bin/c++ - skipped
[0.596s] -- Detecting CXX compile features
[0.596s] -- Detecting CXX compile features - done
[0.611s] [31mCMake Error at CMakeLists.txt:4 (find_package):
[0.611s]   By not providing "Findament_cmake.cmake" in CMAKE_MODULE_PATH this project
[0.611s]   has asked CMake to find a package configuration file provided by
[0.611s]   "ament_cmake", but CMake did not find one.
[0.611s] 
[0.611s]   Could not find a package configuration file provided by "ament_cmake" with
[0.611s]   any of the following names:
[0.611s] 
[0.611s]     ament_cmakeConfig.cmake
[0.612s]     ament_cmake-config.cmake
[0.612s] 
[0.612s]   Add the installation prefix of "ament_cmake" to CMAKE_PREFIX_PATH or set
[0.612s]   "ament_cmake_DIR" to a directory containing one of the above files.  If
[0.612s]   "ament_cmake" provides a separate development package or SDK, be sure it
[0.612s]   has been installed.
[0.612s] 
[0.612s] [0m
[0.612s] -- Configuring incomplete, errors occurred!
[0.612s] See also "/home/kraken/snappyNano/src/build/rviz_assimp_vendor/CMakeFiles/CMakeOutput.log".
[0.618s] Invoked command in '/home/kraken/snappyNano/src/build/rviz_assimp_vendor' returned '1': /usr/bin/cmake /home/kraken/snappyNano/src/rviz/rviz_assimp_vendor -DCMAKE_INSTALL_PREFIX=/home/kraken/snappyNano/src/install
