[0.043s] Invoking command in '/home/kraken/snappyNano/src/build/rviz_ogre_vendor': CMAKE_PREFIX_PATH=/opt/ros/humble /usr/bin/cmake /home/kraken/snappyNano/src/rviz/rviz_ogre_vendor -DCMAKE_INSTALL_PREFIX=/home/kraken/snappyNano/src/install/rviz_ogre_vendor
[0.077s] -- Found ament_cmake: 1.3.12 (/opt/ros/humble/share/ament_cmake/cmake)
[0.394s] [31mCMake Error at CMakeLists.txt:5 (find_package):
[0.394s]   By not providing "Findament_cmake_vendor_package.cmake" in
[0.394s]   CMAKE_MODULE_PATH this project has asked CMake to find a package
[0.394s]   configuration file provided by "ament_cmake_vendor_package", but CMake did
[0.394s]   not find one.
[0.394s] 
[0.394s]   Could not find a package configuration file provided by
[0.394s]   "ament_cmake_vendor_package" with any of the following names:
[0.394s] 
[0.394s]     ament_cmake_vendor_packageConfig.cmake
[0.394s]     ament_cmake_vendor_package-config.cmake
[0.395s] 
[0.395s]   Add the installation prefix of "ament_cmake_vendor_package" to
[0.395s]   CMAKE_PREFIX_PATH or set "ament_cmake_vendor_package_DIR" to a directory
[0.395s]   containing one of the above files.  If "ament_cmake_vendor_package"
[0.395s]   provides a separate development package or SDK, be sure it has been
[0.395s]   installed.
[0.395s] 
[0.396s] [0m
[0.396s] -- Configuring incomplete, errors occurred!
[0.396s] See also "/home/kraken/snappyNano/src/build/rviz_ogre_vendor/CMakeFiles/CMakeOutput.log".
