[0.262s] DEBUG:colcon:Command line arguments: ['/usr/bin/colcon', 'build']
[0.262s] DEBUG:colcon:Parsed command line arguments: Namespace(log_base=None, log_level=None, verb_name='build', build_base='build', install_base='install', merge_install=False, symlink_install=False, test_result_base=None, continue_on_error=False, executor='parallel', parallel_workers=14, event_handlers=None, ignore_user_meta=False, metas=['./colcon.meta'], base_paths=['.'], packages_ignore=None, packages_ignore_regex=None, paths=None, packages_up_to=None, packages_up_to_regex=None, packages_above=None, packages_above_and_dependencies=None, packages_above_depth=None, packages_select_by_dep=None, packages_skip_by_dep=None, packages_skip_up_to=None, packages_select_build_failed=False, packages_skip_build_finished=False, packages_select_test_failures=False, packages_skip_test_passed=False, packages_select=None, packages_skip=None, packages_select_regex=None, packages_skip_regex=None, packages_start=None, packages_end=None, allow_overriding=[], cmake_args=None, cmake_target=None, cmake_target_skip_unavailable=False, cmake_clean_cache=False, cmake_clean_first=False, cmake_force_configure=False, ament_cmake_args=None, catkin_cmake_args=None, catkin_skip_building_tests=False, mixin_files=None, mixin=None, verb_parser=<colcon_mixin.mixin.mixin_argument.MixinArgumentDecorator object at 0x723d78f4d570>, verb_extension=<colcon_core.verb.build.BuildVerb object at 0x723d78f4d030>, main=<bound method BuildVerb.main of <colcon_core.verb.build.BuildVerb object at 0x723d78f4d030>>, mixin_verb=('build',))
[0.643s] Level 1:colcon.colcon_core.package_discovery:discover_packages(colcon_meta) check parameters
[0.643s] Level 1:colcon.colcon_core.package_discovery:discover_packages(recursive) check parameters
[0.643s] Level 1:colcon.colcon_core.package_discovery:discover_packages(ignore) check parameters
[0.643s] Level 1:colcon.colcon_core.package_discovery:discover_packages(path) check parameters
[0.643s] Level 1:colcon.colcon_core.package_discovery:discover_packages(colcon_meta) discover
[0.643s] Level 1:colcon.colcon_core.package_discovery:discover_packages(recursive) discover
[0.643s] INFO:colcon.colcon_core.package_discovery:Crawling recursively for packages in '/home/kraken/snappyNano/src'
[0.643s] Level 1:colcon.colcon_core.package_identification:_identify(.) by extensions ['ignore', 'ignore_ament_install']
[0.644s] Level 1:colcon.colcon_core.package_identification:_identify(.) by extension 'ignore'
[0.644s] Level 1:colcon.colcon_core.package_identification:_identify(.) by extension 'ignore_ament_install'
[0.644s] Level 1:colcon.colcon_core.package_identification:_identify(.) by extensions ['colcon_pkg']
[0.644s] Level 1:colcon.colcon_core.package_identification:_identify(.) by extension 'colcon_pkg'
[0.644s] Level 1:colcon.colcon_core.package_identification:_identify(.) by extensions ['colcon_meta']
[0.644s] Level 1:colcon.colcon_core.package_identification:_identify(.) by extension 'colcon_meta'
[0.644s] Level 1:colcon.colcon_core.package_identification:_identify(.) by extensions ['ros']
[0.644s] Level 1:colcon.colcon_core.package_identification:_identify(.) by extension 'ros'
[0.668s] Level 1:colcon.colcon_core.package_identification:_identify(.) by extensions ['cmake', 'python']
[0.668s] Level 1:colcon.colcon_core.package_identification:_identify(.) by extension 'cmake'
[0.668s] Level 1:colcon.colcon_core.package_identification:_identify(.) by extension 'python'
[0.668s] Level 1:colcon.colcon_core.package_identification:_identify(.) by extensions ['python_setup_py']
[0.668s] Level 1:colcon.colcon_core.package_identification:_identify(.) by extension 'python_setup_py'
[0.669s] Level 1:colcon.colcon_core.package_identification:_identify(build) by extensions ['ignore', 'ignore_ament_install']
[0.669s] Level 1:colcon.colcon_core.package_identification:_identify(build) by extension 'ignore'
[0.669s] Level 1:colcon.colcon_core.package_identification:_identify(build) ignored
[0.669s] Level 1:colcon.colcon_core.package_identification:_identify(install) by extensions ['ignore', 'ignore_ament_install']
[0.669s] Level 1:colcon.colcon_core.package_identification:_identify(install) by extension 'ignore'
[0.669s] Level 1:colcon.colcon_core.package_identification:_identify(install) ignored
[0.670s] Level 1:colcon.colcon_core.package_identification:_identify(log) by extensions ['ignore', 'ignore_ament_install']
[0.670s] Level 1:colcon.colcon_core.package_identification:_identify(log) by extension 'ignore'
[0.670s] Level 1:colcon.colcon_core.package_identification:_identify(log) ignored
[0.671s] Level 1:colcon.colcon_core.package_identification:_identify(snappy_cpp) by extensions ['ignore', 'ignore_ament_install']
[0.671s] Level 1:colcon.colcon_core.package_identification:_identify(snappy_cpp) by extension 'ignore'
[0.671s] Level 1:colcon.colcon_core.package_identification:_identify(snappy_cpp) by extension 'ignore_ament_install'
[0.671s] Level 1:colcon.colcon_core.package_identification:_identify(snappy_cpp) by extensions ['colcon_pkg']
[0.671s] Level 1:colcon.colcon_core.package_identification:_identify(snappy_cpp) by extension 'colcon_pkg'
[0.671s] Level 1:colcon.colcon_core.package_identification:_identify(snappy_cpp) by extensions ['colcon_meta']
[0.672s] Level 1:colcon.colcon_core.package_identification:_identify(snappy_cpp) by extension 'colcon_meta'
[0.672s] Level 1:colcon.colcon_core.package_identification:_identify(snappy_cpp) by extensions ['ros']
[0.672s] Level 1:colcon.colcon_core.package_identification:_identify(snappy_cpp) by extension 'ros'
[0.680s] DEBUG:colcon.colcon_core.package_identification:Package 'snappy_cpp' with type 'ros.ament_cmake' and name 'snappy_cpp'
[0.680s] Level 1:colcon.colcon_core.package_discovery:discover_packages(recursive) using defaults
[0.680s] Level 1:colcon.colcon_core.package_discovery:discover_packages(ignore) discover
[0.680s] Level 1:colcon.colcon_core.package_discovery:discover_packages(ignore) using defaults
[0.680s] Level 1:colcon.colcon_core.package_discovery:discover_packages(path) discover
[0.681s] Level 1:colcon.colcon_core.package_discovery:discover_packages(path) using defaults
[0.762s] Level 1:colcon.colcon_core.package_discovery:discover_packages(prefix_path) check parameters
[0.763s] Level 1:colcon.colcon_core.package_discovery:discover_packages(prefix_path) discover
[0.772s] DEBUG:colcon.colcon_installed_package_information.package_discovery:Found 288 installed packages in /opt/ros/humble
[0.774s] Level 1:colcon.colcon_core.package_discovery:discover_packages(prefix_path) using defaults
[0.831s] Level 5:colcon.colcon_core.verb:set package 'snappy_cpp' build argument 'cmake_args' from command line to 'None'
[0.831s] Level 5:colcon.colcon_core.verb:set package 'snappy_cpp' build argument 'cmake_target' from command line to 'None'
[0.831s] Level 5:colcon.colcon_core.verb:set package 'snappy_cpp' build argument 'cmake_target_skip_unavailable' from command line to 'False'
[0.831s] Level 5:colcon.colcon_core.verb:set package 'snappy_cpp' build argument 'cmake_clean_cache' from command line to 'False'
[0.831s] Level 5:colcon.colcon_core.verb:set package 'snappy_cpp' build argument 'cmake_clean_first' from command line to 'False'
[0.831s] Level 5:colcon.colcon_core.verb:set package 'snappy_cpp' build argument 'cmake_force_configure' from command line to 'False'
[0.831s] Level 5:colcon.colcon_core.verb:set package 'snappy_cpp' build argument 'ament_cmake_args' from command line to 'None'
[0.831s] Level 5:colcon.colcon_core.verb:set package 'snappy_cpp' build argument 'catkin_cmake_args' from command line to 'None'
[0.832s] Level 5:colcon.colcon_core.verb:set package 'snappy_cpp' build argument 'catkin_skip_building_tests' from command line to 'False'
[0.832s] DEBUG:colcon.colcon_core.verb:Building package 'snappy_cpp' with the following arguments: {'ament_cmake_args': None, 'build_base': '/home/kraken/snappyNano/src/build/snappy_cpp', 'catkin_cmake_args': None, 'catkin_skip_building_tests': False, 'cmake_args': None, 'cmake_clean_cache': False, 'cmake_clean_first': False, 'cmake_force_configure': False, 'cmake_target': None, 'cmake_target_skip_unavailable': False, 'install_base': '/home/kraken/snappyNano/src/install/snappy_cpp', 'merge_install': False, 'path': '/home/kraken/snappyNano/src/snappy_cpp', 'symlink_install': False, 'test_result_base': None}
[0.832s] INFO:colcon.colcon_core.executor:Executing jobs using 'parallel' executor
[0.834s] DEBUG:colcon.colcon_parallel_executor.executor.parallel:run_until_complete
[0.834s] INFO:colcon.colcon_ros.task.ament_cmake.build:Building ROS package in '/home/kraken/snappyNano/src/snappy_cpp' with build type 'ament_cmake'
[0.834s] INFO:colcon.colcon_cmake.task.cmake.build:Building CMake package in '/home/kraken/snappyNano/src/snappy_cpp'
[0.840s] INFO:colcon.colcon_core.plugin_system:Skipping extension 'colcon_core.shell.bat': Not used on non-Windows systems
[0.841s] INFO:colcon.colcon_core.shell:Skip shell extension 'powershell' for command environment: Not usable outside of PowerShell
[0.841s] DEBUG:colcon.colcon_core.shell:Skip shell extension 'dsv' for command environment
[0.857s] DEBUG:colcon.colcon_core.event_handler.log_command:Invoking command in '/home/kraken/snappyNano/src/build/snappy_cpp': CMAKE_PREFIX_PATH=/opt/ros/humble /usr/bin/cmake /home/kraken/snappyNano/src/snappy_cpp -DCMAKE_INSTALL_PREFIX=/home/kraken/snappyNano/src/install/snappy_cpp
[2.026s] DEBUG:colcon.colcon_core.event_handler.log_command:Invoked command in '/home/kraken/snappyNano/src/build/snappy_cpp' returned '0': CMAKE_PREFIX_PATH=/opt/ros/humble /usr/bin/cmake /home/kraken/snappyNano/src/snappy_cpp -DCMAKE_INSTALL_PREFIX=/home/kraken/snappyNano/src/install/snappy_cpp
[2.031s] DEBUG:colcon.colcon_core.event_handler.log_command:Invoking command in '/home/kraken/snappyNano/src/build/snappy_cpp': CMAKE_PREFIX_PATH=/opt/ros/humble /usr/bin/cmake --build /home/kraken/snappyNano/src/build/snappy_cpp -- -j14 -l14
[2.173s] DEBUG:colcon.colcon_core.event_handler.log_command:Invoked command in '/home/kraken/snappyNano/src/build/snappy_cpp' returned '0': CMAKE_PREFIX_PATH=/opt/ros/humble /usr/bin/cmake --build /home/kraken/snappyNano/src/build/snappy_cpp -- -j14 -l14
[2.197s] DEBUG:colcon.colcon_core.event_handler.log_command:Invoking command in '/home/kraken/snappyNano/src/build/snappy_cpp': CMAKE_PREFIX_PATH=/opt/ros/humble /usr/bin/cmake --install /home/kraken/snappyNano/src/build/snappy_cpp
[2.493s] Level 1:colcon.colcon_core.environment:create_environment_scripts_only(snappy_cpp)
[2.494s] DEBUG:colcon.colcon_core.event_handler.log_command:Invoked command in '/home/kraken/snappyNano/src/build/snappy_cpp' returned '0': CMAKE_PREFIX_PATH=/opt/ros/humble /usr/bin/cmake --install /home/kraken/snappyNano/src/build/snappy_cpp
[2.500s] Level 1:colcon.colcon_core.environment:checking '/home/kraken/snappyNano/src/install/snappy_cpp' for CMake module files
[2.501s] Level 1:colcon.colcon_core.environment:checking '/home/kraken/snappyNano/src/install/snappy_cpp' for CMake config files
[2.502s] Level 1:colcon.colcon_core.shell:create_environment_hook('snappy_cpp', 'cmake_prefix_path')
[2.502s] INFO:colcon.colcon_core.shell:Creating environment hook '/home/kraken/snappyNano/src/install/snappy_cpp/share/snappy_cpp/hook/cmake_prefix_path.ps1'
[2.503s] INFO:colcon.colcon_core.shell:Creating environment descriptor '/home/kraken/snappyNano/src/install/snappy_cpp/share/snappy_cpp/hook/cmake_prefix_path.dsv'
[2.504s] INFO:colcon.colcon_core.shell:Creating environment hook '/home/kraken/snappyNano/src/install/snappy_cpp/share/snappy_cpp/hook/cmake_prefix_path.sh'
[2.506s] Level 1:colcon.colcon_core.environment:checking '/home/kraken/snappyNano/src/install/snappy_cpp/lib'
[2.506s] Level 1:colcon.colcon_core.environment:checking '/home/kraken/snappyNano/src/install/snappy_cpp/bin'
[2.506s] Level 1:colcon.colcon_core.environment:checking '/home/kraken/snappyNano/src/install/snappy_cpp/lib/pkgconfig/snappy_cpp.pc'
[2.507s] Level 1:colcon.colcon_core.environment:checking '/home/kraken/snappyNano/src/install/snappy_cpp/lib/python3.10/site-packages'
[2.507s] Level 1:colcon.colcon_core.environment:checking '/home/kraken/snappyNano/src/install/snappy_cpp/bin'
[2.508s] INFO:colcon.colcon_core.shell:Creating package script '/home/kraken/snappyNano/src/install/snappy_cpp/share/snappy_cpp/package.ps1'
[2.510s] INFO:colcon.colcon_core.shell:Creating package descriptor '/home/kraken/snappyNano/src/install/snappy_cpp/share/snappy_cpp/package.dsv'
[2.512s] INFO:colcon.colcon_core.shell:Creating package script '/home/kraken/snappyNano/src/install/snappy_cpp/share/snappy_cpp/package.sh'
[2.515s] INFO:colcon.colcon_core.shell:Creating package script '/home/kraken/snappyNano/src/install/snappy_cpp/share/snappy_cpp/package.bash'
[2.517s] INFO:colcon.colcon_core.shell:Creating package script '/home/kraken/snappyNano/src/install/snappy_cpp/share/snappy_cpp/package.zsh'
[2.519s] Level 1:colcon.colcon_core.environment:create_file_with_runtime_dependencies(/home/kraken/snappyNano/src/install/snappy_cpp/share/colcon-core/packages/snappy_cpp)
[2.521s] Level 1:colcon.colcon_core.environment:create_environment_scripts_only(snappy_cpp)
[2.521s] Level 1:colcon.colcon_core.environment:checking '/home/kraken/snappyNano/src/install/snappy_cpp' for CMake module files
[2.522s] Level 1:colcon.colcon_core.environment:checking '/home/kraken/snappyNano/src/install/snappy_cpp' for CMake config files
[2.522s] Level 1:colcon.colcon_core.shell:create_environment_hook('snappy_cpp', 'cmake_prefix_path')
[2.522s] INFO:colcon.colcon_core.shell:Creating environment hook '/home/kraken/snappyNano/src/install/snappy_cpp/share/snappy_cpp/hook/cmake_prefix_path.ps1'
[2.523s] INFO:colcon.colcon_core.shell:Creating environment descriptor '/home/kraken/snappyNano/src/install/snappy_cpp/share/snappy_cpp/hook/cmake_prefix_path.dsv'
[2.523s] INFO:colcon.colcon_core.shell:Creating environment hook '/home/kraken/snappyNano/src/install/snappy_cpp/share/snappy_cpp/hook/cmake_prefix_path.sh'
[2.524s] Level 1:colcon.colcon_core.environment:checking '/home/kraken/snappyNano/src/install/snappy_cpp/lib'
[2.524s] Level 1:colcon.colcon_core.environment:checking '/home/kraken/snappyNano/src/install/snappy_cpp/bin'
[2.524s] Level 1:colcon.colcon_core.environment:checking '/home/kraken/snappyNano/src/install/snappy_cpp/lib/pkgconfig/snappy_cpp.pc'
[2.525s] Level 1:colcon.colcon_core.environment:checking '/home/kraken/snappyNano/src/install/snappy_cpp/lib/python3.10/site-packages'
[2.525s] Level 1:colcon.colcon_core.environment:checking '/home/kraken/snappyNano/src/install/snappy_cpp/bin'
[2.525s] INFO:colcon.colcon_core.shell:Creating package script '/home/kraken/snappyNano/src/install/snappy_cpp/share/snappy_cpp/package.ps1'
[2.526s] INFO:colcon.colcon_core.shell:Creating package descriptor '/home/kraken/snappyNano/src/install/snappy_cpp/share/snappy_cpp/package.dsv'
[2.527s] INFO:colcon.colcon_core.shell:Creating package script '/home/kraken/snappyNano/src/install/snappy_cpp/share/snappy_cpp/package.sh'
[2.527s] INFO:colcon.colcon_core.shell:Creating package script '/home/kraken/snappyNano/src/install/snappy_cpp/share/snappy_cpp/package.bash'
[2.528s] INFO:colcon.colcon_core.shell:Creating package script '/home/kraken/snappyNano/src/install/snappy_cpp/share/snappy_cpp/package.zsh'
[2.528s] Level 1:colcon.colcon_core.environment:create_file_with_runtime_dependencies(/home/kraken/snappyNano/src/install/snappy_cpp/share/colcon-core/packages/snappy_cpp)
[2.529s] DEBUG:colcon.colcon_parallel_executor.executor.parallel:closing loop
[2.529s] DEBUG:colcon.colcon_parallel_executor.executor.parallel:loop closed
[2.529s] DEBUG:colcon.colcon_parallel_executor.executor.parallel:run_until_complete finished with '0'
[2.529s] DEBUG:colcon.colcon_core.event_reactor:joining thread
[2.539s] INFO:colcon.colcon_core.plugin_system:Skipping extension 'colcon_notification.desktop_notification.terminal_notifier': Not used on non-Darwin systems
[2.539s] INFO:colcon.colcon_core.plugin_system:Skipping extension 'colcon_notification.desktop_notification.win32': Not used on non-Windows systems
[2.539s] INFO:colcon.colcon_notification.desktop_notification:Sending desktop notification using 'notify2'
[2.571s] DEBUG:colcon.colcon_core.event_reactor:joined thread
[2.572s] INFO:colcon.colcon_core.shell:Creating prefix script '/home/kraken/snappyNano/src/install/local_setup.ps1'
[2.574s] INFO:colcon.colcon_core.shell:Creating prefix util module '/home/kraken/snappyNano/src/install/_local_setup_util_ps1.py'
[2.578s] INFO:colcon.colcon_core.shell:Creating prefix chain script '/home/kraken/snappyNano/src/install/setup.ps1'
[2.580s] INFO:colcon.colcon_core.shell:Creating prefix script '/home/kraken/snappyNano/src/install/local_setup.sh'
[2.582s] INFO:colcon.colcon_core.shell:Creating prefix util module '/home/kraken/snappyNano/src/install/_local_setup_util_sh.py'
[2.583s] INFO:colcon.colcon_core.shell:Creating prefix chain script '/home/kraken/snappyNano/src/install/setup.sh'
[2.586s] INFO:colcon.colcon_core.shell:Creating prefix script '/home/kraken/snappyNano/src/install/local_setup.bash'
[2.587s] INFO:colcon.colcon_core.shell:Creating prefix chain script '/home/kraken/snappyNano/src/install/setup.bash'
[2.589s] INFO:colcon.colcon_core.shell:Creating prefix script '/home/kraken/snappyNano/src/install/local_setup.zsh'
[2.590s] INFO:colcon.colcon_core.shell:Creating prefix chain script '/home/kraken/snappyNano/src/install/setup.zsh'
